-1->
Roll remain 49
after malloc
length remain 49

0, 1, 2, 3, 4, 5, 6, 7, 8, 9, 
10, 11, 12, 13, 14, 15, 16, 17, 18, 19, 
20, 21, 22, 23, 24, 25, 26, 27, 28, 29, 
30, 31, 32, 33, 34, 35, 36, 37, 38, 39, 
40, 41, 42, 43, 44, 45, 46, 47, 48, 
Roll for -1
Combined Q: 
select for id -1
select move 6 with combinedQ 1.000000
select move
MC Move 6 
-1->6->
dummy mov 10 
-1->6->
Roll remain 47
after malloc
length remain 48

0, 1, 2, 3, 4, 5, 7, 8, 9, 10, 
11, 12, 13, 14, 15, 16, 17, 18, 19, 20, 
21, 22, 23, 24, 25, 26, 27, 28, 29, 30, 
31, 32, 33, 34, 35, 36, 37, 38, 39, 40, 
41, 42, 43, 44, 45, 46, 47, 
Roll for 6
Combined Q: 
select for id 6
select move 7 with combinedQ 1.000000
select move
MC Move 7 
-1->6->7->
dummy mov 26 
-1->6->7->
Roll remain 45
after malloc
length remain 47

0, 1, 2, 3, 4, 5, 8, 9, 10, 11, 
12, 13, 14, 15, 16, 17, 18, 19, 20, 21, 
22, 23, 24, 25, 26, 27, 28, 29, 30, 31, 
32, 33, 34, 35, 36, 37, 38, 39, 40, 41, 
42, 43, 44, 45, 46, 
Roll for 7
Combined Q: 
select for id 7
select move 8 with combinedQ 1.000000
select move
MC Move 8 
-1->6->7->8->
dummy mov 42 
-1->6->7->8->
Roll remain 43
after malloc
length remain 46

0, 1, 2, 3, 4, 5, 9, 10, 11, 12, 
13, 14, 15, 16, 17, 18, 19, 20, 21, 22, 
23, 24, 25, 26, 27, 28, 29, 30, 31, 32, 
33, 34, 35, 36, 37, 38, 39, 40, 41, 42, 
43, 44, 45, 
Roll for 8
Combined Q: 
select for id 8
select move 0 with combinedQ 0.000000
select move
MC Move 0 
-1->6->7->8->0->
dummy mov 36 
-1->6->7->8->0->
Roll remain 41
after malloc
length remain 45

1, 2, 3, 4, 5, 9, 10, 11, 12, 13, 
14, 15, 16, 17, 18, 19, 20, 21, 22, 23, 
24, 25, 26, 27, 28, 29, 30, 31, 32, 33, 
34, 35, 36, 37, 38, 39, 40, 41, 42, 43, 
44, 
Roll for 0
Combined Q: 
select for id 0
select move 1 with combinedQ 0.000000
select move
MC Move 1 
-1->6->7->8->0->1->
dummy mov 26 
-1->6->7->8->0->1->
Roll remain 39
after malloc
length remain 44

2, 3, 4, 5, 9, 10, 11, 12, 13, 14, 
15, 16, 17, 18, 19, 20, 21, 22, 23, 24, 
25, 26, 27, 28, 29, 30, 31, 32, 33, 34, 
35, 36, 37, 38, 39, 40, 41, 42, 43, 
Roll for 1
Combined Q: 
select for id 1
select move 2 with combinedQ 0.000000
select move
MC Move 2 
-1->6->7->8->0->1->2->
dummy mov 12 
-1->6->7->8->0->1->2->
Roll remain 37
after malloc
length remain 43

3, 4, 5, 9, 10, 11, 12, 13, 14, 15, 
16, 17, 18, 19, 20, 21, 22, 23, 24, 25, 
26, 27, 28, 29, 30, 31, 32, 33, 34, 35, 
36, 37, 38, 39, 40, 41, 42, 
Roll for 2
Combined Q: 
select for id 2
select move 3 with combinedQ 0.000000
select move
MC Move 3 
-1->6->7->8->0->1->2->3->
dummy mov 41 
-1->6->7->8->0->1->2->3->
Roll remain 35
after malloc
length remain 42

4, 5, 9, 10, 11, 12, 13, 14, 15, 16, 
17, 18, 19, 20, 21, 22, 23, 24, 25, 26, 
27, 28, 29, 30, 31, 32, 33, 34, 35, 36, 
37, 38, 39, 40, 41, 
Roll for 3
Combined Q: 
select for id 3
select move 4 with combinedQ 0.000000
select move
MC Move 4 
-1->6->7->8->0->1->2->3->4->
dummy mov 20 
-1->6->7->8->0->1->2->3->4->
Roll remain 33
after malloc
length remain 41

5, 9, 10, 11, 12, 13, 14, 15, 16, 17, 
18, 19, 20, 21, 22, 23, 24, 25, 26, 27, 
28, 29, 30, 31, 32, 33, 34, 35, 36, 37, 
38, 39, 40, 
Roll for 4
Combined Q: 
select for id 4
select move 5 with combinedQ 0.000000
select move
MC Move 5 
-1->6->7->8->0->1->2->3->4->5->
dummy mov 10 
-1->6->7->8->0->1->2->3->4->5->
Roll remain 31
after malloc
length remain 40

9, 10, 11, 12, 13, 14, 15, 16, 17, 18, 
19, 20, 21, 22, 23, 24, 25, 26, 27, 28, 
29, 30, 31, 32, 33, 34, 35, 36, 37, 38, 
39, 
Roll for 5
Combined Q: 
select for id 5
select move 9 with combinedQ 0.000000
select move
MC Move 9 
-1->6->7->8->0->1->2->3->4->5->9->
dummy mov 35 
-1->6->7->8->0->1->2->3->4->5->9->
Roll remain 29
after malloc
length remain 39

10, 11, 12, 13, 14, 15, 16, 17, 18, 19, 
20, 21, 22, 23, 24, 25, 26, 27, 28, 29, 
30, 31, 32, 33, 34, 35, 36, 37, 38, 
Roll for 9
Combined Q: 
select for id 9
select move 10 with combinedQ 0.000000
select move
MC Move 10 
-1->6->7->8->0->1->2->3->4->5->9->10->
dummy mov 35 
-1->6->7->8->0->1->2->3->4->5->9->10->
Roll remain 27
after malloc
length remain 38

11, 12, 13, 14, 15, 16, 17, 18, 19, 20, 
21, 22, 23, 24, 25, 26, 27, 28, 29, 30, 
31, 32, 33, 34, 35, 36, 37, 
Roll for 10
Combined Q: 
select for id 10
select move 11 with combinedQ 0.000000
select move
MC Move 11 
-1->6->7->8->0->1->2->3->4->5->9->10->11->
dummy mov 26 
-1->6->7->8->0->1->2->3->4->5->9->10->11->
Roll remain 25
after malloc
length remain 37

12, 13, 14, 15, 16, 17, 18, 19, 20, 21, 
22, 23, 24, 25, 26, 27, 28, 29, 30, 31, 
32, 33, 34, 35, 36, 
Roll for 11
Combined Q: 
select for id 11
select move 12 with combinedQ 0.000000
select move
MC Move 12 
-1->6->7->8->0->1->2->3->4->5->9->10->11->12->
dummy mov 29 
-1->6->7->8->0->1->2->3->4->5->9->10->11->12->
Roll remain 23
after malloc
length remain 36

13, 14, 15, 16, 17, 18, 19, 20, 21, 22, 
23, 24, 25, 26, 27, 28, 29, 30, 31, 32, 
33, 34, 35, 
Roll for 12
Combined Q: 
select for id 12
select move 13 with combinedQ 0.000000
select move
MC Move 13 
-1->6->7->8->0->1->2->3->4->5->9->10->11->12->13->
dummy mov 20 
-1->6->7->8->0->1->2->3->4->5->9->10->11->12->13->
Roll remain 21
after malloc
length remain 35

14, 15, 16, 17, 18, 19, 20, 21, 22, 23, 
24, 25, 26, 27, 28, 29, 30, 31, 32, 33, 
34, 
Roll for 13
Combined Q: 
select for id 13
select move 14 with combinedQ 0.000000
select move
MC Move 14 
-1->6->7->8->0->1->2->3->4->5->9->10->11->12->13->14->
dummy mov 33 
-1->6->7->8->0->1->2->3->4->5->9->10->11->12->13->14->
Roll remain 19
after malloc
length remain 34

15, 16, 17, 18, 19, 20, 21, 22, 23, 24, 
25, 26, 27, 28, 29, 30, 31, 32, 33, 
Roll for 14
Combined Q: 
select for id 14
select move 15 with combinedQ 0.000000
select move
MC Move 15 
-1->6->7->8->0->1->2->3->4->5->9->10->11->12->13->14->15->
dummy mov 31 
-1->6->7->8->0->1->2->3->4->5->9->10->11->12->13->14->15->
Roll remain 17
after malloc
length remain 33

16, 17, 18, 19, 20, 21, 22, 23, 24, 25, 
26, 27, 28, 29, 30, 31, 32, 
Roll for 15
Combined Q: 
select for id 15
select move 16 with combinedQ 0.000000
select move
MC Move 16 
-1->6->7->8->0->1->2->3->4->5->9->10->11->12->13->14->15->16->
dummy mov 26 
-1->6->7->8->0->1->2->3->4->5->9->10->11->12->13->14->15->16->
Roll remain 15
after malloc
length remain 32

17, 18, 19, 20, 21, 22, 23, 24, 25, 26, 
27, 28, 29, 30, 31, 
Roll for 16
Combined Q: 
select for id 16
select move 17 with combinedQ 0.000000
select move
MC Move 17 
-1->6->7->8->0->1->2->3->4->5->9->10->11->12->13->14->15->16->17->
dummy mov 26 
-1->6->7->8->0->1->2->3->4->5->9->10->11->12->13->14->15->16->17->
Roll remain 13
after malloc
length remain 31

18, 19, 20, 21, 22, 23, 24, 25, 26, 27, 
28, 29, 30, 
Roll for 17
Combined Q: 
select for id 17
select move 18 with combinedQ 0.000000
select move
MC Move 18 
-1->6->7->8->0->1->2->3->4->5->9->10->11->12->13->14->15->16->17->18->
dummy mov 20 
-1->6->7->8->0->1->2->3->4->5->9->10->11->12->13->14->15->16->17->18->
Roll remain 11
after malloc
length remain 30

19, 20, 21, 22, 23, 24, 25, 26, 27, 28, 
29, 
Roll for 18
Combined Q: 
select for id 18
select move 19 with combinedQ 0.000000
select move
MC Move 19 
-1->6->7->8->0->1->2->3->4->5->9->10->11->12->13->14->15->16->17->18->19->
dummy mov 26 
-1->6->7->8->0->1->2->3->4->5->9->10->11->12->13->14->15->16->17->18->19->
Roll remain 9
after malloc
length remain 29

20, 21, 22, 23, 24, 25, 26, 27, 28, 
Roll for 19
Combined Q: 
select for id 19
select move 20 with combinedQ 0.000000
select move
MC Move 20 
-1->6->7->8->0->1->2->3->4->5->9->10->11->12->13->14->15->16->17->18->19->20->
dummy mov 27 
-1->6->7->8->0->1->2->3->4->5->9->10->11->12->13->14->15->16->17->18->19->20->
Roll remain 7
after malloc
length remain 28

21, 22, 23, 24, 25, 26, 27, 
Roll for 20
Combined Q: 
select for id 20
select move 21 with combinedQ 0.000000
select move
MC Move 21 
-1->6->7->8->0->1->2->3->4->5->9->10->11->12->13->14->15->16->17->18->19->20->21->
dummy mov 26 
-1->6->7->8->0->1->2->3->4->5->9->10->11->12->13->14->15->16->17->18->19->20->21->
Roll remain 5
after malloc
length remain 27

22, 23, 24, 25, 26, 
Roll for 21
Combined Q: 
select for id 21
select move 22 with combinedQ 0.000000
select move
MC Move 22 
-1->6->7->8->0->1->2->3->4->5->9->10->11->12->13->14->15->16->17->18->19->20->21->22->
dummy mov 23 
-1->6->7->8->0->1->2->3->4->5->9->10->11->12->13->14->15->16->17->18->19->20->21->22->
Roll remain 3
after malloc
length remain 26

23, 24, 25, 
Roll for 22
Combined Q: 
select for id 22
select move 23 with combinedQ 0.000000
select move
MC Move 23 
-1->6->7->8->0->1->2->3->4->5->9->10->11->12->13->14->15->16->17->18->19->20->21->22->23->
dummy mov 24 
-1->6->7->8->0->1->2->3->4->5->9->10->11->12->13->14->15->16->17->18->19->20->21->22->23->
MC Move 24 
-1->6->7->8->0->1->2->3->4->5->9->10->11->12->13->14->15->16->17->18->19->20->21->22->23->
1	1	1	1	1	1	1	-----------------
1	1	1	1	1	1	1	-----------------
1	1	1	1	1	1	1	-----------------
1	1	1	-1	-1	-1	-1	-----------------
-1	-1	-1	-1	-1	-1	-1	-----------------
-1	-1	-1	-1	-1	-1	-1	-----------------
-1	-1	-1	-1	-1	-1	-1	-----------------
win?  -1
count 0
-1->
Roll remain 49
after malloc
length remain 49

0, 1, 2, 3, 4, 5, 6, 7, 8, 9, 
10, 11, 12, 13, 14, 15, 16, 17, 18, 19, 
20, 21, 22, 23, 24, 25, 26, 27, 28, 29, 
30, 31, 32, 33, 34, 35, 36, 37, 38, 39, 
40, 41, 42, 43, 44, 45, 46, 47, 48, 
Roll for -1
Combined Q: 
select for id -1
select move 46 with combinedQ 0.999040
select move
MC Move 46 
-1->46->
dummy mov 9 
-1->46->
Roll remain 47
after malloc
length remain 48

0, 1, 2, 3, 4, 5, 6, 7, 8, 9, 
10, 11, 12, 13, 14, 15, 16, 17, 18, 19, 
20, 21, 22, 23, 24, 25, 26, 27, 28, 29, 
30, 31, 32, 33, 34, 35, 36, 37, 38, 39, 
40, 41, 42, 43, 44, 45, 47, 
Roll for 46
Combined Q: 
select for id 46
select move 6 with combinedQ 1.000000
select move
MC Move 6 
-1->46->6->
dummy mov 25 
-1->46->6->
Roll remain 45
after malloc
length remain 47

0, 1, 2, 3, 4, 5, 7, 8, 9, 10, 
11, 12, 13, 14, 15, 16, 17, 18, 19, 20, 
21, 22, 23, 24, 25, 26, 27, 28, 29, 30, 
31, 32, 33, 34, 35, 36, 37, 38, 39, 40, 
41, 42, 43, 44, 45, 
Roll for 6
Combined Q: 
select for id 6
select move 47 with combinedQ 0.998943
select move
MC Move 47 
-1->46->6->47->
dummy mov 40 
-1->46->6->47->
Roll remain 43
after malloc
length remain 46

0, 1, 2, 3, 4, 5, 7, 8, 9, 10, 
11, 12, 13, 14, 15, 16, 17, 18, 19, 20, 
21, 22, 23, 24, 25, 26, 27, 28, 29, 30, 
31, 32, 33, 34, 35, 36, 37, 38, 39, 40, 
41, 42, 43, 
Roll for 47
Combined Q: 
select for id 47
select move 7 with combinedQ 1.000000
select move
MC Move 7 
-1->46->6->47->7->
dummy mov 34 
-1->46->6->47->7->
Roll remain 41
after malloc
length remain 45

0, 1, 2, 3, 4, 5, 8, 9, 10, 11, 
12, 13, 14, 15, 16, 17, 18, 19, 20, 21, 
22, 23, 24, 25, 26, 27, 28, 29, 30, 31, 
32, 33, 34, 35, 36, 37, 38, 39, 40, 41, 
42, 
Roll for 7
Combined Q: 
select for id 7
select move 42 with combinedQ 0.399542
select move
MC Move 42 
-1->46->6->47->7->42->
dummy mov 23 
-1->46->6->47->7->42->
Roll remain 39
after malloc
length remain 44

0, 1, 2, 3, 4, 5, 8, 9, 10, 11, 
12, 13, 14, 15, 16, 17, 18, 19, 20, 21, 
22, 23, 24, 25, 26, 27, 28, 29, 30, 31, 
32, 33, 34, 35, 36, 37, 38, 39, 40, 
Roll for 42
Combined Q: 
select for id 42
select move 8 with combinedQ 1.000000
select move
MC Move 8 
-1->46->6->47->7->42->8->
dummy mov 9 
-1->46->6->47->7->42->8->
Roll remain 37
after malloc
length remain 43

0, 1, 2, 3, 4, 5, 9, 10, 11, 12, 
13, 14, 15, 16, 17, 18, 19, 20, 21, 22, 
23, 24, 25, 26, 27, 28, 29, 30, 31, 32, 
33, 34, 35, 36, 37, 38, 39, 
Roll for 8
Combined Q: 
select for id 8
select move 0 with combinedQ 0.000000
select move
MC Move 0 
-1->46->6->47->7->42->8->0->
dummy mov 38 
-1->46->6->47->7->42->8->0->
Roll remain 35
after malloc
length remain 42

1, 2, 3, 4, 5, 9, 10, 11, 12, 13, 
14, 15, 16, 17, 18, 19, 20, 21, 22, 23, 
24, 25, 26, 27, 28, 29, 30, 31, 32, 33, 
34, 35, 36, 37, 38, 
Roll for 0
Combined Q: 
select for id 0
select move 1 with combinedQ 0.000000
select move
MC Move 1 
-1->46->6->47->7->42->8->0->1->
dummy mov 17 
-1->46->6->47->7->42->8->0->1->
Roll remain 33
after malloc
length remain 41

2, 3, 4, 5, 9, 10, 11, 12, 13, 14, 
15, 16, 17, 18, 19, 20, 21, 22, 23, 24, 
25, 26, 27, 28, 29, 30, 31, 32, 33, 34, 
35, 36, 37, 
Roll for 1
Combined Q: 
select for id 1
select move 2 with combinedQ 0.000000
select move
MC Move 2 
-1->46->6->47->7->42->8->0->1->2->
dummy mov 4 
-1->46->6->47->7->42->8->0->1->2->
Roll remain 31
after malloc
length remain 40

3, 4, 5, 9, 10, 11, 12, 13, 14, 15, 
16, 17, 18, 19, 20, 21, 22, 23, 24, 25, 
26, 27, 28, 29, 30, 31, 32, 33, 34, 35, 
36, 
Roll for 2
Combined Q: 
select for id 2
select move 3 with combinedQ 0.000000
select move
MC Move 3 
-1->46->6->47->7->42->8->0->1->2->3->
dummy mov 32 
-1->46->6->47->7->42->8->0->1->2->3->
Roll remain 29
after malloc
length remain 39

4, 5, 9, 10, 11, 12, 13, 14, 15, 16, 
17, 18, 19, 20, 21, 22, 23, 24, 25, 26, 
27, 28, 29, 30, 31, 32, 33, 34, 35, 
Roll for 3
Combined Q: 
select for id 3
select move 4 with combinedQ 0.000000
select move
MC Move 4 
-1->46->6->47->7->42->8->0->1->2->3->4->
dummy mov 32 
-1->46->6->47->7->42->8->0->1->2->3->4->
Roll remain 27
after malloc
length remain 38

5, 9, 10, 11, 12, 13, 14, 15, 16, 17, 
18, 19, 20, 21, 22, 23, 24, 25, 26, 27, 
28, 29, 30, 31, 32, 33, 34, 
Roll for 4
Combined Q: 
select for id 4
select move 5 with combinedQ 0.000000
select move
MC Move 5 
-1->46->6->47->7->42->8->0->1->2->3->4->5->
dummy mov 23 
-1->46->6->47->7->42->8->0->1->2->3->4->5->
Roll remain 25
after malloc
length remain 37

9, 10, 11, 12, 13, 14, 15, 16, 17, 18, 
19, 20, 21, 22, 23, 24, 25, 26, 27, 28, 
29, 30, 31, 32, 33, 
Roll for 5
Combined Q: 
select for id 5
select move 9 with combinedQ 0.000000
select move
MC Move 9 
-1->46->6->47->7->42->8->0->1->2->3->4->5->9->
dummy mov 26 
-1->46->6->47->7->42->8->0->1->2->3->4->5->9->
Roll remain 23
after malloc
length remain 36

10, 11, 12, 13, 14, 15, 16, 17, 18, 19, 
20, 21, 22, 23, 24, 25, 26, 27, 28, 29, 
30, 31, 32, 
Roll for 9
Combined Q: 
select for id 9
select move 10 with combinedQ 0.000000
select move
MC Move 10 
-1->46->6->47->7->42->8->0->1->2->3->4->5->9->10->
dummy mov 17 
-1->46->6->47->7->42->8->0->1->2->3->4->5->9->10->
Roll remain 21
after malloc
length remain 35

11, 12, 13, 14, 15, 16, 17, 18, 19, 20, 
21, 22, 23, 24, 25, 26, 27, 28, 29, 30, 
31, 
Roll for 10
Combined Q: 
select for id 10
select move 11 with combinedQ 0.000000
select move
MC Move 11 
-1->46->6->47->7->42->8->0->1->2->3->4->5->9->10->11->
dummy mov 30 
-1->46->6->47->7->42->8->0->1->2->3->4->5->9->10->11->
Roll remain 19
after malloc
length remain 34

12, 13, 14, 15, 16, 17, 18, 19, 20, 21, 
22, 23, 24, 25, 26, 27, 28, 29, 30, 
Roll for 11
Combined Q: 
select for id 11
select move 12 with combinedQ 0.000000
select move
MC Move 12 
-1->46->6->47->7->42->8->0->1->2->3->4->5->9->10->11->12->
dummy mov 28 
-1->46->6->47->7->42->8->0->1->2->3->4->5->9->10->11->12->
Roll remain 17
after malloc
length remain 33

13, 14, 15, 16, 17, 18, 19, 20, 21, 22, 
23, 24, 25, 26, 27, 28, 29, 
Roll for 12
Combined Q: 
select for id 12
select move 13 with combinedQ 0.000000
select move
MC Move 13 
-1->46->6->47->7->42->8->0->1->2->3->4->5->9->10->11->12->13->
dummy mov 23 
-1->46->6->47->7->42->8->0->1->2->3->4->5->9->10->11->12->13->
Roll remain 15
after malloc
length remain 32

14, 15, 16, 17, 18, 19, 20, 21, 22, 23, 
24, 25, 26, 27, 28, 
Roll for 13
Combined Q: 
select for id 13
select move 14 with combinedQ 0.000000
select move
MC Move 14 
-1->46->6->47->7->42->8->0->1->2->3->4->5->9->10->11->12->13->14->
dummy mov 23 
-1->46->6->47->7->42->8->0->1->2->3->4->5->9->10->11->12->13->14->
Roll remain 13
after malloc
length remain 31

15, 16, 17, 18, 19, 20, 21, 22, 23, 24, 
25, 26, 27, 
Roll for 14
Combined Q: 
select for id 14
select move 15 with combinedQ 0.000000
select move
MC Move 15 
-1->46->6->47->7->42->8->0->1->2->3->4->5->9->10->11->12->13->14->15->
dummy mov 17 
-1->46->6->47->7->42->8->0->1->2->3->4->5->9->10->11->12->13->14->15->
Roll remain 11
after malloc
length remain 30

16, 17, 18, 19, 20, 21, 22, 23, 24, 25, 
26, 
Roll for 15
Combined Q: 
select for id 15
select move 16 with combinedQ 0.000000
select move
MC Move 16 
-1->46->6->47->7->42->8->0->1->2->3->4->5->9->10->11->12->13->14->15->16->
dummy mov 23 
-1->46->6->47->7->42->8->0->1->2->3->4->5->9->10->11->12->13->14->15->16->
Roll remain 9
after malloc
length remain 29

17, 18, 19, 20, 21, 22, 23, 24, 25, 
Roll for 16
Combined Q: 
select for id 16
select move 17 with combinedQ 0.000000
select move
MC Move 17 
-1->46->6->47->7->42->8->0->1->2->3->4->5->9->10->11->12->13->14->15->16->17->
dummy mov 24 
-1->46->6->47->7->42->8->0->1->2->3->4->5->9->10->11->12->13->14->15->16->17->
Roll remain 7
after malloc
length remain 28

18, 19, 20, 21, 22, 23, 24, 
Roll for 17
Combined Q: 
select for id 17
select move 18 with combinedQ 0.000000
select move
MC Move 18 
-1->46->6->47->7->42->8->0->1->2->3->4->5->9->10->11->12->13->14->15->16->17->18->
dummy mov 23 
-1->46->6->47->7->42->8->0->1->2->3->4->5->9->10->11->12->13->14->15->16->17->18->
Roll remain 5
after malloc
length remain 27

19, 20, 21, 22, 23, 
Roll for 18
Combined Q: 
select for id 18
select move 19 with combinedQ 0.000000
select move
MC Move 19 
-1->46->6->47->7->42->8->0->1->2->3->4->5->9->10->11->12->13->14->15->16->17->18->19->
dummy mov 20 
-1->46->6->47->7->42->8->0->1->2->3->4->5->9->10->11->12->13->14->15->16->17->18->19->
Roll remain 3
after malloc
length remain 26

20, 21, 22, 
Roll for 19
Combined Q: 
select for id 19
select move 20 with combinedQ 0.000000
select move
MC Move 20 
-1->46->6->47->7->42->8->0->1->2->3->4->5->9->10->11->12->13->14->15->16->17->18->19->20->
dummy mov 21 
-1->46->6->47->7->42->8->0->1->2->3->4->5->9->10->11->12->13->14->15->16->17->18->19->20->
MC Move 21 
-1->46->6->47->7->42->8->0->1->2->3->4->5->9->10->11->12->13->14->15->16->17->18->19->20->
1	1	1	1	1	1	1	-----------------
1	1	1	1	1	1	1	-----------------
1	1	1	1	1	1	1	-----------------
-1	-1	-1	-1	-1	-1	-1	-----------------
-1	-1	-1	-1	-1	-1	-1	-----------------
-1	-1	-1	-1	-1	-1	1	-----------------
1	-1	1	-1	1	1	-1	-----------------
win?  -1
count 0
-1->
Roll remain 49
after malloc
length remain 49

0, 1, 2, 3, 4, 5, 6, 7, 8, 9, 
10, 11, 12, 13, 14, 15, 16, 17, 18, 19, 
20, 21, 22, 23, 24, 25, 26, 27, 28, 29, 
30, 31, 32, 33, 34, 35, 36, 37, 38, 39, 
40, 41, 42, 43, 44, 45, 46, 47, 48, 
Roll for -1
Combined Q: 
select for id -1
select move 48 with combinedQ 0.998126
select move
MC Move 48 
-1->48->
dummy mov 9 
-1->48->
Roll remain 47
after malloc
length remain 48

0, 1, 2, 3, 4, 5, 6, 7, 8, 9, 
10, 11, 12, 13, 14, 15, 16, 17, 18, 19, 
20, 21, 22, 23, 24, 25, 26, 27, 28, 29, 
30, 31, 32, 33, 34, 35, 36, 37, 38, 39, 
40, 41, 42, 43, 44, 45, 46, 
Roll for 48
Combined Q: 
select for id 48
select move 6 with combinedQ 1.000000
select move
MC Move 6 
-1->48->6->
dummy mov 25 
-1->48->6->
Roll remain 45
after malloc
length remain 47

0, 1, 2, 3, 4, 5, 7, 8, 9, 10, 
11, 12, 13, 14, 15, 16, 17, 18, 19, 20, 
21, 22, 23, 24, 25, 26, 27, 28, 29, 30, 
31, 32, 33, 34, 35, 36, 37, 38, 39, 40, 
41, 42, 43, 44, 45, 
Roll for 6
Combined Q: 
select for id 6
select move 46 with combinedQ 0.998031
select move
MC Move 46 
-1->48->6->46->
dummy mov 40 
-1->48->6->46->
Roll remain 43
after malloc
length remain 46

0, 1, 2, 3, 4, 5, 7, 8, 9, 10, 
11, 12, 13, 14, 15, 16, 17, 18, 19, 20, 
21, 22, 23, 24, 25, 26, 27, 28, 29, 30, 
31, 32, 33, 34, 35, 36, 37, 38, 39, 40, 
41, 42, 43, 
Roll for 46
Combined Q: 
select for id 46
select move 40 with combinedQ 0.997990
select move
MC Move 40 
-1->48->6->46->40->
dummy mov 33 
-1->48->6->46->40->
Roll remain 41
after malloc
length remain 45

0, 1, 2, 3, 4, 5, 7, 8, 9, 10, 
11, 12, 13, 14, 15, 16, 17, 18, 19, 20, 
21, 22, 23, 24, 25, 26, 27, 28, 29, 30, 
31, 32, 33, 34, 35, 36, 37, 38, 39, 41, 
42, 
Roll for 40
Combined Q: 
select for id 40
select move 7 with combinedQ 1.000000
select move
MC Move 7 
-1->48->6->46->40->7->
dummy mov 23 
-1->48->6->46->40->7->
Roll remain 39
after malloc
length remain 44

0, 1, 2, 3, 4, 5, 8, 9, 10, 11, 
12, 13, 14, 15, 16, 17, 18, 19, 20, 21, 
22, 23, 24, 25, 26, 27, 28, 29, 30, 31, 
32, 33, 34, 35, 36, 37, 38, 39, 41, 
Roll for 7
Combined Q: 
select for id 7
select move 39 with combinedQ 0.399160
select move
MC Move 39 
-1->48->6->46->40->7->39->
dummy mov 8 
-1->48->6->46->40->7->39->
Roll remain 37
after malloc
length remain 43

0, 1, 2, 3, 4, 5, 8, 9, 10, 11, 
12, 13, 14, 15, 16, 17, 18, 19, 20, 21, 
22, 23, 24, 25, 26, 27, 28, 29, 30, 31, 
32, 33, 34, 35, 36, 37, 38, 
Roll for 39
Combined Q: 
select for id 39
select move 0 with combinedQ 0.000000
select move
MC Move 0 
-1->48->6->46->40->7->39->0->
dummy mov 37 
-1->48->6->46->40->7->39->0->
Roll remain 35
after malloc
length remain 42

1, 2, 3, 4, 5, 8, 9, 10, 11, 12, 
13, 14, 15, 16, 17, 18, 19, 20, 21, 22, 
23, 24, 25, 26, 27, 28, 29, 30, 31, 32, 
33, 34, 35, 36, 37, 
Roll for 0
Combined Q: 
select for id 0
select move 37 with combinedQ 0.110868
select move
MC Move 37 
-1->48->6->46->40->7->39->0->37->
dummy mov 15 
-1->48->6->46->40->7->39->0->37->
Roll remain 33
after malloc
length remain 41

1, 2, 3, 4, 5, 8, 9, 10, 11, 12, 
13, 14, 15, 16, 17, 18, 19, 20, 21, 22, 
23, 24, 25, 26, 27, 28, 29, 30, 31, 32, 
33, 34, 35, 
Roll for 37
Combined Q: 
select for id 37
select move 1 with combinedQ 0.000000
select move
MC Move 1 
-1->48->6->46->40->7->39->0->37->1->
dummy mov 3 
-1->48->6->46->40->7->39->0->37->1->
Roll remain 31
after malloc
length remain 40

2, 3, 4, 5, 8, 9, 10, 11, 12, 13, 
14, 15, 16, 17, 18, 19, 20, 21, 22, 23, 
24, 25, 26, 27, 28, 29, 30, 31, 32, 33, 
34, 
Roll for 1
Combined Q: 
select for id 1
select move 2 with combinedQ 0.000000
select move
MC Move 2 
-1->48->6->46->40->7->39->0->37->1->2->
dummy mov 30 
-1->48->6->46->40->7->39->0->37->1->2->
Roll remain 29
after malloc
length remain 39

3, 4, 5, 8, 9, 10, 11, 12, 13, 14, 
15, 16, 17, 18, 19, 20, 21, 22, 23, 24, 
25, 26, 27, 28, 29, 30, 31, 32, 33, 
Roll for 2
Combined Q: 
select for id 2
select move 3 with combinedQ 0.000000
select move
MC Move 3 
-1->48->6->46->40->7->39->0->37->1->2->3->
dummy mov 30 
-1->48->6->46->40->7->39->0->37->1->2->3->
Roll remain 27
after malloc
length remain 38

4, 5, 8, 9, 10, 11, 12, 13, 14, 15, 
16, 17, 18, 19, 20, 21, 22, 23, 24, 25, 
26, 27, 28, 29, 30, 31, 32, 
Roll for 3
Combined Q: 
select for id 3
select move 4 with combinedQ 0.000000
select move
MC Move 4 
-1->48->6->46->40->7->39->0->37->1->2->3->4->
dummy mov 21 
-1->48->6->46->40->7->39->0->37->1->2->3->4->
Roll remain 25
after malloc
length remain 37

5, 8, 9, 10, 11, 12, 13, 14, 15, 16, 
17, 18, 19, 20, 21, 22, 23, 24, 25, 26, 
27, 28, 29, 30, 31, 
Roll for 4
Combined Q: 
select for id 4
select move 5 with combinedQ 0.000000
select move
MC Move 5 
-1->48->6->46->40->7->39->0->37->1->2->3->4->5->
dummy mov 24 
-1->48->6->46->40->7->39->0->37->1->2->3->4->5->
Roll remain 23
after malloc
length remain 36

8, 9, 10, 11, 12, 13, 14, 15, 16, 17, 
18, 19, 20, 21, 22, 23, 24, 25, 26, 27, 
28, 29, 30, 
Roll for 5
Combined Q: 
select for id 5
select move 8 with combinedQ 0.000000
select move
MC Move 8 
-1->48->6->46->40->7->39->0->37->1->2->3->4->5->8->
dummy mov 15 
-1->48->6->46->40->7->39->0->37->1->2->3->4->5->8->
Roll remain 21
after malloc
length remain 35

9, 10, 11, 12, 13, 14, 15, 16, 17, 18, 
19, 20, 21, 22, 23, 24, 25, 26, 27, 28, 
29, 
Roll for 8
Combined Q: 
select for id 8
select move 9 with combinedQ 0.000000
select move
MC Move 9 
-1->48->6->46->40->7->39->0->37->1->2->3->4->5->8->9->
dummy mov 28 
-1->48->6->46->40->7->39->0->37->1->2->3->4->5->8->9->
Roll remain 19
after malloc
length remain 34

10, 11, 12, 13, 14, 15, 16, 17, 18, 19, 
20, 21, 22, 23, 24, 25, 26, 27, 28, 
Roll for 9
Combined Q: 
select for id 9
select move 10 with combinedQ 0.000000
select move
MC Move 10 
-1->48->6->46->40->7->39->0->37->1->2->3->4->5->8->9->10->
dummy mov 26 
-1->48->6->46->40->7->39->0->37->1->2->3->4->5->8->9->10->
Roll remain 17
after malloc
length remain 33

11, 12, 13, 14, 15, 16, 17, 18, 19, 20, 
21, 22, 23, 24, 25, 26, 27, 
Roll for 10
Combined Q: 
select for id 10
select move 11 with combinedQ 0.000000
select move
MC Move 11 
-1->48->6->46->40->7->39->0->37->1->2->3->4->5->8->9->10->11->
dummy mov 21 
-1->48->6->46->40->7->39->0->37->1->2->3->4->5->8->9->10->11->
Roll remain 15
after malloc
length remain 32

12, 13, 14, 15, 16, 17, 18, 19, 20, 21, 
22, 23, 24, 25, 26, 
Roll for 11
Combined Q: 
select for id 11
select move 12 with combinedQ 0.000000
select move
MC Move 12 
-1->48->6->46->40->7->39->0->37->1->2->3->4->5->8->9->10->11->12->
dummy mov 21 
-1->48->6->46->40->7->39->0->37->1->2->3->4->5->8->9->10->11->12->
Roll remain 13
after malloc
length remain 31

13, 14, 15, 16, 17, 18, 19, 20, 21, 22, 
23, 24, 25, 
Roll for 12
Combined Q: 
select for id 12
select move 13 with combinedQ 0.000000
select move
MC Move 13 
-1->48->6->46->40->7->39->0->37->1->2->3->4->5->8->9->10->11->12->13->
dummy mov 15 
-1->48->6->46->40->7->39->0->37->1->2->3->4->5->8->9->10->11->12->13->
Roll remain 11
after malloc
length remain 30

14, 15, 16, 17, 18, 19, 20, 21, 22, 23, 
24, 
Roll for 13
Combined Q: 
select for id 13
select move 14 with combinedQ 0.000000
select move
MC Move 14 
-1->48->6->46->40->7->39->0->37->1->2->3->4->5->8->9->10->11->12->13->14->
dummy mov 21 
-1->48->6->46->40->7->39->0->37->1->2->3->4->5->8->9->10->11->12->13->14->
Roll remain 9
after malloc
length remain 29

15, 16, 17, 18, 19, 20, 21, 22, 23, 
Roll for 14
Combined Q: 
select for id 14
select move 15 with combinedQ 0.000000
select move
MC Move 15 
-1->48->6->46->40->7->39->0->37->1->2->3->4->5->8->9->10->11->12->13->14->15->
dummy mov 22 
-1->48->6->46->40->7->39->0->37->1->2->3->4->5->8->9->10->11->12->13->14->15->
Roll remain 7
after malloc
length remain 28

16, 17, 18, 19, 20, 21, 22, 
Roll for 15
Combined Q: 
select for id 15
select move 16 with combinedQ 0.000000
select move
MC Move 16 
-1->48->6->46->40->7->39->0->37->1->2->3->4->5->8->9->10->11->12->13->14->15->16->
dummy mov 21 
-1->48->6->46->40->7->39->0->37->1->2->3->4->5->8->9->10->11->12->13->14->15->16->
Roll remain 5
after malloc
length remain 27

17, 18, 19, 20, 21, 
Roll for 16
Combined Q: 
select for id 16
select move 17 with combinedQ 0.000000
select move
MC Move 17 
-1->48->6->46->40->7->39->0->37->1->2->3->4->5->8->9->10->11->12->13->14->15->16->17->
dummy mov 18 
-1->48->6->46->40->7->39->0->37->1->2->3->4->5->8->9->10->11->12->13->14->15->16->17->
Roll remain 3
after malloc
length remain 26

18, 19, 20, 
Roll for 17
Combined Q: 
select for id 17
select move 18 with combinedQ 0.000000
select move
MC Move 18 
-1->48->6->46->40->7->39->0->37->1->2->3->4->5->8->9->10->11->12->13->14->15->16->17->18->
dummy mov 19 
-1->48->6->46->40->7->39->0->37->1->2->3->4->5->8->9->10->11->12->13->14->15->16->17->18->
MC Move 19 
-1->48->6->46->40->7->39->0->37->1->2->3->4->5->8->9->10->11->12->13->14->15->16->17->18->
1	1	1	1	1	1	1	-----------------
1	1	1	1	1	1	1	-----------------
1	1	1	1	1	-1	-1	-----------------
-1	-1	-1	-1	-1	-1	-1	-----------------
-1	-1	-1	-1	-1	-1	-1	-----------------
-1	-1	1	-1	1	1	-1	-----------------
-1	-1	1	-1	1	1	1	-----------------
win?  -1
count 0
-1->
Roll remain 49
after malloc
length remain 49

0, 1, 2, 3, 4, 5, 6, 7, 8, 9, 
10, 11, 12, 13, 14, 15, 16, 17, 18, 19, 
20, 21, 22, 23, 24, 25, 26, 27, 28, 29, 
30, 31, 32, 33, 34, 35, 36, 37, 38, 39, 
40, 41, 42, 43, 44, 45, 46, 47, 48, 
Roll for -1
Combined Q: 
select for id -1
select move 45 with combinedQ 0.897496
select move
MC Move 45 
-1->45->
dummy mov 9 
-1->45->
Roll remain 47
after malloc
length remain 48

0, 1, 2, 3, 4, 5, 6, 7, 8, 9, 
10, 11, 12, 13, 14, 15, 16, 17, 18, 19, 
20, 21, 22, 23, 24, 25, 26, 27, 28, 29, 
30, 31, 32, 33, 34, 35, 36, 37, 38, 39, 
40, 41, 42, 43, 44, 46, 47, 
Roll for 45
Combined Q: 
select for id 45
select move 6 with combinedQ 1.000000
select move
MC Move 6 
-1->45->6->
dummy mov 25 
-1->45->6->
Roll remain 45
after malloc
length remain 47

0, 1, 2, 3, 4, 5, 7, 8, 9, 10, 
11, 12, 13, 14, 15, 16, 17, 18, 19, 20, 
21, 22, 23, 24, 25, 26, 27, 28, 29, 30, 
31, 32, 33, 34, 35, 36, 37, 38, 39, 40, 
41, 42, 43, 44, 46, 
Roll for 6
Combined Q: 
select for id 6
select move 43 with combinedQ 0.775540
select move
MC Move 43 
-1->45->6->43->
dummy mov 40 
-1->45->6->43->
Roll remain 43
after malloc
length remain 46

0, 1, 2, 3, 4, 5, 7, 8, 9, 10, 
11, 12, 13, 14, 15, 16, 17, 18, 19, 20, 
21, 22, 23, 24, 25, 26, 27, 28, 29, 30, 
31, 32, 33, 34, 35, 36, 37, 38, 39, 40, 
41, 42, 44, 
Roll for 43
Combined Q: 
select for id 43
select move 7 with combinedQ 1.000000
select move
MC Move 7 
-1->45->6->43->7->
dummy mov 34 
-1->45->6->43->7->
Roll remain 41
after malloc
length remain 45

0, 1, 2, 3, 4, 5, 8, 9, 10, 11, 
12, 13, 14, 15, 16, 17, 18, 19, 20, 21, 
22, 23, 24, 25, 26, 27, 28, 29, 30, 31, 
32, 33, 34, 35, 36, 37, 38, 39, 40, 41, 
42, 
Roll for 7
Combined Q: 
select for id 7
select move 46 with combinedQ 0.997028
select move
MC Move 46 
-1->45->6->43->7->46->
dummy mov 23 
-1->45->6->43->7->46->
Roll remain 39
after malloc
length remain 44

0, 1, 2, 3, 4, 5, 8, 9, 10, 11, 
12, 13, 14, 15, 16, 17, 18, 19, 20, 21, 
22, 23, 24, 25, 26, 27, 28, 29, 30, 31, 
32, 33, 34, 35, 36, 37, 38, 39, 40, 
Roll for 46
Combined Q: 
select for id 46
select move 41 with combinedQ 0.996985
select move
MC Move 41 
-1->45->6->43->7->46->41->
dummy mov 8 
-1->45->6->43->7->46->41->
Roll remain 37
after malloc
length remain 43

0, 1, 2, 3, 4, 5, 8, 9, 10, 11, 
12, 13, 14, 15, 16, 17, 18, 19, 20, 21, 
22, 23, 24, 25, 26, 27, 28, 29, 30, 31, 
32, 33, 34, 35, 36, 37, 38, 
Roll for 41
Combined Q: 
select for id 41
select move 0 with combinedQ 0.000000
select move
MC Move 0 
-1->45->6->43->7->46->41->0->
dummy mov 37 
-1->45->6->43->7->46->41->0->
Roll remain 35
after malloc
length remain 42

1, 2, 3, 4, 5, 8, 9, 10, 11, 12, 
13, 14, 15, 16, 17, 18, 19, 20, 21, 22, 
23, 24, 25, 26, 27, 28, 29, 30, 31, 32, 
33, 34, 35, 36, 37, 
Roll for 0
Combined Q: 
select for id 0
select move 36 with combinedQ 0.090628
select move
MC Move 36 
-1->45->6->43->7->46->41->0->36->
dummy mov 15 
-1->45->6->43->7->46->41->0->36->
Roll remain 33
after malloc
length remain 41

1, 2, 3, 4, 5, 8, 9, 10, 11, 12, 
13, 14, 15, 16, 17, 18, 19, 20, 21, 22, 
23, 24, 25, 26, 27, 28, 29, 30, 31, 32, 
33, 34, 35, 
Roll for 36
Combined Q: 
select for id 36
select move 1 with combinedQ 0.000000
select move
MC Move 1 
-1->45->6->43->7->46->41->0->36->1->
dummy mov 3 
-1->45->6->43->7->46->41->0->36->1->
Roll remain 31
after malloc
length remain 40

2, 3, 4, 5, 8, 9, 10, 11, 12, 13, 
14, 15, 16, 17, 18, 19, 20, 21, 22, 23, 
24, 25, 26, 27, 28, 29, 30, 31, 32, 33, 
34, 
Roll for 1
Combined Q: 
select for id 1
select move 2 with combinedQ 0.000000
select move
MC Move 2 
-1->45->6->43->7->46->41->0->36->1->2->
dummy mov 30 
-1->45->6->43->7->46->41->0->36->1->2->
Roll remain 29
after malloc
length remain 39

3, 4, 5, 8, 9, 10, 11, 12, 13, 14, 
15, 16, 17, 18, 19, 20, 21, 22, 23, 24, 
25, 26, 27, 28, 29, 30, 31, 32, 33, 
Roll for 2
Combined Q: 
select for id 2
select move 3 with combinedQ 0.000000
select move
MC Move 3 
-1->45->6->43->7->46->41->0->36->1->2->3->
dummy mov 30 
-1->45->6->43->7->46->41->0->36->1->2->3->
Roll remain 27
after malloc
length remain 38

4, 5, 8, 9, 10, 11, 12, 13, 14, 15, 
16, 17, 18, 19, 20, 21, 22, 23, 24, 25, 
26, 27, 28, 29, 30, 31, 32, 
Roll for 3
Combined Q: 
select for id 3
select move 4 with combinedQ 0.000000
select move
MC Move 4 
-1->45->6->43->7->46->41->0->36->1->2->3->4->
dummy mov 21 
-1->45->6->43->7->46->41->0->36->1->2->3->4->
Roll remain 25
after malloc
length remain 37

5, 8, 9, 10, 11, 12, 13, 14, 15, 16, 
17, 18, 19, 20, 21, 22, 23, 24, 25, 26, 
27, 28, 29, 30, 31, 
Roll for 4
Combined Q: 
select for id 4
select move 5 with combinedQ 0.000000
select move
MC Move 5 
-1->45->6->43->7->46->41->0->36->1->2->3->4->5->
dummy mov 24 
-1->45->6->43->7->46->41->0->36->1->2->3->4->5->
Roll remain 23
after malloc
length remain 36

8, 9, 10, 11, 12, 13, 14, 15, 16, 17, 
18, 19, 20, 21, 22, 23, 24, 25, 26, 27, 
28, 29, 30, 
Roll for 5
Combined Q: 
select for id 5
select move 8 with combinedQ 0.000000
select move
MC Move 8 
-1->45->6->43->7->46->41->0->36->1->2->3->4->5->8->
dummy mov 15 
-1->45->6->43->7->46->41->0->36->1->2->3->4->5->8->
Roll remain 21
after malloc
length remain 35

9, 10, 11, 12, 13, 14, 15, 16, 17, 18, 
19, 20, 21, 22, 23, 24, 25, 26, 27, 28, 
29, 
Roll for 8
Combined Q: 
select for id 8
select move 9 with combinedQ 0.000000
select move
MC Move 9 
-1->45->6->43->7->46->41->0->36->1->2->3->4->5->8->9->
dummy mov 28 
-1->45->6->43->7->46->41->0->36->1->2->3->4->5->8->9->
Roll remain 19
after malloc
length remain 34

10, 11, 12, 13, 14, 15, 16, 17, 18, 19, 
20, 21, 22, 23, 24, 25, 26, 27, 28, 
Roll for 9
Combined Q: 
select for id 9
select move 10 with combinedQ 0.000000
select move
MC Move 10 
-1->45->6->43->7->46->41->0->36->1->2->3->4->5->8->9->10->
dummy mov 26 
-1->45->6->43->7->46->41->0->36->1->2->3->4->5->8->9->10->
Roll remain 17
after malloc
length remain 33

11, 12, 13, 14, 15, 16, 17, 18, 19, 20, 
21, 22, 23, 24, 25, 26, 27, 
Roll for 10
Combined Q: 
select for id 10
select move 11 with combinedQ 0.000000
select move
MC Move 11 
-1->45->6->43->7->46->41->0->36->1->2->3->4->5->8->9->10->11->
dummy mov 21 
-1->45->6->43->7->46->41->0->36->1->2->3->4->5->8->9->10->11->
Roll remain 15
after malloc
length remain 32

12, 13, 14, 15, 16, 17, 18, 19, 20, 21, 
22, 23, 24, 25, 26, 
Roll for 11
Combined Q: 
select for id 11
select move 12 with combinedQ 0.000000
select move
MC Move 12 
-1->45->6->43->7->46->41->0->36->1->2->3->4->5->8->9->10->11->12->
dummy mov 21 
-1->45->6->43->7->46->41->0->36->1->2->3->4->5->8->9->10->11->12->
Roll remain 13
after malloc
length remain 31

13, 14, 15, 16, 17, 18, 19, 20, 21, 22, 
23, 24, 25, 
Roll for 12
Combined Q: 
select for id 12
select move 13 with combinedQ 0.000000
select move
MC Move 13 
-1->45->6->43->7->46->41->0->36->1->2->3->4->5->8->9->10->11->12->13->
dummy mov 15 
-1->45->6->43->7->46->41->0->36->1->2->3->4->5->8->9->10->11->12->13->
Roll remain 11
after malloc
length remain 30

14, 15, 16, 17, 18, 19, 20, 21, 22, 23, 
24, 
Roll for 13
Combined Q: 
select for id 13
select move 14 with combinedQ 0.000000
select move
MC Move 14 
-1->45->6->43->7->46->41->0->36->1->2->3->4->5->8->9->10->11->12->13->14->
dummy mov 21 
-1->45->6->43->7->46->41->0->36->1->2->3->4->5->8->9->10->11->12->13->14->
Roll remain 9
after malloc
length remain 29

15, 16, 17, 18, 19, 20, 21, 22, 23, 
Roll for 14
Combined Q: 
select for id 14
select move 15 with combinedQ 0.000000
select move
MC Move 15 
-1->45->6->43->7->46->41->0->36->1->2->3->4->5->8->9->10->11->12->13->14->15->
dummy mov 22 
-1->45->6->43->7->46->41->0->36->1->2->3->4->5->8->9->10->11->12->13->14->15->
Roll remain 7
after malloc
length remain 28

16, 17, 18, 19, 20, 21, 22, 
Roll for 15
Combined Q: 
select for id 15
select move 16 with combinedQ 0.000000
select move
MC Move 16 
-1->45->6->43->7->46->41->0->36->1->2->3->4->5->8->9->10->11->12->13->14->15->16->
dummy mov 21 
-1->45->6->43->7->46->41->0->36->1->2->3->4->5->8->9->10->11->12->13->14->15->16->
Roll remain 5
after malloc
length remain 27

17, 18, 19, 20, 21, 
Roll for 16
Combined Q: 
select for id 16
select move 17 with combinedQ 0.000000
select move
MC Move 17 
-1->45->6->43->7->46->41->0->36->1->2->3->4->5->8->9->10->11->12->13->14->15->16->17->
dummy mov 18 
-1->45->6->43->7->46->41->0->36->1->2->3->4->5->8->9->10->11->12->13->14->15->16->17->
Roll remain 3
after malloc
length remain 26

18, 19, 20, 
Roll for 17
Combined Q: 
select for id 17
select move 18 with combinedQ 0.000000
select move
MC Move 18 
-1->45->6->43->7->46->41->0->36->1->2->3->4->5->8->9->10->11->12->13->14->15->16->17->18->
dummy mov 19 
-1->45->6->43->7->46->41->0->36->1->2->3->4->5->8->9->10->11->12->13->14->15->16->17->18->
MC Move 19 
-1->45->6->43->7->46->41->0->36->1->2->3->4->5->8->9->10->11->12->13->14->15->16->17->18->
1	1	1	1	1	1	1	-----------------
1	1	1	1	1	1	1	-----------------
1	1	1	1	1	-1	-1	-----------------
-1	-1	-1	-1	-1	-1	-1	-----------------
-1	-1	-1	-1	-1	-1	-1	-----------------
-1	1	-1	-1	-1	-1	1	-----------------
-1	1	-1	1	1	-1	-1	-----------------
win?  -1
count 0
-1->
Roll remain 49
after malloc
length remain 49

0, 1, 2, 3, 4, 5, 6, 7, 8, 9, 
10, 11, 12, 13, 14, 15, 16, 17, 18, 19, 
20, 21, 22, 23, 24, 25, 26, 27, 28, 29, 
30, 31, 32, 33, 34, 35, 36, 37, 38, 39, 
40, 41, 42, 43, 44, 45, 46, 47, 48, 
Roll for -1
Combined Q: 
select for id -1
select move 44 with combinedQ 0.830256
select move
MC Move 44 
-1->44->
dummy mov 9 
-1->44->
Roll remain 47
after malloc
length remain 48

0, 1, 2, 3, 4, 5, 6, 7, 8, 9, 
10, 11, 12, 13, 14, 15, 16, 17, 18, 19, 
20, 21, 22, 23, 24, 25, 26, 27, 28, 29, 
30, 31, 32, 33, 34, 35, 36, 37, 38, 39, 
40, 41, 42, 43, 45, 46, 47, 
Roll for 44
Combined Q: 
select for id 44
select move 6 with combinedQ 1.000000
select move
MC Move 6 
-1->44->6->
dummy mov 25 
-1->44->6->
Roll remain 45
after malloc
length remain 47

0, 1, 2, 3, 4, 5, 7, 8, 9, 10, 
11, 12, 13, 14, 15, 16, 17, 18, 19, 20, 
21, 22, 23, 24, 25, 26, 27, 28, 29, 30, 
31, 32, 33, 34, 35, 36, 37, 38, 39, 40, 
41, 42, 43, 45, 46, 
Roll for 6
Combined Q: 
select for id 6
select move 45 with combinedQ 0.747157
select move
MC Move 45 
-1->44->6->45->
dummy mov 40 
-1->44->6->45->
Roll remain 43
after malloc
length remain 46

0, 1, 2, 3, 4, 5, 7, 8, 9, 10, 
11, 12, 13, 14, 15, 16, 17, 18, 19, 20, 
21, 22, 23, 24, 25, 26, 27, 28, 29, 30, 
31, 32, 33, 34, 35, 36, 37, 38, 39, 40, 
41, 42, 43, 
Roll for 45
Combined Q: 
select for id 45
select move 39 with combinedQ 0.996167
select move
MC Move 39 
-1->44->6->45->39->
dummy mov 33 
-1->44->6->45->39->
Roll remain 41
after malloc
length remain 45

0, 1, 2, 3, 4, 5, 7, 8, 9, 10, 
11, 12, 13, 14, 15, 16, 17, 18, 19, 20, 
21, 22, 23, 24, 25, 26, 27, 28, 29, 30, 
31, 32, 33, 34, 35, 36, 37, 38, 40, 41, 
42, 
Roll for 39
Combined Q: 
select for id 39
select move 7 with combinedQ 1.000000
select move
MC Move 7 
-1->44->6->45->39->7->
dummy mov 23 
-1->44->6->45->39->7->
Roll remain 39
after malloc
length remain 44

0, 1, 2, 3, 4, 5, 8, 9, 10, 11, 
12, 13, 14, 15, 16, 17, 18, 19, 20, 21, 
22, 23, 24, 25, 26, 27, 28, 29, 30, 31, 
32, 33, 34, 35, 36, 37, 38, 40, 41, 
Roll for 7
Combined Q: 
select for id 7
select move 40 with combinedQ 0.543314
select move
MC Move 40 
-1->44->6->45->39->7->40->
dummy mov 8 
-1->44->6->45->39->7->40->
Roll remain 37
after malloc
length remain 43

0, 1, 2, 3, 4, 5, 8, 9, 10, 11, 
12, 13, 14, 15, 16, 17, 18, 19, 20, 21, 
22, 23, 24, 25, 26, 27, 28, 29, 30, 31, 
32, 33, 34, 35, 36, 37, 38, 
Roll for 40
Combined Q: 
select for id 40
select move 41 with combinedQ 0.996031
select move
MC Move 41 
-1->44->6->45->39->7->40->41->
dummy mov 36 
-1->44->6->45->39->7->40->41->
Roll remain 35
after malloc
length remain 42

0, 1, 2, 3, 4, 5, 8, 9, 10, 11, 
12, 13, 14, 15, 16, 17, 18, 19, 20, 21, 
22, 23, 24, 25, 26, 27, 28, 29, 30, 31, 
32, 33, 34, 35, 36, 
Roll for 41
Combined Q: 
select for id 41
select move 0 with combinedQ 0.000000
select move
MC Move 0 
-1->44->6->45->39->7->40->41->0->
dummy mov 15 
-1->44->6->45->39->7->40->41->0->
Roll remain 33
after malloc
length remain 41

1, 2, 3, 4, 5, 8, 9, 10, 11, 12, 
13, 14, 15, 16, 17, 18, 19, 20, 21, 22, 
23, 24, 25, 26, 27, 28, 29, 30, 31, 32, 
33, 34, 35, 
Roll for 0
Combined Q: 
select for id 0
select move 35 with combinedQ 0.066397
select move
MC Move 35 
-1->44->6->45->39->7->40->41->0->35->
dummy mov 2 
-1->44->6->45->39->7->40->41->0->35->
Roll remain 31
after malloc
length remain 40

1, 2, 3, 4, 5, 8, 9, 10, 11, 12, 
13, 14, 15, 16, 17, 18, 19, 20, 21, 22, 
23, 24, 25, 26, 27, 28, 29, 30, 31, 32, 
33, 
Roll for 35
Combined Q: 
select for id 35
select move 1 with combinedQ 0.000000
select move
MC Move 1 
-1->44->6->45->39->7->40->41->0->35->1->
dummy mov 29 
-1->44->6->45->39->7->40->41->0->35->1->
Roll remain 29
after malloc
length remain 39

2, 3, 4, 5, 8, 9, 10, 11, 12, 13, 
14, 15, 16, 17, 18, 19, 20, 21, 22, 23, 
24, 25, 26, 27, 28, 29, 30, 31, 32, 
Roll for 1
Combined Q: 
select for id 1
select move 2 with combinedQ 0.000000
select move
MC Move 2 
-1->44->6->45->39->7->40->41->0->35->1->2->
dummy mov 29 
-1->44->6->45->39->7->40->41->0->35->1->2->
Roll remain 27
after malloc
length remain 38

3, 4, 5, 8, 9, 10, 11, 12, 13, 14, 
15, 16, 17, 18, 19, 20, 21, 22, 23, 24, 
25, 26, 27, 28, 29, 30, 31, 
Roll for 2
Combined Q: 
select for id 2
select move 3 with combinedQ 0.000000
select move
MC Move 3 
-1->44->6->45->39->7->40->41->0->35->1->2->3->
dummy mov 20 
-1->44->6->45->39->7->40->41->0->35->1->2->3->
Roll remain 25
after malloc
length remain 37

4, 5, 8, 9, 10, 11, 12, 13, 14, 15, 
16, 17, 18, 19, 20, 21, 22, 23, 24, 25, 
26, 27, 28, 29, 30, 
Roll for 3
Combined Q: 
select for id 3
select move 4 with combinedQ 0.000000
select move
MC Move 4 
-1->44->6->45->39->7->40->41->0->35->1->2->3->4->
dummy mov 10 
-1->44->6->45->39->7->40->41->0->35->1->2->3->4->
Roll remain 23
after malloc
length remain 36

5, 8, 9, 10, 11, 12, 13, 14, 15, 16, 
17, 18, 19, 20, 21, 22, 23, 24, 25, 26, 
27, 28, 29, 
Roll for 4
Combined Q: 
select for id 4
select move 5 with combinedQ 0.000000
select move
MC Move 5 
-1->44->6->45->39->7->40->41->0->35->1->2->3->4->5->
dummy mov 17 
-1->44->6->45->39->7->40->41->0->35->1->2->3->4->5->
Roll remain 21
after malloc
length remain 35

8, 9, 10, 11, 12, 13, 14, 15, 16, 17, 
18, 19, 20, 21, 22, 23, 24, 25, 26, 27, 
28, 
Roll for 5
Combined Q: 
select for id 5
select move 8 with combinedQ 0.000000
select move
MC Move 8 
-1->44->6->45->39->7->40->41->0->35->1->2->3->4->5->8->
dummy mov 25 
-1->44->6->45->39->7->40->41->0->35->1->2->3->4->5->8->
Roll remain 19
after malloc
length remain 34

9, 10, 11, 12, 13, 14, 15, 16, 17, 18, 
19, 20, 21, 22, 23, 24, 25, 26, 27, 
Roll for 8
Combined Q: 
select for id 8
select move 9 with combinedQ 0.000000
select move
MC Move 9 
-1->44->6->45->39->7->40->41->0->35->1->2->3->4->5->8->9->
dummy mov 17 
-1->44->6->45->39->7->40->41->0->35->1->2->3->4->5->8->9->
Roll remain 17
after malloc
length remain 33

10, 11, 12, 13, 14, 15, 16, 17, 18, 19, 
20, 21, 22, 23, 24, 25, 26, 
Roll for 9
Combined Q: 
select for id 9
select move 10 with combinedQ 0.000000
select move
MC Move 10 
-1->44->6->45->39->7->40->41->0->35->1->2->3->4->5->8->9->10->
dummy mov 17 
-1->44->6->45->39->7->40->41->0->35->1->2->3->4->5->8->9->10->
Roll remain 15
after malloc
length remain 32

11, 12, 13, 14, 15, 16, 17, 18, 19, 20, 
21, 22, 23, 24, 25, 
Roll for 10
Combined Q: 
select for id 10
select move 11 with combinedQ 0.000000
select move
MC Move 11 
-1->44->6->45->39->7->40->41->0->35->1->2->3->4->5->8->9->10->11->
dummy mov 16 
-1->44->6->45->39->7->40->41->0->35->1->2->3->4->5->8->9->10->11->
Roll remain 13
after malloc
length remain 31

12, 13, 14, 15, 16, 17, 18, 19, 20, 21, 
22, 23, 24, 
Roll for 11
Combined Q: 
select for id 11
select move 12 with combinedQ 0.000000
select move
MC Move 12 
-1->44->6->45->39->7->40->41->0->35->1->2->3->4->5->8->9->10->11->12->
dummy mov 16 
-1->44->6->45->39->7->40->41->0->35->1->2->3->4->5->8->9->10->11->12->
Roll remain 11
after malloc
length remain 30

13, 14, 15, 16, 17, 18, 19, 20, 21, 22, 
23, 
Roll for 12
Combined Q: 
select for id 12
select move 13 with combinedQ 0.000000
select move
MC Move 13 
-1->44->6->45->39->7->40->41->0->35->1->2->3->4->5->8->9->10->11->12->13->
dummy mov 17 
-1->44->6->45->39->7->40->41->0->35->1->2->3->4->5->8->9->10->11->12->13->
Roll remain 9
after malloc
length remain 29

14, 15, 16, 17, 18, 19, 20, 21, 22, 
Roll for 13
Combined Q: 
select for id 13
select move 14 with combinedQ 0.000000
select move
MC Move 14 
-1->44->6->45->39->7->40->41->0->35->1->2->3->4->5->8->9->10->11->12->13->14->
dummy mov 17 
-1->44->6->45->39->7->40->41->0->35->1->2->3->4->5->8->9->10->11->12->13->14->
Roll remain 7
after malloc
length remain 28

15, 16, 17, 18, 19, 20, 21, 
Roll for 14
Combined Q: 
select for id 14
select move 15 with combinedQ 0.000000
select move
MC Move 15 
-1->44->6->45->39->7->40->41->0->35->1->2->3->4->5->8->9->10->11->12->13->14->15->
dummy mov 17 
-1->44->6->45->39->7->40->41->0->35->1->2->3->4->5->8->9->10->11->12->13->14->15->
Roll remain 5
after malloc
length remain 27

16, 17, 18, 19, 20, 
Roll for 15
Combined Q: 
select for id 15
select move 16 with combinedQ 0.000000
select move
MC Move 16 
-1->44->6->45->39->7->40->41->0->35->1->2->3->4->5->8->9->10->11->12->13->14->15->16->
dummy mov 17 
-1->44->6->45->39->7->40->41->0->35->1->2->3->4->5->8->9->10->11->12->13->14->15->16->
Roll remain 3
after malloc
length remain 26

17, 18, 19, 
Roll for 16
Combined Q: 
select for id 16
select move 17 with combinedQ 0.000000
select move
MC Move 17 
-1->44->6->45->39->7->40->41->0->35->1->2->3->4->5->8->9->10->11->12->13->14->15->16->17->
dummy mov 18 
-1->44->6->45->39->7->40->41->0->35->1->2->3->4->5->8->9->10->11->12->13->14->15->16->17->
MC Move 18 
-1->44->6->45->39->7->40->41->0->35->1->2->3->4->5->8->9->10->11->12->13->14->15->16->17->
1	1	1	1	1	1	1	-----------------
1	1	1	1	1	1	1	-----------------
1	1	1	1	-1	-1	-1	-----------------
-1	-1	-1	-1	-1	-1	-1	-----------------
-1	-1	-1	-1	-1	-1	1	-----------------
1	-1	-1	-1	1	1	1	-----------------
-1	-1	1	1	-1	-1	-1	-----------------
win?  -1
count 0
-1->
Roll remain 49
after malloc
length remain 49

0, 1, 2, 3, 4, 5, 6, 7, 8, 9, 
10, 11, 12, 13, 14, 15, 16, 17, 18, 19, 
20, 21, 22, 23, 24, 25, 26, 27, 28, 29, 
30, 31, 32, 33, 34, 35, 36, 37, 38, 39, 
40, 41, 42, 43, 44, 45, 46, 47, 48, 
Roll for -1
Combined Q: 
select for id -1
select move 38 with combinedQ 0.622126
select move
MC Move 38 
-1->38->
dummy mov 42 
-1->38->
Roll remain 47
after malloc
length remain 48

0, 1, 2, 3, 4, 5, 6, 7, 8, 9, 
10, 11, 12, 13, 14, 15, 16, 17, 18, 19, 
20, 21, 22, 23, 24, 25, 26, 27, 28, 29, 
30, 31, 32, 33, 34, 35, 36, 37, 39, 40, 
41, 42, 43, 44, 45, 46, 47, 
Roll for 38
Combined Q: 
select for id 38
select move 0 with combinedQ 0.000000
select move
MC Move 0 
-1->38->0->
dummy mov 22 
-1->38->0->
Roll remain 45
after malloc
length remain 47

1, 2, 3, 4, 5, 6, 7, 8, 9, 10, 
11, 12, 13, 14, 15, 16, 17, 18, 19, 20, 
21, 22, 23, 24, 25, 26, 27, 28, 29, 30, 
31, 32, 33, 34, 35, 36, 37, 39, 40, 41, 
42, 43, 44, 45, 46, 
Roll for 0
Combined Q: 
select for id 0
select move 33 with combinedQ 0.039812
select move
MC Move 33 
-1->38->0->33->
dummy mov 4 
-1->38->0->33->
Roll remain 43
after malloc
length remain 46

1, 2, 3, 4, 5, 6, 7, 8, 9, 10, 
11, 12, 13, 14, 15, 16, 17, 18, 19, 20, 
21, 22, 23, 24, 25, 26, 27, 28, 29, 30, 
31, 32, 34, 35, 36, 37, 39, 40, 41, 42, 
43, 44, 45, 
Roll for 33
Combined Q: 
select for id 33
select move 1 with combinedQ 0.000000
select move
MC Move 1 
-1->38->0->33->1->
dummy mov 27 
-1->38->0->33->1->
Roll remain 41
after malloc
length remain 45

2, 3, 4, 5, 6, 7, 8, 9, 10, 11, 
12, 13, 14, 15, 16, 17, 18, 19, 20, 21, 
22, 23, 24, 25, 26, 27, 28, 29, 30, 31, 
32, 34, 35, 36, 37, 39, 40, 41, 42, 43, 
44, 
Roll for 1
Combined Q: 
select for id 1
select move 2 with combinedQ 0.000000
select move
MC Move 2 
-1->38->0->33->1->2->
dummy mov 34 
-1->38->0->33->1->2->
Roll remain 39
after malloc
length remain 44

3, 4, 5, 6, 7, 8, 9, 10, 11, 12, 
13, 14, 15, 16, 17, 18, 19, 20, 21, 22, 
23, 24, 25, 26, 27, 28, 29, 30, 31, 32, 
34, 35, 36, 37, 39, 40, 41, 42, 43, 
Roll for 2
Combined Q: 
select for id 2
select move 3 with combinedQ 0.000000
select move
MC Move 3 
-1->38->0->33->1->2->3->
dummy mov 37 
-1->38->0->33->1->2->3->
Roll remain 37
after malloc
length remain 43

4, 5, 6, 7, 8, 9, 10, 11, 12, 13, 
14, 15, 16, 17, 18, 19, 20, 21, 22, 23, 
24, 25, 26, 27, 28, 29, 30, 31, 32, 34, 
35, 36, 37, 39, 40, 41, 42, 
Roll for 3
Combined Q: 
select for id 3
select move 4 with combinedQ 0.000000
select move
MC Move 4 
-1->38->0->33->1->2->3->4->
dummy mov 21 
-1->38->0->33->1->2->3->4->
Roll remain 35
after malloc
length remain 42

5, 6, 7, 8, 9, 10, 11, 12, 13, 14, 
15, 16, 17, 18, 19, 20, 21, 22, 23, 24, 
25, 26, 27, 28, 29, 30, 31, 32, 34, 35, 
36, 37, 39, 40, 41, 
Roll for 4
Combined Q: 
select for id 4
select move 5 with combinedQ 0.000000
select move
MC Move 5 
-1->38->0->33->1->2->3->4->5->
dummy mov 9 
-1->38->0->33->1->2->3->4->5->
Roll remain 33
after malloc
length remain 41

6, 7, 8, 9, 10, 11, 12, 13, 14, 15, 
16, 17, 18, 19, 20, 21, 22, 23, 24, 25, 
26, 27, 28, 29, 30, 31, 32, 34, 35, 36, 
37, 39, 40, 
Roll for 5
Combined Q: 
select for id 5
select move 6 with combinedQ 0.000000
select move
MC Move 6 
-1->38->0->33->1->2->3->4->5->6->
dummy mov 34 
-1->38->0->33->1->2->3->4->5->6->
Roll remain 31
after malloc
length remain 40

7, 8, 9, 10, 11, 12, 13, 14, 15, 16, 
17, 18, 19, 20, 21, 22, 23, 24, 25, 26, 
27, 28, 29, 30, 31, 32, 34, 35, 36, 37, 
39, 
Roll for 6
Combined Q: 
select for id 6
select move 44 with combinedQ 0.497497
select move
MC Move 44 
-1->38->0->33->1->2->3->4->5->6->44->
dummy mov 26 
-1->38->0->33->1->2->3->4->5->6->44->
Roll remain 29
after malloc
length remain 39

7, 8, 9, 10, 11, 12, 13, 14, 15, 16, 
17, 18, 19, 20, 21, 22, 23, 24, 25, 26, 
27, 28, 29, 30, 31, 32, 34, 35, 36, 
Roll for 44
Combined Q: 
select for id 44
select move 42 with combinedQ 0.994955
select move
MC Move 42 
-1->38->0->33->1->2->3->4->5->6->44->42->
dummy mov 28 
-1->38->0->33->1->2->3->4->5->6->44->42->
Roll remain 27
after malloc
length remain 38

7, 8, 9, 10, 11, 12, 13, 14, 15, 16, 
17, 18, 19, 20, 21, 22, 23, 24, 25, 26, 
27, 28, 29, 30, 31, 32, 34, 
Roll for 42
Combined Q: 
select for id 42
select move 40 with combinedQ 0.994917
select move
MC Move 40 
-1->38->0->33->1->2->3->4->5->6->44->42->40->
dummy mov 23 
-1->38->0->33->1->2->3->4->5->6->44->42->40->
Roll remain 25
after malloc
length remain 37

7, 8, 9, 10, 11, 12, 13, 14, 15, 16, 
17, 18, 19, 20, 21, 22, 23, 24, 25, 26, 
27, 28, 29, 30, 31, 
Roll for 40
Combined Q: 
select for id 40
select move 36 with combinedQ 0.497441
select move
MC Move 36 
-1->38->0->33->1->2->3->4->5->6->44->42->40->36->
dummy mov 10 
-1->38->0->33->1->2->3->4->5->6->44->42->40->36->
Roll remain 23
after malloc
length remain 36

7, 8, 9, 10, 11, 12, 13, 14, 15, 16, 
17, 18, 19, 20, 21, 22, 23, 24, 25, 26, 
27, 28, 29, 
Roll for 36
Combined Q: 
select for id 36
select move 23 with combinedQ 0.142122
select move
MC Move 23 
-1->38->0->33->1->2->3->4->5->6->44->42->40->36->23->
dummy mov 16 
-1->38->0->33->1->2->3->4->5->6->44->42->40->36->23->
Roll remain 21
after malloc
length remain 35

7, 8, 9, 10, 11, 12, 13, 14, 15, 16, 
17, 18, 19, 20, 21, 22, 24, 25, 26, 27, 
28, 
Roll for 23
Combined Q: 
select for id 23
select move 19 with combinedQ 1.000000
select move
MC Move 19 
-1->38->0->33->1->2->3->4->5->6->44->42->40->36->23->19->
dummy mov 25 
-1->38->0->33->1->2->3->4->5->6->44->42->40->36->23->19->
Roll remain 19
after malloc
length remain 34

7, 8, 9, 10, 11, 12, 13, 14, 15, 16, 
17, 18, 20, 21, 22, 24, 25, 26, 27, 
Roll for 19
Combined Q: 
select for id 19
select move 11 with combinedQ 0.994797
select move
MC Move 11 
-1->38->0->33->1->2->3->4->5->6->44->42->40->36->23->19->11->
dummy mov 15 
-1->38->0->33->1->2->3->4->5->6->44->42->40->36->23->19->11->
Roll remain 17
after malloc
length remain 33

7, 8, 9, 10, 12, 13, 14, 15, 16, 17, 
18, 20, 21, 22, 24, 25, 26, 
Roll for 11
Combined Q: 
select for id 11
select move 26 with combinedQ 0.066317
select move
MC Move 26 
-1->38->0->33->1->2->3->4->5->6->44->42->40->36->23->19->11->26->
dummy mov 14 
-1->38->0->33->1->2->3->4->5->6->44->42->40->36->23->19->11->26->
Roll remain 15
after malloc
length remain 32

7, 8, 9, 10, 12, 13, 14, 15, 16, 17, 
18, 20, 21, 22, 24, 
Roll for 26
Combined Q: 
select for id 26
select move 21 with combinedQ 1.000000
select move
MC Move 21 
-1->38->0->33->1->2->3->4->5->6->44->42->40->36->23->19->11->26->21->
dummy mov 12 
-1->38->0->33->1->2->3->4->5->6->44->42->40->36->23->19->11->26->21->
Roll remain 13
after malloc
length remain 31

7, 8, 9, 10, 12, 13, 14, 15, 16, 17, 
18, 20, 22, 
Roll for 21
Combined Q: 
select for id 21
select move 10 with combinedQ 0.994698
select move
MC Move 10 
-1->38->0->33->1->2->3->4->5->6->44->42->40->36->23->19->11->26->21->10->
dummy mov 12 
-1->38->0->33->1->2->3->4->5->6->44->42->40->36->23->19->11->26->21->10->
Roll remain 11
after malloc
length remain 30

7, 8, 9, 12, 13, 14, 15, 16, 17, 18, 
20, 
Roll for 10
Combined Q: 
select for id 10
select move 7 with combinedQ 0.000000
select move
MC Move 7 
-1->38->0->33->1->2->3->4->5->6->44->42->40->36->23->19->11->26->21->10->7->
dummy mov 13 
-1->38->0->33->1->2->3->4->5->6->44->42->40->36->23->19->11->26->21->10->7->
Roll remain 9
after malloc
length remain 29

8, 9, 12, 13, 14, 15, 16, 17, 18, 
Roll for 7
Combined Q: 
select for id 7
select move 43 with combinedQ 0.331538
select move
MC Move 43 
-1->38->0->33->1->2->3->4->5->6->44->42->40->36->23->19->11->26->21->10->7->43->
dummy mov 12 
-1->38->0->33->1->2->3->4->5->6->44->42->40->36->23->19->11->26->21->10->7->43->
Roll remain 7
after malloc
length remain 28

8, 9, 12, 13, 14, 15, 16, 
Roll for 43
Combined Q: 
select for id 43
select move 39 with combinedQ 0.994587
select move
MC Move 39 
-1->38->0->33->1->2->3->4->5->6->44->42->40->36->23->19->11->26->21->10->7->43->39->
dummy mov 9 
-1->38->0->33->1->2->3->4->5->6->44->42->40->36->23->19->11->26->21->10->7->43->39->
Roll remain 5
after malloc
length remain 27

8, 9, 12, 13, 14, 
Roll for 39
Combined Q: 
select for id 39
select move 34 with combinedQ 0.331521
select move
MC Move 34 
-1->38->0->33->1->2->3->4->5->6->44->42->40->36->23->19->11->26->21->10->7->43->39->34->
dummy mov 8 
-1->38->0->33->1->2->3->4->5->6->44->42->40->36->23->19->11->26->21->10->7->43->39->34->
Roll remain 3
after malloc
length remain 26

8, 9, 12, 
Roll for 34
Combined Q: 
select for id 34
select move 8 with combinedQ 0.000000
select move
MC Move 8 
-1->38->0->33->1->2->3->4->5->6->44->42->40->36->23->19->11->26->21->10->7->43->39->34->8->
dummy mov 9 
-1->38->0->33->1->2->3->4->5->6->44->42->40->36->23->19->11->26->21->10->7->43->39->34->8->
MC Move 9 
-1->38->0->33->1->2->3->4->5->6->44->42->40->36->23->19->11->26->21->10->7->43->39->34->8->
1	1	1	1	1	1	1	-----------------
1	1	-1	1	1	-1	-1	-----------------
-1	1	-1	-1	-1	1	-1	-----------------
1	-1	1	-1	-1	1	-1	-----------------
-1	-1	1	-1	-1	1	1	-----------------
1	1	1	1	1	1	-1	-----------------
1	1	1	-1	-1	-1	-1	-----------------
win?  -1
count 0
-1->
Roll remain 49
after malloc
length remain 49

0, 1, 2, 3, 4, 5, 6, 7, 8, 9, 
10, 11, 12, 13, 14, 15, 16, 17, 18, 19, 
20, 21, 22, 23, 24, 25, 26, 27, 28, 29, 
30, 31, 32, 33, 34, 35, 36, 37, 38, 39, 
40, 41, 42, 43, 44, 45, 46, 47, 48, 
Roll for -1
Combined Q: 
select for id -1
select move 38 with combinedQ 0.517160
select move
MC Move 38 
-1->38->
dummy mov 42 
-1->38->
Roll remain 47
after malloc
length remain 48

0, 1, 2, 3, 4, 5, 6, 7, 8, 9, 
10, 11, 12, 13, 14, 15, 16, 17, 18, 19, 
20, 21, 22, 23, 24, 25, 26, 27, 28, 29, 
30, 31, 32, 33, 34, 35, 36, 37, 39, 40, 
41, 42, 43, 44, 45, 46, 47, 
Roll for 38
Combined Q: 
select for id 38
select move 15 with combinedQ 0.639297
select move
MC Move 15 
-1->38->15->
dummy mov 22 
-1->38->15->
Roll remain 45
after malloc
length remain 47

0, 1, 2, 3, 4, 5, 6, 7, 8, 9, 
10, 11, 12, 13, 14, 16, 17, 18, 19, 20, 
21, 22, 23, 24, 25, 26, 27, 28, 29, 30, 
31, 32, 33, 34, 35, 36, 37, 39, 40, 41, 
42, 43, 44, 45, 46, 
Roll for 15
Combined Q: 
select for id 15
select move 0 with combinedQ 0.000000
select move
MC Move 0 
-1->38->15->0->
dummy mov 4 
-1->38->15->0->
Roll remain 43
after malloc
length remain 46

1, 2, 3, 4, 5, 6, 7, 8, 9, 10, 
11, 12, 13, 14, 16, 17, 18, 19, 20, 21, 
22, 23, 24, 25, 26, 27, 28, 29, 30, 31, 
32, 33, 34, 35, 36, 37, 39, 40, 41, 42, 
43, 44, 45, 
Roll for 0
Combined Q: 
select for id 0
select move 6 with combinedQ 0.559337
select move
MC Move 6 
-1->38->15->0->6->
dummy mov 28 
-1->38->15->0->6->
Roll remain 41
after malloc
length remain 45

1, 2, 3, 4, 5, 7, 8, 9, 10, 11, 
12, 13, 14, 16, 17, 18, 19, 20, 21, 22, 
23, 24, 25, 26, 27, 28, 29, 30, 31, 32, 
33, 34, 35, 36, 37, 39, 40, 41, 42, 43, 
44, 
Roll for 6
Combined Q: 
select for id 6
select move 44 with combinedQ 0.579312
select move
MC Move 44 
-1->38->15->0->6->44->
dummy mov 33 
-1->38->15->0->6->44->
Roll remain 39
after malloc
length remain 44

1, 2, 3, 4, 5, 7, 8, 9, 10, 11, 
12, 13, 14, 16, 17, 18, 19, 20, 21, 22, 
23, 24, 25, 26, 27, 28, 29, 30, 31, 32, 
33, 34, 35, 36, 37, 39, 40, 41, 42, 
Roll for 44
Combined Q: 
select for id 44
select move 46 with combinedQ 0.994248
select move
MC Move 46 
-1->38->15->0->6->44->46->
dummy mov 35 
-1->38->15->0->6->44->46->
Roll remain 37
after malloc
length remain 43

1, 2, 3, 4, 5, 7, 8, 9, 10, 11, 
12, 13, 14, 16, 17, 18, 19, 20, 21, 22, 
23, 24, 25, 26, 27, 28, 29, 30, 31, 32, 
33, 34, 35, 36, 37, 39, 40, 
Roll for 46
Combined Q: 
select for id 46
select move 43 with combinedQ 0.994205
select move
MC Move 43 
-1->38->15->0->6->44->46->43->
dummy mov 19 
-1->38->15->0->6->44->46->43->
Roll remain 35
after malloc
length remain 42

1, 2, 3, 4, 5, 7, 8, 9, 10, 11, 
12, 13, 14, 16, 17, 18, 19, 20, 21, 22, 
23, 24, 25, 26, 27, 28, 29, 30, 31, 32, 
33, 34, 35, 36, 37, 
Roll for 43
Combined Q: 
select for id 43
select move 40 with combinedQ 0.994165
select move
MC Move 40 
-1->38->15->0->6->44->46->43->40->
dummy mov 4 
-1->38->15->0->6->44->46->43->40->
Roll remain 33
after malloc
length remain 41

1, 2, 3, 4, 5, 7, 8, 9, 10, 11, 
12, 13, 14, 16, 17, 18, 19, 20, 21, 22, 
23, 24, 25, 26, 27, 28, 29, 30, 31, 32, 
33, 34, 35, 
Roll for 40
Combined Q: 
select for id 40
select move 42 with combinedQ 0.994121
select move
MC Move 42 
-1->38->15->0->6->44->46->43->40->42->
dummy mov 29 
-1->38->15->0->6->44->46->43->40->42->
Roll remain 31
after malloc
length remain 40

1, 2, 3, 4, 5, 7, 8, 9, 10, 11, 
12, 13, 14, 16, 17, 18, 19, 20, 21, 22, 
23, 24, 25, 26, 27, 28, 29, 30, 31, 32, 
33, 
Roll for 42
Combined Q: 
select for id 42
select move 25 with combinedQ 0.497047
select move
MC Move 25 
-1->38->15->0->6->44->46->43->40->42->25->
dummy mov 22 
-1->38->15->0->6->44->46->43->40->42->25->
Roll remain 29
after malloc
length remain 39

1, 2, 3, 4, 5, 7, 8, 9, 10, 11, 
12, 13, 14, 16, 17, 18, 19, 20, 21, 22, 
23, 24, 26, 27, 28, 29, 30, 31, 32, 
Roll for 25
Combined Q: 
select for id 25
select move 1 with combinedQ 0.000000
select move
MC Move 1 
-1->38->15->0->6->44->46->43->40->42->25->1->
dummy mov 26 
-1->38->15->0->6->44->46->43->40->42->25->1->
Roll remain 27
after malloc
length remain 38

2, 3, 4, 5, 7, 8, 9, 10, 11, 12, 
13, 14, 16, 17, 18, 19, 20, 21, 22, 23, 
24, 26, 27, 28, 29, 30, 31, 
Roll for 1
Combined Q: 
select for id 1
select move 36 with combinedQ 0.302523
select move
MC Move 36 
-1->38->15->0->6->44->46->43->40->42->25->1->36->
dummy mov 20 
-1->38->15->0->6->44->46->43->40->42->25->1->36->
Roll remain 25
after malloc
length remain 37

2, 3, 4, 5, 7, 8, 9, 10, 11, 12, 
13, 14, 16, 17, 18, 19, 20, 21, 22, 23, 
24, 26, 27, 28, 29, 
Roll for 36
Combined Q: 
select for id 36
select move 22 with combinedQ 0.397592
select move
MC Move 22 
-1->38->15->0->6->44->46->43->40->42->25->1->36->22->
dummy mov 5 
-1->38->15->0->6->44->46->43->40->42->25->1->36->22->
Roll remain 23
after malloc
length remain 36

2, 3, 4, 5, 7, 8, 9, 10, 11, 12, 
13, 14, 16, 17, 18, 19, 20, 21, 23, 24, 
26, 27, 28, 
Roll for 22
Combined Q: 
select for id 22
select move 2 with combinedQ 0.000000
select move
MC Move 2 
-1->38->15->0->6->44->46->43->40->42->25->1->36->22->2->
dummy mov 13 
-1->38->15->0->6->44->46->43->40->42->25->1->36->22->2->
Roll remain 21
after malloc
length remain 35

3, 4, 5, 7, 8, 9, 10, 11, 12, 13, 
14, 16, 17, 18, 19, 20, 21, 23, 24, 26, 
27, 
Roll for 2
Combined Q: 
select for id 2
select move 26 with combinedQ 0.184913
select move
MC Move 26 
-1->38->15->0->6->44->46->43->40->42->25->1->36->22->2->26->
dummy mov 21 
-1->38->15->0->6->44->46->43->40->42->25->1->36->22->2->26->
Roll remain 19
after malloc
length remain 34

3, 4, 5, 7, 8, 9, 10, 11, 12, 13, 
14, 16, 17, 18, 19, 20, 21, 23, 24, 
Roll for 26
Combined Q: 
select for id 26
select move 18 with combinedQ 0.496938
select move
MC Move 18 
-1->38->15->0->6->44->46->43->40->42->25->1->36->22->2->26->18->
dummy mov 11 
-1->38->15->0->6->44->46->43->40->42->25->1->36->22->2->26->18->
Roll remain 17
after malloc
length remain 33

3, 4, 5, 7, 8, 9, 10, 11, 12, 13, 
14, 16, 17, 19, 20, 21, 23, 
Roll for 18
Combined Q: 
select for id 18
select move 3 with combinedQ 0.000000
select move
MC Move 3 
-1->38->15->0->6->44->46->43->40->42->25->1->36->22->2->26->18->3->
dummy mov 11 
-1->38->15->0->6->44->46->43->40->42->25->1->36->22->2->26->18->3->
Roll remain 15
after malloc
length remain 32

4, 5, 7, 8, 9, 10, 11, 12, 13, 14, 
16, 17, 19, 20, 21, 
Roll for 3
Combined Q: 
select for id 3
select move 14 with combinedQ 0.175379
select move
MC Move 14 
-1->38->15->0->6->44->46->43->40->42->25->1->36->22->2->26->18->3->14->
dummy mov 9 
-1->38->15->0->6->44->46->43->40->42->25->1->36->22->2->26->18->3->14->
Roll remain 13
after malloc
length remain 31

4, 5, 7, 8, 9, 10, 11, 12, 13, 16, 
17, 19, 20, 
Roll for 14
Combined Q: 
select for id 14
select move 4 with combinedQ 0.000000
select move
MC Move 4 
-1->38->15->0->6->44->46->43->40->42->25->1->36->22->2->26->18->3->14->4->
dummy mov 9 
-1->38->15->0->6->44->46->43->40->42->25->1->36->22->2->26->18->3->14->4->
Roll remain 11
after malloc
length remain 30

5, 7, 8, 9, 10, 11, 12, 13, 16, 17, 
19, 
Roll for 4
Combined Q: 
select for id 4
select move 23 with combinedQ 0.175367
select move
MC Move 23 
-1->38->15->0->6->44->46->43->40->42->25->1->36->22->2->26->18->3->14->4->23->
dummy mov 9 
-1->38->15->0->6->44->46->43->40->42->25->1->36->22->2->26->18->3->14->4->23->
Roll remain 9
after malloc
length remain 29

5, 7, 8, 9, 10, 11, 12, 13, 16, 
Roll for 23
Combined Q: 
select for id 23
select move 24 with combinedQ 0.993714
select move
MC Move 24 
-1->38->15->0->6->44->46->43->40->42->25->1->36->22->2->26->18->3->14->4->23->24->
dummy mov 8 
-1->38->15->0->6->44->46->43->40->42->25->1->36->22->2->26->18->3->14->4->23->24->
Roll remain 7
after malloc
length remain 28

5, 7, 8, 9, 10, 11, 12, 
Roll for 24
Combined Q: 
select for id 24
select move 5 with combinedQ 0.000000
select move
MC Move 5 
-1->38->15->0->6->44->46->43->40->42->25->1->36->22->2->26->18->3->14->4->23->24->5->
dummy mov 8 
-1->38->15->0->6->44->46->43->40->42->25->1->36->22->2->26->18->3->14->4->23->24->5->
Roll remain 5
after malloc
length remain 27

7, 8, 9, 10, 11, 
Roll for 5
Combined Q: 
select for id 5
select move 31 with combinedQ 0.229304
select move
MC Move 31 
-1->38->15->0->6->44->46->43->40->42->25->1->36->22->2->26->18->3->14->4->23->24->5->31->
dummy mov 7 
-1->38->15->0->6->44->46->43->40->42->25->1->36->22->2->26->18->3->14->4->23->24->5->31->
Roll remain 3
after malloc
length remain 26

7, 8, 9, 
Roll for 31
Combined Q: 
select for id 31
select move 9 with combinedQ 1.000000
select move
MC Move 9 
-1->38->15->0->6->44->46->43->40->42->25->1->36->22->2->26->18->3->14->4->23->24->5->31->9->
dummy mov 7 
-1->38->15->0->6->44->46->43->40->42->25->1->36->22->2->26->18->3->14->4->23->24->5->31->9->
MC Move 7 
-1->38->15->0->6->44->46->43->40->42->25->1->36->22->2->26->18->3->14->4->23->24->5->31->9->
1	1	1	1	1	1	1	-----------------
1	-1	1	-1	-1	-1	-1	-----------------
1	1	-1	1	1	-1	-1	-----------------
-1	1	1	1	1	1	-1	-----------------
-1	-1	-1	1	-1	-1	-1	-----------------
-1	1	-1	1	-1	1	-1	-----------------
1	1	1	-1	1	-1	-1	-----------------
win?  1
count 2
-1->
Roll remain 49
after malloc
length remain 49

0, 1, 2, 3, 4, 5, 6, 7, 8, 9, 
10, 11, 12, 13, 14, 15, 16, 17, 18, 19, 
20, 21, 22, 23, 24, 25, 26, 27, 28, 29, 
30, 31, 32, 33, 34, 35, 36, 37, 38, 39, 
40, 41, 42, 43, 44, 45, 46, 47, 48, 
Roll for -1
Combined Q: 
select for id -1
select move 33 with combinedQ 0.470644
select move
MC Move 33 
-1->33->
dummy mov 42 
-1->33->
Roll remain 47
after malloc
length remain 48

0, 1, 2, 3, 4, 5, 6, 7, 8, 9, 
10, 11, 12, 13, 14, 15, 16, 17, 18, 19, 
20, 21, 22, 23, 24, 25, 26, 27, 28, 29, 
30, 31, 32, 34, 35, 36, 37, 38, 39, 40, 
41, 42, 43, 44, 45, 46, 47, 
Roll for 33
Combined Q: 
select for id 33
select move 15 with combinedQ 0.687843
select move
MC Move 15 
-1->33->15->
dummy mov 22 
-1->33->15->
Roll remain 45
after malloc
length remain 47

0, 1, 2, 3, 4, 5, 6, 7, 8, 9, 
10, 11, 12, 13, 14, 16, 17, 18, 19, 20, 
21, 22, 23, 24, 25, 26, 27, 28, 29, 30, 
31, 32, 34, 35, 36, 37, 38, 39, 40, 41, 
42, 43, 44, 45, 46, 
Roll for 15
Combined Q: 
select for id 15
select move 45 with combinedQ 0.993473
select move
MC Move 45 
-1->33->15->45->
dummy mov 3 
-1->33->15->45->
Roll remain 43
after malloc
length remain 46

0, 1, 2, 3, 4, 5, 6, 7, 8, 9, 
10, 11, 12, 13, 14, 16, 17, 18, 19, 20, 
21, 22, 23, 24, 25, 26, 27, 28, 29, 30, 
31, 32, 34, 35, 36, 37, 38, 39, 40, 41, 
42, 43, 44, 
Roll for 45
Combined Q: 
select for id 45
select move 47 with combinedQ 0.993425
select move
MC Move 47 
-1->33->15->45->47->
dummy mov 26 
-1->33->15->45->47->
Roll remain 41
after malloc
length remain 45

0, 1, 2, 3, 4, 5, 6, 7, 8, 9, 
10, 11, 12, 13, 14, 16, 17, 18, 19, 20, 
21, 22, 23, 24, 25, 26, 27, 28, 29, 30, 
31, 32, 34, 35, 36, 37, 38, 39, 40, 41, 
42, 
Roll for 47
Combined Q: 
select for id 47
select move 43 with combinedQ 0.993381
select move
MC Move 43 
-1->33->15->45->47->43->
dummy mov 31 
-1->33->15->45->47->43->
Roll remain 39
after malloc
length remain 44

0, 1, 2, 3, 4, 5, 6, 7, 8, 9, 
10, 11, 12, 13, 14, 16, 17, 18, 19, 20, 
21, 22, 23, 24, 25, 26, 27, 28, 29, 30, 
31, 32, 34, 35, 36, 37, 38, 39, 40, 
Roll for 43
Combined Q: 
select for id 43
select move 44 with combinedQ 0.993336
select move
MC Move 44 
-1->33->15->45->47->43->44->
dummy mov 34 
-1->33->15->45->47->43->44->
Roll remain 37
after malloc
length remain 43

0, 1, 2, 3, 4, 5, 6, 7, 8, 9, 
10, 11, 12, 13, 14, 16, 17, 18, 19, 20, 
21, 22, 23, 24, 25, 26, 27, 28, 29, 30, 
31, 32, 34, 35, 36, 37, 38, 
Roll for 44
Combined Q: 
select for id 44
select move 34 with combinedQ 0.709500
select move
MC Move 34 
-1->33->15->45->47->43->44->34->
dummy mov 17 
-1->33->15->45->47->43->44->34->
Roll remain 35
after malloc
length remain 42

0, 1, 2, 3, 4, 5, 6, 7, 8, 9, 
10, 11, 12, 13, 14, 16, 17, 18, 19, 20, 
21, 22, 23, 24, 25, 26, 27, 28, 29, 30, 
31, 32, 35, 36, 37, 
Roll for 34
Combined Q: 
select for id 34
select move 25 with combinedQ 1.000000
select move
MC Move 25 
-1->33->15->45->47->43->44->34->25->
dummy mov 3 
-1->33->15->45->47->43->44->34->25->
Roll remain 33
after malloc
length remain 41

0, 1, 2, 3, 4, 5, 6, 7, 8, 9, 
10, 11, 12, 13, 14, 16, 17, 18, 19, 20, 
21, 22, 23, 24, 26, 27, 28, 29, 30, 31, 
32, 35, 36, 
Roll for 25
Combined Q: 
select for id 25
select move 31 with combinedQ 0.496609
select move
MC Move 31 
-1->33->15->45->47->43->44->34->25->31->
dummy mov 28 
-1->33->15->45->47->43->44->34->25->31->
Roll remain 31
after malloc
length remain 40

0, 1, 2, 3, 4, 5, 6, 7, 8, 9, 
10, 11, 12, 13, 14, 16, 17, 18, 19, 20, 
21, 22, 23, 24, 26, 27, 28, 29, 30, 32, 
35, 
Roll for 31
Combined Q: 
select for id 31
select move 9 with combinedQ 1.000000
select move
MC Move 9 
-1->33->15->45->47->43->44->34->25->31->9->
dummy mov 21 
-1->33->15->45->47->43->44->34->25->31->9->
Roll remain 29
after malloc
length remain 39

0, 1, 2, 3, 4, 5, 6, 7, 8, 10, 
11, 12, 13, 14, 16, 17, 18, 19, 20, 21, 
22, 23, 24, 26, 27, 28, 29, 30, 32, 
Roll for 9
Combined Q: 
select for id 9
select move 0 with combinedQ 0.000000
select move
MC Move 0 
-1->33->15->45->47->43->44->34->25->31->9->0->
dummy mov 24 
-1->33->15->45->47->43->44->34->25->31->9->0->
Roll remain 27
after malloc
length remain 38

1, 2, 3, 4, 5, 6, 7, 8, 10, 11, 
12, 13, 14, 16, 17, 18, 19, 20, 21, 22, 
23, 24, 26, 27, 28, 29, 30, 
Roll for 0
Combined Q: 
select for id 0
select move 6 with combinedQ 0.415864
select move
MC Move 6 
-1->33->15->45->47->43->44->34->25->31->9->0->6->
dummy mov 20 
-1->33->15->45->47->43->44->34->25->31->9->0->6->
Roll remain 25
after malloc
length remain 37

1, 2, 3, 4, 5, 7, 8, 10, 11, 12, 
13, 14, 16, 17, 18, 19, 20, 21, 22, 23, 
24, 26, 27, 28, 29, 
Roll for 6
Combined Q: 
select for id 6
select move 38 with combinedQ 0.496528
select move
MC Move 38 
-1->33->15->45->47->43->44->34->25->31->9->0->6->38->
dummy mov 4 
-1->33->15->45->47->43->44->34->25->31->9->0->6->38->
Roll remain 23
after malloc
length remain 36

1, 2, 3, 4, 5, 7, 8, 10, 11, 12, 
13, 14, 16, 17, 18, 19, 20, 21, 22, 23, 
24, 26, 27, 
Roll for 38
Combined Q: 
select for id 38
select move 5 with combinedQ 0.547887
select move
MC Move 5 
-1->33->15->45->47->43->44->34->25->31->9->0->6->38->5->
dummy mov 13 
-1->33->15->45->47->43->44->34->25->31->9->0->6->38->5->
Roll remain 21
after malloc
length remain 35

1, 2, 3, 4, 7, 8, 10, 11, 12, 13, 
14, 16, 17, 18, 19, 20, 21, 22, 23, 24, 
26, 
Roll for 5
Combined Q: 
select for id 5
select move 42 with combinedQ 0.611065
select move
MC Move 42 
-1->33->15->45->47->43->44->34->25->31->9->0->6->38->5->42->
dummy mov 21 
-1->33->15->45->47->43->44->34->25->31->9->0->6->38->5->42->
Roll remain 19
after malloc
length remain 34

1, 2, 3, 4, 7, 8, 10, 11, 12, 13, 
14, 16, 17, 18, 19, 20, 21, 22, 23, 
Roll for 42
Combined Q: 
select for id 42
select move 40 with combinedQ 0.615159
select move
MC Move 40 
-1->33->15->45->47->43->44->34->25->31->9->0->6->38->5->42->40->
dummy mov 11 
-1->33->15->45->47->43->44->34->25->31->9->0->6->38->5->42->40->
Roll remain 17
after malloc
length remain 33

1, 2, 3, 4, 7, 8, 10, 11, 12, 13, 
14, 16, 17, 18, 19, 20, 21, 
Roll for 40
Combined Q: 
select for id 40
select move 36 with combinedQ 0.346249
select move
MC Move 36 
-1->33->15->45->47->43->44->34->25->31->9->0->6->38->5->42->40->36->
dummy mov 10 
-1->33->15->45->47->43->44->34->25->31->9->0->6->38->5->42->40->36->
Roll remain 15
after malloc
length remain 32

1, 2, 3, 4, 7, 8, 10, 11, 12, 13, 
14, 16, 17, 18, 19, 
Roll for 36
Combined Q: 
select for id 36
select move 23 with combinedQ 0.293148
select move
MC Move 23 
-1->33->15->45->47->43->44->34->25->31->9->0->6->38->5->42->40->36->23->
dummy mov 7 
-1->33->15->45->47->43->44->34->25->31->9->0->6->38->5->42->40->36->23->
Roll remain 13
after malloc
length remain 31

1, 2, 3, 4, 7, 8, 10, 11, 12, 13, 
14, 16, 17, 
Roll for 23
Combined Q: 
select for id 23
select move 22 with combinedQ 0.992859
select move
MC Move 22 
-1->33->15->45->47->43->44->34->25->31->9->0->6->38->5->42->40->36->23->22->
dummy mov 4 
-1->33->15->45->47->43->44->34->25->31->9->0->6->38->5->42->40->36->23->22->
Roll remain 11
after malloc
length remain 30

1, 2, 3, 4, 7, 8, 10, 11, 12, 13, 
14, 
Roll for 22
Combined Q: 
select for id 22
select move 4 with combinedQ 0.165474
select move
MC Move 4 
-1->33->15->45->47->43->44->34->25->31->9->0->6->38->5->42->40->36->23->22->4->
dummy mov 7 
-1->33->15->45->47->43->44->34->25->31->9->0->6->38->5->42->40->36->23->22->4->
Roll remain 9
after malloc
length remain 29

1, 2, 3, 7, 8, 10, 11, 12, 13, 
Roll for 4
Combined Q: 
select for id 4
select move 26 with combinedQ 0.214659
select move
MC Move 26 
-1->33->15->45->47->43->44->34->25->31->9->0->6->38->5->42->40->36->23->22->4->26->
dummy mov 3 
-1->33->15->45->47->43->44->34->25->31->9->0->6->38->5->42->40->36->23->22->4->26->
Roll remain 7
after malloc
length remain 28

1, 2, 3, 7, 8, 10, 11, 
Roll for 26
Combined Q: 
select for id 26
select move 24 with combinedQ 0.397108
select move
MC Move 24 
-1->33->15->45->47->43->44->34->25->31->9->0->6->38->5->42->40->36->23->22->4->26->24->
dummy mov 2 
-1->33->15->45->47->43->44->34->25->31->9->0->6->38->5->42->40->36->23->22->4->26->24->
Roll remain 5
after malloc
length remain 27

1, 2, 3, 7, 8, 
Roll for 24
Combined Q: 
select for id 24
select move 2 with combinedQ 0.992756
select move
MC Move 2 
-1->33->15->45->47->43->44->34->25->31->9->0->6->38->5->42->40->36->23->22->4->26->24->2->
dummy mov 1 
-1->33->15->45->47->43->44->34->25->31->9->0->6->38->5->42->40->36->23->22->4->26->24->2->
Roll remain 3
after malloc
length remain 26

1, 3, 7, 
Roll for 2
Combined Q: 
select for id 2
select move 14 with combinedQ 0.160116
select move
MC Move 14 
-1->33->15->45->47->43->44->34->25->31->9->0->6->38->5->42->40->36->23->22->4->26->24->2->14->
dummy mov 1 
-1->33->15->45->47->43->44->34->25->31->9->0->6->38->5->42->40->36->23->22->4->26->24->2->14->
MC Move 1 
-1->33->15->45->47->43->44->34->25->31->9->0->6->38->5->42->40->36->23->22->4->26->24->2->14->
1	1	1	-1	1	1	1	-----------------
-1	-1	1	1	-1	-1	-1	-----------------
1	1	1	-1	-1	-1	-1	-----------------
-1	1	1	1	1	1	-1	-----------------
1	-1	-1	1	-1	1	1	-----------------
-1	1	-1	1	-1	1	-1	-----------------
1	1	1	1	-1	1	-1	-----------------
win?  1
count 4
-1->
Roll remain 49
after malloc
length remain 49

0, 1, 2, 3, 4, 5, 6, 7, 8, 9, 
10, 11, 12, 13, 14, 15, 16, 17, 18, 19, 
20, 21, 22, 23, 24, 25, 26, 27, 28, 29, 
30, 31, 32, 33, 34, 35, 36, 37, 38, 39, 
40, 41, 42, 43, 44, 45, 46, 47, 48, 
Roll for -1
Combined Q: 
select for id -1
select move 33 with combinedQ 0.392008
select move
MC Move 33 
-1->33->
dummy mov 42 
-1->33->
Roll remain 47
after malloc
length remain 48

0, 1, 2, 3, 4, 5, 6, 7, 8, 9, 
10, 11, 12, 13, 14, 15, 16, 17, 18, 19, 
20, 21, 22, 23, 24, 25, 26, 27, 28, 29, 
30, 31, 32, 34, 35, 36, 37, 38, 39, 40, 
41, 42, 43, 44, 45, 46, 47, 
Roll for 33
Combined Q: 
select for id 33
select move 3 with combinedQ 0.522448
select move
MC Move 3 
-1->33->3->
dummy mov 22 
-1->33->3->
Roll remain 45
after malloc
length remain 47

0, 1, 2, 4, 5, 6, 7, 8, 9, 10, 
11, 12, 13, 14, 15, 16, 17, 18, 19, 20, 
21, 22, 23, 24, 25, 26, 27, 28, 29, 30, 
31, 32, 34, 35, 36, 37, 38, 39, 40, 41, 
42, 43, 44, 45, 46, 
Roll for 3
Combined Q: 
select for id 3
select move 6 with combinedQ 0.595560
select move
MC Move 6 
-1->33->3->6->
dummy mov 4 
-1->33->3->6->
Roll remain 43
after malloc
length remain 46

0, 1, 2, 4, 5, 7, 8, 9, 10, 11, 
12, 13, 14, 15, 16, 17, 18, 19, 20, 21, 
22, 23, 24, 25, 26, 27, 28, 29, 30, 31, 
32, 34, 35, 36, 37, 38, 39, 40, 41, 42, 
43, 44, 45, 
Roll for 6
Combined Q: 
select for id 6
select move 34 with combinedQ 0.496263
select move
MC Move 34 
-1->33->3->6->34->
dummy mov 27 
-1->33->3->6->34->
Roll remain 41
after malloc
length remain 45

0, 1, 2, 4, 5, 7, 8, 9, 10, 11, 
12, 13, 14, 15, 16, 17, 18, 19, 20, 21, 
22, 23, 24, 25, 26, 27, 28, 29, 30, 31, 
32, 35, 36, 37, 38, 39, 40, 41, 42, 43, 
44, 
Roll for 34
Combined Q: 
select for id 34
select move 37 with combinedQ 0.992477
select move
MC Move 37 
-1->33->3->6->34->37->
dummy mov 32 
-1->33->3->6->34->37->
Roll remain 39
after malloc
length remain 44

0, 1, 2, 4, 5, 7, 8, 9, 10, 11, 
12, 13, 14, 15, 16, 17, 18, 19, 20, 21, 
22, 23, 24, 25, 26, 27, 28, 29, 30, 31, 
32, 35, 36, 38, 39, 40, 41, 42, 43, 
Roll for 37
Combined Q: 
select for id 37
select move 0 with combinedQ 0.000000
select move
MC Move 0 
-1->33->3->6->34->37->0->
dummy mov 38 
-1->33->3->6->34->37->0->
Roll remain 37
after malloc
length remain 43

1, 2, 4, 5, 7, 8, 9, 10, 11, 12, 
13, 14, 15, 16, 17, 18, 19, 20, 21, 22, 
23, 24, 25, 26, 27, 28, 29, 30, 31, 32, 
35, 36, 38, 39, 40, 41, 42, 
Roll for 0
Combined Q: 
select for id 0
select move 45 with combinedQ 0.496191
select move
MC Move 45 
-1->33->3->6->34->37->0->45->
dummy mov 19 
-1->33->3->6->34->37->0->45->
Roll remain 35
after malloc
length remain 42

1, 2, 4, 5, 7, 8, 9, 10, 11, 12, 
13, 14, 15, 16, 17, 18, 19, 20, 21, 22, 
23, 24, 25, 26, 27, 28, 29, 30, 31, 32, 
35, 36, 38, 39, 40, 
Roll for 45
Combined Q: 
select for id 45
select move 42 with combinedQ 0.466984
select move
MC Move 42 
-1->33->3->6->34->37->0->45->42->
dummy mov 5 
-1->33->3->6->34->37->0->45->42->
Roll remain 33
after malloc
length remain 41

1, 2, 4, 5, 7, 8, 9, 10, 11, 12, 
13, 14, 15, 16, 17, 18, 19, 20, 21, 22, 
23, 24, 25, 26, 27, 28, 29, 30, 31, 32, 
35, 36, 38, 
Roll for 42
Combined Q: 
select for id 42
select move 40 with combinedQ 0.475989
select move
MC Move 40 
-1->33->3->6->34->37->0->45->42->40->
dummy mov 29 
-1->33->3->6->34->37->0->45->42->40->
Roll remain 31
after malloc
length remain 40

1, 2, 4, 5, 7, 8, 9, 10, 11, 12, 
13, 14, 15, 16, 17, 18, 19, 20, 21, 22, 
23, 24, 25, 26, 27, 28, 29, 30, 31, 32, 
35, 
Roll for 40
Combined Q: 
select for id 40
select move 31 with combinedQ 0.416315
select move
MC Move 31 
-1->33->3->6->34->37->0->45->42->40->31->
dummy mov 22 
-1->33->3->6->34->37->0->45->42->40->31->
Roll remain 29
after malloc
length remain 39

1, 2, 4, 5, 7, 8, 9, 10, 11, 12, 
13, 14, 15, 16, 17, 18, 19, 20, 21, 22, 
23, 24, 25, 26, 27, 28, 29, 30, 32, 
Roll for 31
Combined Q: 
select for id 31
select move 15 with combinedQ 0.992240
select move
MC Move 15 
-1->33->3->6->34->37->0->45->42->40->31->15->
dummy mov 25 
-1->33->3->6->34->37->0->45->42->40->31->15->
Roll remain 27
after malloc
length remain 38

1, 2, 4, 5, 7, 8, 9, 10, 11, 12, 
13, 14, 16, 17, 18, 19, 20, 21, 22, 23, 
24, 25, 26, 27, 28, 29, 30, 
Roll for 15
Combined Q: 
select for id 15
select move 35 with combinedQ 0.551214
select move
MC Move 35 
-1->33->3->6->34->37->0->45->42->40->31->15->35->
dummy mov 20 
-1->33->3->6->34->37->0->45->42->40->31->15->35->
Roll remain 25
after malloc
length remain 37

1, 2, 4, 5, 7, 8, 9, 10, 11, 12, 
13, 14, 16, 17, 18, 19, 20, 21, 22, 23, 
24, 25, 26, 27, 28, 
Roll for 35
Combined Q: 
select for id 35
select move 1 with combinedQ 0.000000
select move
MC Move 1 
-1->33->3->6->34->37->0->45->42->40->31->15->35->1->
dummy mov 7 
-1->33->3->6->34->37->0->45->42->40->31->15->35->1->
Roll remain 23
after malloc
length remain 36

2, 4, 5, 7, 8, 9, 10, 11, 12, 13, 
14, 16, 17, 18, 19, 20, 21, 22, 23, 24, 
25, 26, 27, 
Roll for 1
Combined Q: 
select for id 1
select move 44 with combinedQ 0.595263
select move
MC Move 44 
-1->33->3->6->34->37->0->45->42->40->31->15->35->1->44->
dummy mov 13 
-1->33->3->6->34->37->0->45->42->40->31->15->35->1->44->
Roll remain 21
after malloc
length remain 35

2, 4, 5, 7, 8, 9, 10, 11, 12, 13, 
14, 16, 17, 18, 19, 20, 21, 22, 23, 24, 
25, 
Roll for 44
Combined Q: 
select for id 44
select move 47 with combinedQ 0.992067
select move
MC Move 47 
-1->33->3->6->34->37->0->45->42->40->31->15->35->1->44->47->
dummy mov 21 
-1->33->3->6->34->37->0->45->42->40->31->15->35->1->44->47->
Roll remain 19
after malloc
length remain 34

2, 4, 5, 7, 8, 9, 10, 11, 12, 13, 
14, 16, 17, 18, 19, 20, 21, 22, 23, 
Roll for 47
Combined Q: 
select for id 47
select move 39 with combinedQ 0.496018
select move
MC Move 39 
-1->33->3->6->34->37->0->45->42->40->31->15->35->1->44->47->39->
dummy mov 11 
-1->33->3->6->34->37->0->45->42->40->31->15->35->1->44->47->39->
Roll remain 17
after malloc
length remain 33

2, 4, 5, 7, 8, 9, 10, 11, 12, 13, 
14, 16, 17, 18, 19, 20, 21, 
Roll for 39
Combined Q: 
select for id 39
select move 36 with combinedQ 0.496002
select move
MC Move 36 
-1->33->3->6->34->37->0->45->42->40->31->15->35->1->44->47->39->36->
dummy mov 10 
-1->33->3->6->34->37->0->45->42->40->31->15->35->1->44->47->39->36->
Roll remain 15
after malloc
length remain 32

2, 4, 5, 7, 8, 9, 10, 11, 12, 13, 
14, 16, 17, 18, 19, 
Roll for 36
Combined Q: 
select for id 36
select move 24 with combinedQ 0.365466
select move
MC Move 24 
-1->33->3->6->34->37->0->45->42->40->31->15->35->1->44->47->39->36->24->
dummy mov 8 
-1->33->3->6->34->37->0->45->42->40->31->15->35->1->44->47->39->36->24->
Roll remain 13
after malloc
length remain 31

2, 4, 5, 7, 8, 9, 10, 11, 12, 13, 
14, 16, 17, 
Roll for 24
Combined Q: 
select for id 24
select move 2 with combinedQ 1.000000
select move
MC Move 2 
-1->33->3->6->34->37->0->45->42->40->31->15->35->1->44->47->39->36->24->2->
dummy mov 8 
-1->33->3->6->34->37->0->45->42->40->31->15->35->1->44->47->39->36->24->2->
Roll remain 11
after malloc
length remain 30

4, 5, 7, 8, 9, 10, 11, 12, 13, 14, 
16, 
Roll for 2
Combined Q: 
select for id 2
select move 26 with combinedQ 0.172576
select move
MC Move 26 
-1->33->3->6->34->37->0->45->42->40->31->15->35->1->44->47->39->36->24->2->26->
dummy mov 8 
-1->33->3->6->34->37->0->45->42->40->31->15->35->1->44->47->39->36->24->2->26->
Roll remain 9
after malloc
length remain 29

4, 5, 7, 8, 9, 10, 11, 12, 13, 
Roll for 26
Combined Q: 
select for id 26
select move 22 with combinedQ 0.991887
select move
MC Move 22 
-1->33->3->6->34->37->0->45->42->40->31->15->35->1->44->47->39->36->24->2->26->22->
dummy mov 7 
-1->33->3->6->34->37->0->45->42->40->31->15->35->1->44->47->39->36->24->2->26->22->
Roll remain 7
after malloc
length remain 28

4, 5, 7, 8, 9, 10, 11, 
Roll for 22
Combined Q: 
select for id 22
select move 5 with combinedQ 0.330624
select move
MC Move 5 
-1->33->3->6->34->37->0->45->42->40->31->15->35->1->44->47->39->36->24->2->26->22->5->
dummy mov 7 
-1->33->3->6->34->37->0->45->42->40->31->15->35->1->44->47->39->36->24->2->26->22->5->
Roll remain 5
after malloc
length remain 27

4, 7, 8, 9, 10, 
Roll for 5
Combined Q: 
select for id 5
select move 4 with combinedQ 0.330615
select move
MC Move 4 
-1->33->3->6->34->37->0->45->42->40->31->15->35->1->44->47->39->36->24->2->26->22->5->4->
dummy mov 7 
-1->33->3->6->34->37->0->45->42->40->31->15->35->1->44->47->39->36->24->2->26->22->5->4->
Roll remain 3
after malloc
length remain 26

7, 8, 9, 
Roll for 4
Combined Q: 
select for id 4
select move 7 with combinedQ 0.220404
select move
MC Move 7 
-1->33->3->6->34->37->0->45->42->40->31->15->35->1->44->47->39->36->24->2->26->22->5->4->7->
dummy mov 8 
-1->33->3->6->34->37->0->45->42->40->31->15->35->1->44->47->39->36->24->2->26->22->5->4->7->
MC Move 8 
-1->33->3->6->34->37->0->45->42->40->31->15->35->1->44->47->39->36->24->2->26->22->5->4->7->
1	1	1	1	1	1	1	-----------------
1	-1	-1	-1	-1	-1	-1	-----------------
1	1	-1	-1	-1	-1	-1	-----------------
-1	1	-1	1	-1	1	-1	-----------------
-1	-1	-1	1	-1	1	1	-----------------
1	1	1	-1	1	1	-1	-----------------
1	-1	1	1	-1	1	-1	-----------------
win?  -1
count 4
-1->
Roll remain 49
after malloc
length remain 49

0, 1, 2, 3, 4, 5, 6, 7, 8, 9, 
10, 11, 12, 13, 14, 15, 16, 17, 18, 19, 
20, 21, 22, 23, 24, 25, 26, 27, 28, 29, 
30, 31, 32, 33, 34, 35, 36, 37, 38, 39, 
40, 41, 42, 43, 44, 45, 46, 47, 48, 
Roll for -1
Combined Q: 
select for id -1
select move 28 with combinedQ 0.382958
select move
MC Move 28 
-1->28->
dummy mov 42 
-1->28->
Roll remain 47
after malloc
length remain 48

0, 1, 2, 3, 4, 5, 6, 7, 8, 9, 
10, 11, 12, 13, 14, 15, 16, 17, 18, 19, 
20, 21, 22, 23, 24, 25, 26, 27, 29, 30, 
31, 32, 33, 34, 35, 36, 37, 38, 39, 40, 
41, 42, 43, 44, 45, 46, 47, 
Roll for 28
Combined Q: 
select for id 28
select move 0 with combinedQ 0.000000
select move
MC Move 0 
-1->28->0->
dummy mov 22 
-1->28->0->
Roll remain 45
after malloc
length remain 47

1, 2, 3, 4, 5, 6, 7, 8, 9, 10, 
11, 12, 13, 14, 15, 16, 17, 18, 19, 20, 
21, 22, 23, 24, 25, 26, 27, 29, 30, 31, 
32, 33, 34, 35, 36, 37, 38, 39, 40, 41, 
42, 43, 44, 45, 46, 
Roll for 0
Combined Q: 
select for id 0
select move 6 with combinedQ 0.353301
select move
MC Move 6 
-1->28->0->6->
dummy mov 4 
-1->28->0->6->
Roll remain 43
after malloc
length remain 46

1, 2, 3, 4, 5, 7, 8, 9, 10, 11, 
12, 13, 14, 15, 16, 17, 18, 19, 20, 21, 
22, 23, 24, 25, 26, 27, 29, 30, 31, 32, 
33, 34, 35, 36, 37, 38, 39, 40, 41, 42, 
43, 44, 45, 
Roll for 6
Combined Q: 
select for id 6
select move 34 with combinedQ 0.404071
select move
MC Move 34 
-1->28->0->6->34->
dummy mov 27 
-1->28->0->6->34->
Roll remain 41
after malloc
length remain 45

1, 2, 3, 4, 5, 7, 8, 9, 10, 11, 
12, 13, 14, 15, 16, 17, 18, 19, 20, 21, 
22, 23, 24, 25, 26, 27, 29, 30, 31, 32, 
33, 35, 36, 37, 38, 39, 40, 41, 42, 43, 
44, 
Roll for 34
Combined Q: 
select for id 34
select move 3 with combinedQ 0.991597
select move
MC Move 3 
-1->28->0->6->34->3->
dummy mov 35 
-1->28->0->6->34->3->
Roll remain 39
after malloc
length remain 44

1, 2, 4, 5, 7, 8, 9, 10, 11, 12, 
13, 14, 15, 16, 17, 18, 19, 20, 21, 22, 
23, 24, 25, 26, 27, 29, 30, 31, 32, 33, 
35, 36, 37, 38, 39, 40, 41, 42, 43, 
Roll for 3
Combined Q: 
select for id 3
select move 44 with combinedQ 0.343216
select move
MC Move 44 
-1->28->0->6->34->3->44->
dummy mov 37 
-1->28->0->6->34->3->44->
Roll remain 37
after malloc
length remain 43

1, 2, 4, 5, 7, 8, 9, 10, 11, 12, 
13, 14, 15, 16, 17, 18, 19, 20, 21, 22, 
23, 24, 25, 26, 27, 29, 30, 31, 32, 33, 
35, 36, 37, 38, 39, 40, 41, 
Roll for 44
Combined Q: 
select for id 44
select move 33 with combinedQ 0.811210
select move
MC Move 33 
-1->28->0->6->34->3->44->33->
dummy mov 19 
-1->28->0->6->34->3->44->33->
Roll remain 35
after malloc
length remain 42

1, 2, 4, 5, 7, 8, 9, 10, 11, 12, 
13, 14, 15, 16, 17, 18, 19, 20, 21, 22, 
23, 24, 25, 26, 27, 29, 30, 31, 32, 35, 
36, 37, 38, 39, 40, 
Roll for 33
Combined Q: 
select for id 33
select move 29 with combinedQ 0.469629
select move
MC Move 29 
-1->28->0->6->34->3->44->33->29->
dummy mov 5 
-1->28->0->6->34->3->44->33->29->
Roll remain 33
after malloc
length remain 41

1, 2, 4, 5, 7, 8, 9, 10, 11, 12, 
13, 14, 15, 16, 17, 18, 19, 20, 21, 22, 
23, 24, 25, 26, 27, 30, 31, 32, 35, 36, 
37, 38, 39, 
Roll for 29
Combined Q: 
select for id 29
select move 1 with combinedQ 0.000000
select move
MC Move 1 
-1->28->0->6->34->3->44->33->29->1->
dummy mov 32 
-1->28->0->6->34->3->44->33->29->1->
Roll remain 31
after malloc
length remain 40

2, 4, 5, 7, 8, 9, 10, 11, 12, 13, 
14, 15, 16, 17, 18, 19, 20, 21, 22, 23, 
24, 25, 26, 27, 30, 31, 32, 35, 36, 37, 
38, 
Roll for 1
Combined Q: 
select for id 1
select move 42 with combinedQ 0.440598
select move
MC Move 42 
-1->28->0->6->34->3->44->33->29->1->42->
dummy mov 23 
-1->28->0->6->34->3->44->33->29->1->42->
Roll remain 29
after malloc
length remain 39

2, 4, 5, 7, 8, 9, 10, 11, 12, 13, 
14, 15, 16, 17, 18, 19, 20, 21, 22, 23, 
24, 25, 26, 27, 30, 31, 32, 35, 36, 
Roll for 42
Combined Q: 
select for id 42
select move 27 with combinedQ 0.414222
select move
MC Move 27 
-1->28->0->6->34->3->44->33->29->1->42->27->
dummy mov 25 
-1->28->0->6->34->3->44->33->29->1->42->27->
Roll remain 27
after malloc
length remain 38

2, 4, 5, 7, 8, 9, 10, 11, 12, 13, 
14, 15, 16, 17, 18, 19, 20, 21, 22, 23, 
24, 25, 26, 30, 31, 32, 35, 
Roll for 27
Combined Q: 
select for id 27
select move 31 with combinedQ 1.000000
select move
MC Move 31 
-1->28->0->6->34->3->44->33->29->1->42->27->31->
dummy mov 20 
-1->28->0->6->34->3->44->33->29->1->42->27->31->
Roll remain 25
after malloc
length remain 37

2, 4, 5, 7, 8, 9, 10, 11, 12, 13, 
14, 15, 16, 17, 18, 19, 20, 21, 22, 23, 
24, 25, 26, 30, 32, 
Roll for 31
Combined Q: 
select for id 31
select move 32 with combinedQ 0.669587
select move
MC Move 32 
-1->28->0->6->34->3->44->33->29->1->42->27->31->32->
dummy mov 7 
-1->28->0->6->34->3->44->33->29->1->42->27->31->32->
Roll remain 23
after malloc
length remain 36

2, 4, 5, 7, 8, 9, 10, 11, 12, 13, 
14, 15, 16, 17, 18, 19, 20, 21, 22, 23, 
24, 25, 26, 
Roll for 32
Combined Q: 
select for id 32
select move 16 with combinedQ 1.000000
select move
MC Move 16 
-1->28->0->6->34->3->44->33->29->1->42->27->31->32->16->
dummy mov 13 
-1->28->0->6->34->3->44->33->29->1->42->27->31->32->16->
Roll remain 21
after malloc
length remain 35

2, 4, 5, 7, 8, 9, 10, 11, 12, 13, 
14, 15, 17, 18, 19, 20, 21, 22, 23, 24, 
25, 
Roll for 16
Combined Q: 
select for id 16
select move 8 with combinedQ 0.991184
select move
MC Move 8 
-1->28->0->6->34->3->44->33->29->1->42->27->31->32->16->8->
dummy mov 22 
-1->28->0->6->34->3->44->33->29->1->42->27->31->32->16->8->
Roll remain 19
after malloc
length remain 34

2, 4, 5, 7, 9, 10, 11, 12, 13, 14, 
15, 17, 18, 19, 20, 21, 22, 23, 24, 
Roll for 8
Combined Q: 
select for id 8
select move 18 with combinedQ 0.033638
select move
MC Move 18 
-1->28->0->6->34->3->44->33->29->1->42->27->31->32->16->8->18->
dummy mov 12 
-1->28->0->6->34->3->44->33->29->1->42->27->31->32->16->8->18->
Roll remain 17
after malloc
length remain 33

2, 4, 5, 7, 9, 10, 11, 12, 13, 14, 
15, 17, 19, 20, 21, 22, 23, 
Roll for 18
Combined Q: 
select for id 18
select move 5 with combinedQ 0.495558
select move
MC Move 5 
-1->28->0->6->34->3->44->33->29->1->42->27->31->32->16->8->18->5->
dummy mov 12 
-1->28->0->6->34->3->44->33->29->1->42->27->31->32->16->8->18->5->
Roll remain 15
after malloc
length remain 32

2, 4, 7, 9, 10, 11, 12, 13, 14, 15, 
17, 19, 20, 21, 22, 
Roll for 5
Combined Q: 
select for id 5
select move 2 with combinedQ 0.660723
select move
MC Move 2 
-1->28->0->6->34->3->44->33->29->1->42->27->31->32->16->8->18->5->2->
dummy mov 11 
-1->28->0->6->34->3->44->33->29->1->42->27->31->32->16->8->18->5->2->
Roll remain 13
after malloc
length remain 31

4, 7, 9, 10, 11, 12, 13, 14, 15, 17, 
19, 20, 21, 
Roll for 2
Combined Q: 
select for id 2
select move 40 with combinedQ 0.385400
select move
MC Move 40 
-1->28->0->6->34->3->44->33->29->1->42->27->31->32->16->8->18->5->2->40->
dummy mov 10 
-1->28->0->6->34->3->44->33->29->1->42->27->31->32->16->8->18->5->2->40->
Roll remain 11
after malloc
length remain 30

4, 7, 9, 10, 11, 12, 13, 14, 15, 17, 
19, 
Roll for 40
Combined Q: 
select for id 40
select move 38 with combinedQ 0.330333
select move
MC Move 38 
-1->28->0->6->34->3->44->33->29->1->42->27->31->32->16->8->18->5->2->40->38->
dummy mov 10 
-1->28->0->6->34->3->44->33->29->1->42->27->31->32->16->8->18->5->2->40->38->
Roll remain 9
after malloc
length remain 29

4, 7, 9, 10, 11, 12, 13, 14, 15, 
Roll for 38
Combined Q: 
select for id 38
select move 21 with combinedQ 0.437197
select move
MC Move 21 
-1->28->0->6->34->3->44->33->29->1->42->27->31->32->16->8->18->5->2->40->38->21->
dummy mov 9 
-1->28->0->6->34->3->44->33->29->1->42->27->31->32->16->8->18->5->2->40->38->21->
Roll remain 7
after malloc
length remain 28

4, 7, 9, 10, 11, 12, 13, 
Roll for 21
Combined Q: 
select for id 21
select move 22 with combinedQ 0.500000
select move
MC Move 22 
-1->28->0->6->34->3->44->33->29->1->42->27->31->32->16->8->18->5->2->40->38->21->22->
dummy mov 7 
-1->28->0->6->34->3->44->33->29->1->42->27->31->32->16->8->18->5->2->40->38->21->22->
Roll remain 5
after malloc
length remain 27

4, 7, 9, 10, 11, 
Roll for 22
Combined Q: 
select for id 22
select move 7 with combinedQ 0.330311
select move
MC Move 7 
-1->28->0->6->34->3->44->33->29->1->42->27->31->32->16->8->18->5->2->40->38->21->22->7->
dummy mov 4 
-1->28->0->6->34->3->44->33->29->1->42->27->31->32->16->8->18->5->2->40->38->21->22->7->
Roll remain 3
after malloc
length remain 26

4, 9, 10, 
Roll for 7
Combined Q: 
select for id 7
select move 39 with combinedQ 0.217263
select move
MC Move 39 
-1->28->0->6->34->3->44->33->29->1->42->27->31->32->16->8->18->5->2->40->38->21->22->7->39->
dummy mov 4 
-1->28->0->6->34->3->44->33->29->1->42->27->31->32->16->8->18->5->2->40->38->21->22->7->39->
MC Move 4 
-1->28->0->6->34->3->44->33->29->1->42->27->31->32->16->8->18->5->2->40->38->21->22->7->39->
1	1	1	1	1	1	1	-----------------
1	1	-1	-1	-1	1	-1	-----------------
-1	-1	1	1	1	-1	1	-----------------
1	1	-1	-1	-1	-1	1	-----------------
1	1	1	1	1	1	1	-----------------
-1	-1	1	1	1	1	-1	-----------------
1	-1	1	-1	-1	-1	-1	-----------------
win?  -1
count 4



0, 0, 0, 0, 0, 0, 1, 2, 2, 2, 
