-1->
Roll remain 49
after malloc
length remain 49

0, 1, 2, 3, 4, 5, 6, 7, 8, 9, 
10, 11, 12, 13, 14, 15, 16, 17, 18, 19, 
20, 21, 22, 23, 24, 25, 26, 27, 28, 29, 
30, 31, 32, 33, 34, 35, 36, 37, 38, 39, 
40, 41, 42, 43, 44, 45, 46, 47, 48, 
Roll for -1
Combined Q: 
select for id -1
select move 0 with combinedQ 0.000000
select move
MC Move 0 
-1->0->
dummy mov 47 
-1->0->
Roll remain 47
after malloc
length remain 48

1, 2, 3, 4, 5, 6, 7, 8, 9, 10, 
11, 12, 13, 14, 15, 16, 17, 18, 19, 20, 
21, 22, 23, 24, 25, 26, 27, 28, 29, 30, 
31, 32, 33, 34, 35, 36, 37, 38, 39, 40, 
41, 42, 43, 44, 45, 46, 47, 
Roll for 0
Combined Q: 
select for id 0
select move 4 with combinedQ 1.000000
select move
MC Move 4 
-1->0->4->
dummy mov 44 
-1->0->4->
Roll remain 45
after malloc
length remain 47

1, 2, 3, 5, 6, 7, 8, 9, 10, 11, 
12, 13, 14, 15, 16, 17, 18, 19, 20, 21, 
22, 23, 24, 25, 26, 27, 28, 29, 30, 31, 
32, 33, 34, 35, 36, 37, 38, 39, 40, 41, 
42, 43, 44, 45, 46, 
Roll for 4
Combined Q: 
select for id 4
select move 1 with combinedQ 0.000000
select move
MC Move 1 
-1->0->4->1->
dummy mov 43 
-1->0->4->1->
Roll remain 43
after malloc
length remain 46

2, 3, 5, 6, 7, 8, 9, 10, 11, 12, 
13, 14, 15, 16, 17, 18, 19, 20, 21, 22, 
23, 24, 25, 26, 27, 28, 29, 30, 31, 32, 
33, 34, 35, 36, 37, 38, 39, 40, 41, 42, 
43, 44, 45, 
Roll for 1
Combined Q: 
select for id 1
select move 2 with combinedQ 0.000000
select move
MC Move 2 
-1->0->4->1->2->
dummy mov 19 
-1->0->4->1->2->
Roll remain 41
after malloc
length remain 45

3, 5, 6, 7, 8, 9, 10, 11, 12, 13, 
14, 15, 16, 17, 18, 19, 20, 21, 22, 23, 
24, 25, 26, 27, 28, 29, 30, 31, 32, 33, 
34, 35, 36, 37, 38, 39, 40, 41, 42, 43, 
44, 
Roll for 2
Combined Q: 
select for id 2
select move 7 with combinedQ 1.000000
select move
MC Move 7 
-1->0->4->1->2->7->
dummy mov 29 
-1->0->4->1->2->7->
Roll remain 39
after malloc
length remain 44

3, 5, 6, 8, 9, 10, 11, 12, 13, 14, 
15, 16, 17, 18, 19, 20, 21, 22, 23, 24, 
25, 26, 27, 28, 29, 30, 31, 32, 33, 34, 
35, 36, 37, 38, 39, 40, 41, 42, 43, 
Roll for 7
Combined Q: 
select for id 7
select move 8 with combinedQ 1.000000
select move
MC Move 8 
-1->0->4->1->2->7->8->
dummy mov 34 
-1->0->4->1->2->7->8->
Roll remain 37
after malloc
length remain 43

3, 5, 6, 9, 10, 11, 12, 13, 14, 15, 
16, 17, 18, 19, 20, 21, 22, 23, 24, 25, 
26, 27, 28, 29, 30, 31, 32, 33, 34, 35, 
36, 37, 38, 39, 40, 41, 42, 
Roll for 8
Combined Q: 
select for id 8
select move 9 with combinedQ 1.000000
select move
MC Move 9 
-1->0->4->1->2->7->8->9->
dummy mov 6 
-1->0->4->1->2->7->8->9->
Roll remain 35
after malloc
length remain 42

3, 5, 6, 10, 11, 12, 13, 14, 15, 16, 
17, 18, 19, 20, 21, 22, 23, 24, 25, 26, 
27, 28, 29, 30, 31, 32, 33, 34, 35, 36, 
37, 38, 39, 40, 41, 
Roll for 9
Combined Q: 
select for id 9
select move 3 with combinedQ 0.000000
select move
MC Move 3 
-1->0->4->1->2->7->8->9->3->
dummy mov 14 
-1->0->4->1->2->7->8->9->3->
Roll remain 33
after malloc
length remain 41

5, 6, 10, 11, 12, 13, 14, 15, 16, 17, 
18, 19, 20, 21, 22, 23, 24, 25, 26, 27, 
28, 29, 30, 31, 32, 33, 34, 35, 36, 37, 
38, 39, 40, 
Roll for 3
Combined Q: 
select for id 3
select move 11 with combinedQ 1.000000
select move
MC Move 11 
-1->0->4->1->2->7->8->9->3->11->
dummy mov 37 
-1->0->4->1->2->7->8->9->3->11->
Roll remain 31
after malloc
length remain 40

5, 6, 10, 12, 13, 14, 15, 16, 17, 18, 
19, 20, 21, 22, 23, 24, 25, 26, 27, 28, 
29, 30, 31, 32, 33, 34, 35, 36, 37, 38, 
39, 
Roll for 11
Combined Q: 
select for id 11
select move 12 with combinedQ 1.000000
select move
MC Move 12 
-1->0->4->1->2->7->8->9->3->11->12->
dummy mov 18 
-1->0->4->1->2->7->8->9->3->11->12->
Roll remain 29
after malloc
length remain 39

5, 6, 10, 13, 14, 15, 16, 17, 18, 19, 
20, 21, 22, 23, 24, 25, 26, 27, 28, 29, 
30, 31, 32, 33, 34, 35, 36, 37, 38, 
Roll for 12
Combined Q: 
select for id 12
select move 13 with combinedQ 1.000000
select move
MC Move 13 
-1->0->4->1->2->7->8->9->3->11->12->13->
dummy mov 26 
-1->0->4->1->2->7->8->9->3->11->12->13->
Roll remain 27
after malloc
length remain 38

5, 6, 10, 14, 15, 16, 17, 18, 19, 20, 
21, 22, 23, 24, 25, 26, 27, 28, 29, 30, 
31, 32, 33, 34, 35, 36, 37, 
Roll for 13
Combined Q: 
select for id 13
select move 14 with combinedQ 1.000000
select move
MC Move 14 
-1->0->4->1->2->7->8->9->3->11->12->13->14->
dummy mov 10 
-1->0->4->1->2->7->8->9->3->11->12->13->14->
Roll remain 25
after malloc
length remain 37

5, 6, 10, 15, 16, 17, 18, 19, 20, 21, 
22, 23, 24, 25, 26, 27, 28, 29, 30, 31, 
32, 33, 34, 35, 36, 
Roll for 14
Combined Q: 
select for id 14
select move 24 with combinedQ 1.000000
select move
MC Move 24 
-1->0->4->1->2->7->8->9->3->11->12->13->14->24->
dummy mov 23 
-1->0->4->1->2->7->8->9->3->11->12->13->14->24->
Roll remain 23
after malloc
length remain 36

5, 6, 10, 15, 16, 17, 18, 19, 20, 21, 
22, 23, 25, 26, 27, 28, 29, 30, 31, 32, 
33, 34, 35, 
Roll for 24
Combined Q: 
select for id 24
select move 5 with combinedQ 0.000000
select move
MC Move 5 
-1->0->4->1->2->7->8->9->3->11->12->13->14->24->5->
dummy mov 22 
-1->0->4->1->2->7->8->9->3->11->12->13->14->24->5->
Roll remain 21
after malloc
length remain 35

6, 10, 15, 16, 17, 18, 19, 20, 21, 22, 
23, 25, 26, 27, 28, 29, 30, 31, 32, 33, 
34, 
Roll for 5
Combined Q: 
select for id 5
select move 16 with combinedQ 1.000000
select move
MC Move 16 
-1->0->4->1->2->7->8->9->3->11->12->13->14->24->5->16->
dummy mov 21 
-1->0->4->1->2->7->8->9->3->11->12->13->14->24->5->16->
Roll remain 19
after malloc
length remain 34

6, 10, 15, 17, 18, 19, 20, 21, 22, 23, 
25, 26, 27, 28, 29, 30, 31, 32, 33, 
Roll for 16
Combined Q: 
select for id 16
select move 17 with combinedQ 1.000000
select move
MC Move 17 
-1->0->4->1->2->7->8->9->3->11->12->13->14->24->5->16->17->
dummy mov 32 
-1->0->4->1->2->7->8->9->3->11->12->13->14->24->5->16->17->
Roll remain 17
after malloc
length remain 33

6, 10, 15, 18, 19, 20, 21, 22, 23, 25, 
26, 27, 28, 29, 30, 31, 32, 
Roll for 17
Combined Q: 
select for id 17
select move 18 with combinedQ 1.000000
select move
MC Move 18 
-1->0->4->1->2->7->8->9->3->11->12->13->14->24->5->16->17->18->
dummy mov 29 
-1->0->4->1->2->7->8->9->3->11->12->13->14->24->5->16->17->18->
Roll remain 15
after malloc
length remain 32

6, 10, 15, 19, 20, 21, 22, 23, 25, 26, 
27, 28, 29, 30, 31, 
Roll for 18
Combined Q: 
select for id 18
select move 6 with combinedQ 0.000000
select move
MC Move 6 
-1->0->4->1->2->7->8->9->3->11->12->13->14->24->5->16->17->18->6->
dummy mov 29 
-1->0->4->1->2->7->8->9->3->11->12->13->14->24->5->16->17->18->6->
Roll remain 13
after malloc
length remain 31

10, 15, 19, 20, 21, 22, 23, 25, 26, 27, 
28, 29, 30, 
Roll for 6
Combined Q: 
select for id 6
select move 10 with combinedQ 0.000000
select move
MC Move 10 
-1->0->4->1->2->7->8->9->3->11->12->13->14->24->5->16->17->18->6->10->
dummy mov 25 
-1->0->4->1->2->7->8->9->3->11->12->13->14->24->5->16->17->18->6->10->
Roll remain 11
after malloc
length remain 30

15, 19, 20, 21, 22, 23, 25, 26, 27, 28, 
29, 
Roll for 10
Combined Q: 
select for id 10
select move 15 with combinedQ 0.000000
select move
MC Move 15 
-1->0->4->1->2->7->8->9->3->11->12->13->14->24->5->16->17->18->6->10->15->
dummy mov 26 
-1->0->4->1->2->7->8->9->3->11->12->13->14->24->5->16->17->18->6->10->15->
Roll remain 9
after malloc
length remain 29

19, 20, 21, 22, 23, 25, 26, 27, 28, 
Roll for 15
Combined Q: 
select for id 15
select move 19 with combinedQ 0.000000
select move
MC Move 19 
-1->0->4->1->2->7->8->9->3->11->12->13->14->24->5->16->17->18->6->10->15->19->
dummy mov 22 
-1->0->4->1->2->7->8->9->3->11->12->13->14->24->5->16->17->18->6->10->15->19->
Roll remain 7
after malloc
length remain 28

20, 21, 22, 23, 25, 26, 27, 
Roll for 19
Combined Q: 
select for id 19
select move 20 with combinedQ 0.000000
select move
MC Move 20 
-1->0->4->1->2->7->8->9->3->11->12->13->14->24->5->16->17->18->6->10->15->19->20->
dummy mov 23 
-1->0->4->1->2->7->8->9->3->11->12->13->14->24->5->16->17->18->6->10->15->19->20->
Roll remain 5
after malloc
length remain 27

21, 22, 23, 25, 26, 
Roll for 20
Combined Q: 
select for id 20
select move 21 with combinedQ 0.000000
select move
MC Move 21 
-1->0->4->1->2->7->8->9->3->11->12->13->14->24->5->16->17->18->6->10->15->19->20->21->
dummy mov 22 
-1->0->4->1->2->7->8->9->3->11->12->13->14->24->5->16->17->18->6->10->15->19->20->21->
Roll remain 3
after malloc
length remain 26

22, 23, 25, 
Roll for 21
Combined Q: 
select for id 21
select move 22 with combinedQ 0.000000
select move
MC Move 22 
-1->0->4->1->2->7->8->9->3->11->12->13->14->24->5->16->17->18->6->10->15->19->20->21->22->
dummy mov 23 
-1->0->4->1->2->7->8->9->3->11->12->13->14->24->5->16->17->18->6->10->15->19->20->21->22->
MC Move 23 
-1->0->4->1->2->7->8->9->3->11->12->13->14->24->5->16->17->18->6->10->15->19->20->21->22->
1	1	1	1	1	1	1	-----------------
1	1	1	1	1	1	1	-----------------
1	1	1	1	1	1	1	-----------------
1	1	-1	1	-1	-1	-1	-----------------
-1	-1	-1	1	-1	-1	-1	-----------------
-1	-1	-1	-1	1	-1	-1	-----------------
-1	1	1	1	-1	-1	-1	-----------------
win?  -1
count 0
-1->
Roll remain 49
after malloc
length remain 49

0, 1, 2, 3, 4, 5, 6, 7, 8, 9, 
10, 11, 12, 13, 14, 15, 16, 17, 18, 19, 
20, 21, 22, 23, 24, 25, 26, 27, 28, 29, 
30, 31, 32, 33, 34, 35, 36, 37, 38, 39, 
40, 41, 42, 43, 44, 45, 46, 47, 48, 
Roll for -1
Combined Q: 
select for id -1
select move 33 with combinedQ 0.388521
select move
MC Move 33 
-1->33->
dummy mov 47 
-1->33->
Roll remain 47
after malloc
length remain 48

0, 1, 2, 3, 4, 5, 6, 7, 8, 9, 
10, 11, 12, 13, 14, 15, 16, 17, 18, 19, 
20, 21, 22, 23, 24, 25, 26, 27, 28, 29, 
30, 31, 32, 34, 35, 36, 37, 38, 39, 40, 
41, 42, 43, 44, 45, 46, 47, 
Roll for 33
Combined Q: 
select for id 33
select move 3 with combinedQ 1.000000
select move
MC Move 3 
-1->33->3->
dummy mov 44 
-1->33->3->
Roll remain 45
after malloc
length remain 47

0, 1, 2, 4, 5, 6, 7, 8, 9, 10, 
11, 12, 13, 14, 15, 16, 17, 18, 19, 20, 
21, 22, 23, 24, 25, 26, 27, 28, 29, 30, 
31, 32, 34, 35, 36, 37, 38, 39, 40, 41, 
42, 43, 44, 45, 46, 
Roll for 3
Combined Q: 
select for id 3
select move 34 with combinedQ 0.599374
select move
MC Move 34 
-1->33->3->34->
dummy mov 43 
-1->33->3->34->
Roll remain 43
after malloc
length remain 46

0, 1, 2, 4, 5, 6, 7, 8, 9, 10, 
11, 12, 13, 14, 15, 16, 17, 18, 19, 20, 
21, 22, 23, 24, 25, 26, 27, 28, 29, 30, 
31, 32, 35, 36, 37, 38, 39, 40, 41, 42, 
43, 44, 45, 
Roll for 34
Combined Q: 
select for id 34
select move 4 with combinedQ 1.000000
select move
MC Move 4 
-1->33->3->34->4->
dummy mov 17 
-1->33->3->34->4->
Roll remain 41
after malloc
length remain 45

0, 1, 2, 5, 6, 7, 8, 9, 10, 11, 
12, 13, 14, 15, 16, 17, 18, 19, 20, 21, 
22, 23, 24, 25, 26, 27, 28, 29, 30, 31, 
32, 35, 36, 37, 38, 39, 40, 41, 42, 43, 
44, 
Roll for 4
Combined Q: 
select for id 4
select move 37 with combinedQ 0.416192
select move
MC Move 37 
-1->33->3->34->4->37->
dummy mov 26 
-1->33->3->34->4->37->
Roll remain 39
after malloc
length remain 44

0, 1, 2, 5, 6, 7, 8, 9, 10, 11, 
12, 13, 14, 15, 16, 17, 18, 19, 20, 21, 
22, 23, 24, 25, 26, 27, 28, 29, 30, 31, 
32, 35, 36, 38, 39, 40, 41, 42, 43, 
Roll for 37
Combined Q: 
select for id 37
select move 5 with combinedQ 1.000000
select move
MC Move 5 
-1->33->3->34->4->37->5->
dummy mov 31 
-1->33->3->34->4->37->5->
Roll remain 37
after malloc
length remain 43

0, 1, 2, 6, 7, 8, 9, 10, 11, 12, 
13, 14, 15, 16, 17, 18, 19, 20, 21, 22, 
23, 24, 25, 26, 27, 28, 29, 30, 31, 32, 
35, 36, 38, 39, 40, 41, 42, 
Roll for 5
Combined Q: 
select for id 5
select move 1 with combinedQ 0.998803
select move
MC Move 1 
-1->33->3->34->4->37->5->1->
dummy mov 6 
-1->33->3->34->4->37->5->1->
Roll remain 35
after malloc
length remain 42

0, 2, 6, 7, 8, 9, 10, 11, 12, 13, 
14, 15, 16, 17, 18, 19, 20, 21, 22, 23, 
24, 25, 26, 27, 28, 29, 30, 31, 32, 35, 
36, 38, 39, 40, 41, 
Roll for 1
Combined Q: 
select for id 1
select move 39 with combinedQ 0.570702
select move
MC Move 39 
-1->33->3->34->4->37->5->1->39->
dummy mov 10 
-1->33->3->34->4->37->5->1->39->
Roll remain 33
after malloc
length remain 41

0, 2, 6, 7, 8, 9, 10, 11, 12, 13, 
14, 15, 16, 17, 18, 19, 20, 21, 22, 23, 
24, 25, 26, 27, 28, 29, 30, 31, 32, 35, 
36, 38, 40, 
Roll for 39
Combined Q: 
select for id 39
select move 7 with combinedQ 1.000000
select move
MC Move 7 
-1->33->3->34->4->37->5->1->39->7->
dummy mov 35 
-1->33->3->34->4->37->5->1->39->7->
Roll remain 31
after malloc
length remain 40

0, 2, 6, 8, 9, 10, 11, 12, 13, 14, 
15, 16, 17, 18, 19, 20, 21, 22, 23, 24, 
25, 26, 27, 28, 29, 30, 31, 32, 35, 36, 
38, 
Roll for 7
Combined Q: 
select for id 7
select move 2 with combinedQ 0.998676
select move
MC Move 2 
-1->33->3->34->4->37->5->1->39->7->2->
dummy mov 14 
-1->33->3->34->4->37->5->1->39->7->2->
Roll remain 29
after malloc
length remain 39

0, 6, 8, 9, 10, 11, 12, 13, 14, 15, 
16, 17, 18, 19, 20, 21, 22, 23, 24, 25, 
26, 27, 28, 29, 30, 31, 32, 35, 36, 
Roll for 2
Combined Q: 
select for id 2
select move 0 with combinedQ 0.998636
select move
MC Move 0 
-1->33->3->34->4->37->5->1->39->7->2->0->
dummy mov 22 
-1->33->3->34->4->37->5->1->39->7->2->0->
Roll remain 27
after malloc
length remain 38

6, 8, 9, 10, 11, 12, 13, 14, 15, 16, 
17, 18, 19, 20, 21, 22, 23, 24, 25, 26, 
27, 28, 29, 30, 31, 32, 35, 
Roll for 0
Combined Q: 
select for id 0
select move 44 with combinedQ 0.499282
select move
MC Move 44 
-1->33->3->34->4->37->5->1->39->7->2->0->44->
dummy mov 9 
-1->33->3->34->4->37->5->1->39->7->2->0->44->
Roll remain 25
after malloc
length remain 37

6, 8, 9, 10, 11, 12, 13, 14, 15, 16, 
17, 18, 19, 20, 21, 22, 23, 24, 25, 26, 
27, 28, 29, 30, 31, 
Roll for 44
Combined Q: 
select for id 44
select move 6 with combinedQ 0.000000
select move
MC Move 6 
-1->33->3->34->4->37->5->1->39->7->2->0->44->6->
dummy mov 19 
-1->33->3->34->4->37->5->1->39->7->2->0->44->6->
Roll remain 23
after malloc
length remain 36

8, 9, 10, 11, 12, 13, 14, 15, 16, 17, 
18, 19, 20, 21, 22, 23, 24, 25, 26, 27, 
28, 29, 30, 
Roll for 6
Combined Q: 
select for id 6
select move 8 with combinedQ 0.000000
select move
MC Move 8 
-1->33->3->34->4->37->5->1->39->7->2->0->44->6->8->
dummy mov 18 
-1->33->3->34->4->37->5->1->39->7->2->0->44->6->8->
Roll remain 21
after malloc
length remain 35

9, 10, 11, 12, 13, 14, 15, 16, 17, 18, 
19, 20, 21, 22, 23, 24, 25, 26, 27, 28, 
29, 
Roll for 8
Combined Q: 
select for id 8
select move 41 with combinedQ 0.499228
select move
MC Move 41 
-1->33->3->34->4->37->5->1->39->7->2->0->44->6->8->41->
dummy mov 16 
-1->33->3->34->4->37->5->1->39->7->2->0->44->6->8->41->
Roll remain 19
after malloc
length remain 34

9, 10, 11, 12, 13, 14, 15, 16, 17, 18, 
19, 20, 21, 22, 23, 24, 25, 26, 27, 
Roll for 41
Combined Q: 
select for id 41
select move 21 with combinedQ 1.000000
select move
MC Move 21 
-1->33->3->34->4->37->5->1->39->7->2->0->44->6->8->41->21->
dummy mov 26 
-1->33->3->34->4->37->5->1->39->7->2->0->44->6->8->41->21->
Roll remain 17
after malloc
length remain 33

9, 10, 11, 12, 13, 14, 15, 16, 17, 18, 
19, 20, 22, 23, 24, 25, 26, 
Roll for 21
Combined Q: 
select for id 21
select move 12 with combinedQ 1.000000
select move
MC Move 12 
-1->33->3->34->4->37->5->1->39->7->2->0->44->6->8->41->21->12->
dummy mov 23 
-1->33->3->34->4->37->5->1->39->7->2->0->44->6->8->41->21->12->
Roll remain 15
after malloc
length remain 32

9, 10, 11, 13, 14, 15, 16, 17, 18, 19, 
20, 22, 23, 24, 25, 
Roll for 12
Combined Q: 
select for id 12
select move 9 with combinedQ 0.998381
select move
MC Move 9 
-1->33->3->34->4->37->5->1->39->7->2->0->44->6->8->41->21->12->9->
dummy mov 23 
-1->33->3->34->4->37->5->1->39->7->2->0->44->6->8->41->21->12->9->
Roll remain 13
after malloc
length remain 31

10, 11, 13, 14, 15, 16, 17, 18, 19, 20, 
22, 23, 24, 
Roll for 9
Combined Q: 
select for id 9
select move 31 with combinedQ 0.443702
select move
MC Move 31 
-1->33->3->34->4->37->5->1->39->7->2->0->44->6->8->41->21->12->9->31->
dummy mov 17 
-1->33->3->34->4->37->5->1->39->7->2->0->44->6->8->41->21->12->9->31->
Roll remain 11
after malloc
length remain 30

10, 11, 13, 14, 15, 16, 17, 18, 19, 20, 
22, 
Roll for 31
Combined Q: 
select for id 31
select move 17 with combinedQ 1.000000
select move
MC Move 17 
-1->33->3->34->4->37->5->1->39->7->2->0->44->6->8->41->21->12->9->31->17->
dummy mov 18 
-1->33->3->34->4->37->5->1->39->7->2->0->44->6->8->41->21->12->9->31->17->
Roll remain 9
after malloc
length remain 29

10, 11, 13, 14, 15, 16, 18, 19, 20, 
Roll for 17
Combined Q: 
select for id 17
select move 14 with combinedQ 1.000000
select move
MC Move 14 
-1->33->3->34->4->37->5->1->39->7->2->0->44->6->8->41->21->12->9->31->17->14->
dummy mov 13 
-1->33->3->34->4->37->5->1->39->7->2->0->44->6->8->41->21->12->9->31->17->14->
Roll remain 7
after malloc
length remain 28

10, 11, 13, 15, 16, 18, 19, 
Roll for 14
Combined Q: 
select for id 14
select move 11 with combinedQ 0.998256
select move
MC Move 11 
-1->33->3->34->4->37->5->1->39->7->2->0->44->6->8->41->21->12->9->31->17->14->11->
dummy mov 15 
-1->33->3->34->4->37->5->1->39->7->2->0->44->6->8->41->21->12->9->31->17->14->11->
Roll remain 5
after malloc
length remain 27

10, 13, 15, 16, 18, 
Roll for 11
Combined Q: 
select for id 11
select move 35 with combinedQ 0.598927
select move
MC Move 35 
-1->33->3->34->4->37->5->1->39->7->2->0->44->6->8->41->21->12->9->31->17->14->11->35->
dummy mov 10 
-1->33->3->34->4->37->5->1->39->7->2->0->44->6->8->41->21->12->9->31->17->14->11->35->
Roll remain 3
after malloc
length remain 26

10, 13, 15, 
Roll for 35
Combined Q: 
select for id 35
select move 10 with combinedQ 0.000000
select move
MC Move 10 
-1->33->3->34->4->37->5->1->39->7->2->0->44->6->8->41->21->12->9->31->17->14->11->35->10->
dummy mov 13 
-1->33->3->34->4->37->5->1->39->7->2->0->44->6->8->41->21->12->9->31->17->14->11->35->10->
MC Move 13 
-1->33->3->34->4->37->5->1->39->7->2->0->44->6->8->41->21->12->9->31->17->14->11->35->10->
1	1	1	1	1	1	1	-----------------
1	1	1	1	1	1	-1	-----------------
1	-1	-1	1	-1	-1	-1	-----------------
1	-1	-1	-1	1	-1	-1	-----------------
1	-1	-1	1	1	1	1	-----------------
1	-1	1	1	1	-1	1	-----------------
-1	1	1	1	-1	-1	-1	-----------------
win?  -1
count 0
-1->
Roll remain 49
after malloc
length remain 49

0, 1, 2, 3, 4, 5, 6, 7, 8, 9, 
10, 11, 12, 13, 14, 15, 16, 17, 18, 19, 
20, 21, 22, 23, 24, 25, 26, 27, 28, 29, 
30, 31, 32, 33, 34, 35, 36, 37, 38, 39, 
40, 41, 42, 43, 44, 45, 46, 47, 48, 
Roll for -1
Combined Q: 
select for id -1
select move 21 with combinedQ 0.552824
select move
MC Move 21 
-1->21->
dummy mov 47 
-1->21->
Roll remain 47
after malloc
length remain 48

0, 1, 2, 3, 4, 5, 6, 7, 8, 9, 
10, 11, 12, 13, 14, 15, 16, 17, 18, 19, 
20, 22, 23, 24, 25, 26, 27, 28, 29, 30, 
31, 32, 33, 34, 35, 36, 37, 38, 39, 40, 
41, 42, 43, 44, 45, 46, 47, 
Roll for 21
Combined Q: 
select for id 21
select move 3 with combinedQ 1.000000
select move
MC Move 3 
-1->21->3->
dummy mov 44 
-1->21->3->
Roll remain 45
after malloc
length remain 47

0, 1, 2, 4, 5, 6, 7, 8, 9, 10, 
11, 12, 13, 14, 15, 16, 17, 18, 19, 20, 
22, 23, 24, 25, 26, 27, 28, 29, 30, 31, 
32, 33, 34, 35, 36, 37, 38, 39, 40, 41, 
42, 43, 44, 45, 46, 
Roll for 3
Combined Q: 
select for id 3
select move 38 with combinedQ 0.798432
select move
MC Move 38 
-1->21->3->38->
dummy mov 43 
-1->21->3->38->
Roll remain 43
after malloc
length remain 46

0, 1, 2, 4, 5, 6, 7, 8, 9, 10, 
11, 12, 13, 14, 15, 16, 17, 18, 19, 20, 
22, 23, 24, 25, 26, 27, 28, 29, 30, 31, 
32, 33, 34, 35, 36, 37, 39, 40, 41, 42, 
43, 44, 45, 
Roll for 38
Combined Q: 
select for id 38
select move 0 with combinedQ 0.000000
select move
MC Move 0 
-1->21->3->38->0->
dummy mov 17 
-1->21->3->38->0->
Roll remain 41
after malloc
length remain 45

1, 2, 4, 5, 6, 7, 8, 9, 10, 11, 
12, 13, 14, 15, 16, 17, 18, 19, 20, 22, 
23, 24, 25, 26, 27, 28, 29, 30, 31, 32, 
33, 34, 35, 36, 37, 39, 40, 41, 42, 43, 
44, 
Roll for 0
Combined Q: 
select for id 0
select move 44 with combinedQ 0.538468
select move
MC Move 44 
-1->21->3->38->0->44->
dummy mov 27 
-1->21->3->38->0->44->
Roll remain 39
after malloc
length remain 44

1, 2, 4, 5, 6, 7, 8, 9, 10, 11, 
12, 13, 14, 15, 16, 17, 18, 19, 20, 22, 
23, 24, 25, 26, 27, 28, 29, 30, 31, 32, 
33, 34, 35, 36, 37, 39, 40, 41, 42, 
Roll for 44
Combined Q: 
select for id 44
select move 5 with combinedQ 1.000000
select move
MC Move 5 
-1->21->3->38->0->44->5->
dummy mov 32 
-1->21->3->38->0->44->5->
Roll remain 37
after malloc
length remain 43

1, 2, 4, 6, 7, 8, 9, 10, 11, 12, 
13, 14, 15, 16, 17, 18, 19, 20, 22, 23, 
24, 25, 26, 27, 28, 29, 30, 31, 32, 33, 
34, 35, 36, 37, 39, 40, 41, 
Roll for 5
Combined Q: 
select for id 5
select move 4 with combinedQ 0.997890
select move
MC Move 4 
-1->21->3->38->0->44->5->4->
dummy mov 6 
-1->21->3->38->0->44->5->4->
Roll remain 35
after malloc
length remain 42

1, 2, 6, 7, 8, 9, 10, 11, 12, 13, 
14, 15, 16, 17, 18, 19, 20, 22, 23, 24, 
25, 26, 27, 28, 29, 30, 31, 32, 33, 34, 
35, 36, 37, 39, 40, 
Roll for 4
Combined Q: 
select for id 4
select move 37 with combinedQ 0.588330
select move
MC Move 37 
-1->21->3->38->0->44->5->4->37->
dummy mov 10 
-1->21->3->38->0->44->5->4->37->
Roll remain 33
after malloc
length remain 41

1, 2, 6, 7, 8, 9, 10, 11, 12, 13, 
14, 15, 16, 17, 18, 19, 20, 22, 23, 24, 
25, 26, 27, 28, 29, 30, 31, 32, 33, 34, 
35, 36, 39, 
Roll for 37
Combined Q: 
select for id 37
select move 33 with combinedQ 0.997778
select move
MC Move 33 
-1->21->3->38->0->44->5->4->37->33->
dummy mov 34 
-1->21->3->38->0->44->5->4->37->33->
Roll remain 31
after malloc
length remain 40

1, 2, 6, 7, 8, 9, 10, 11, 12, 13, 
14, 15, 16, 17, 18, 19, 20, 22, 23, 24, 
25, 26, 27, 28, 29, 30, 31, 32, 34, 35, 
36, 
Roll for 33
Combined Q: 
select for id 33
select move 47 with combinedQ 0.997726
select move
MC Move 47 
-1->21->3->38->0->44->5->4->37->33->47->
dummy mov 12 
-1->21->3->38->0->44->5->4->37->33->47->
Roll remain 29
after malloc
length remain 39

1, 2, 6, 7, 8, 9, 10, 11, 12, 13, 
14, 15, 16, 17, 18, 19, 20, 22, 23, 24, 
25, 26, 27, 28, 29, 30, 31, 32, 34, 
Roll for 47
Combined Q: 
select for id 47
select move 7 with combinedQ 1.000000
select move
MC Move 7 
-1->21->3->38->0->44->5->4->37->33->47->7->
dummy mov 20 
-1->21->3->38->0->44->5->4->37->33->47->7->
Roll remain 27
after malloc
length remain 38

1, 2, 6, 8, 9, 10, 11, 12, 13, 14, 
15, 16, 17, 18, 19, 20, 22, 23, 24, 25, 
26, 27, 28, 29, 30, 31, 32, 
Roll for 7
Combined Q: 
select for id 7
select move 41 with combinedQ 0.617594
select move
MC Move 41 
-1->21->3->38->0->44->5->4->37->33->47->7->41->
dummy mov 6 
-1->21->3->38->0->44->5->4->37->33->47->7->41->
Roll remain 25
after malloc
length remain 37

1, 2, 6, 8, 9, 10, 11, 12, 13, 14, 
15, 16, 17, 18, 19, 20, 22, 23, 24, 25, 
26, 27, 28, 29, 30, 
Roll for 41
Combined Q: 
select for id 41
select move 8 with combinedQ 1.000000
select move
MC Move 8 
-1->21->3->38->0->44->5->4->37->33->47->7->41->8->
dummy mov 17 
-1->21->3->38->0->44->5->4->37->33->47->7->41->8->
Roll remain 23
after malloc
length remain 36

1, 2, 6, 9, 10, 11, 12, 13, 14, 15, 
16, 17, 18, 19, 20, 22, 23, 24, 25, 26, 
27, 28, 29, 
Roll for 8
Combined Q: 
select for id 8
select move 22 with combinedQ 0.554219
select move
MC Move 22 
-1->21->3->38->0->44->5->4->37->33->47->7->41->8->22->
dummy mov 15 
-1->21->3->38->0->44->5->4->37->33->47->7->41->8->22->
Roll remain 21
after malloc
length remain 35

1, 2, 6, 9, 10, 11, 12, 13, 14, 15, 
16, 17, 18, 19, 20, 23, 24, 25, 26, 27, 
28, 
Roll for 22
Combined Q: 
select for id 22
select move 18 with combinedQ 1.000000
select move
MC Move 18 
-1->21->3->38->0->44->5->4->37->33->47->7->41->8->22->18->
dummy mov 13 
-1->21->3->38->0->44->5->4->37->33->47->7->41->8->22->18->
Roll remain 19
after malloc
length remain 34

1, 2, 6, 9, 10, 11, 12, 13, 14, 15, 
16, 17, 19, 20, 23, 24, 25, 26, 27, 
Roll for 18
Combined Q: 
select for id 18
select move 1 with combinedQ 0.997537
select move
MC Move 1 
-1->21->3->38->0->44->5->4->37->33->47->7->41->8->22->18->1->
dummy mov 26 
-1->21->3->38->0->44->5->4->37->33->47->7->41->8->22->18->1->
Roll remain 17
after malloc
length remain 33

2, 6, 9, 10, 11, 12, 13, 14, 15, 16, 
17, 19, 20, 23, 24, 25, 26, 
Roll for 1
Combined Q: 
select for id 1
select move 39 with combinedQ 0.564098
select move
MC Move 39 
-1->21->3->38->0->44->5->4->37->33->47->7->41->8->22->18->1->39->
dummy mov 20 
-1->21->3->38->0->44->5->4->37->33->47->7->41->8->22->18->1->39->
Roll remain 15
after malloc
length remain 32

2, 6, 9, 10, 11, 12, 13, 14, 15, 16, 
17, 19, 20, 23, 24, 
Roll for 39
Combined Q: 
select for id 39
select move 36 with combinedQ 0.997443
select move
MC Move 36 
-1->21->3->38->0->44->5->4->37->33->47->7->41->8->22->18->1->39->36->
dummy mov 19 
-1->21->3->38->0->44->5->4->37->33->47->7->41->8->22->18->1->39->36->
Roll remain 13
after malloc
length remain 31

2, 6, 9, 10, 11, 12, 13, 14, 15, 16, 
17, 19, 20, 
Roll for 36
Combined Q: 
select for id 36
select move 10 with combinedQ 1.000000
select move
MC Move 10 
-1->21->3->38->0->44->5->4->37->33->47->7->41->8->22->18->1->39->36->10->
dummy mov 14 
-1->21->3->38->0->44->5->4->37->33->47->7->41->8->22->18->1->39->36->10->
Roll remain 11
after malloc
length remain 30

2, 6, 9, 11, 12, 13, 14, 15, 16, 17, 
19, 
Roll for 10
Combined Q: 
select for id 10
select move 11 with combinedQ 1.000000
select move
MC Move 11 
-1->21->3->38->0->44->5->4->37->33->47->7->41->8->22->18->1->39->36->10->11->
dummy mov 15 
-1->21->3->38->0->44->5->4->37->33->47->7->41->8->22->18->1->39->36->10->11->
Roll remain 9
after malloc
length remain 29

2, 6, 9, 12, 13, 14, 15, 16, 17, 
Roll for 11
Combined Q: 
select for id 11
select move 2 with combinedQ 0.997375
select move
MC Move 2 
-1->21->3->38->0->44->5->4->37->33->47->7->41->8->22->18->1->39->36->10->11->2->
dummy mov 12 
-1->21->3->38->0->44->5->4->37->33->47->7->41->8->22->18->1->39->36->10->11->2->
Roll remain 7
after malloc
length remain 28

6, 9, 12, 13, 14, 15, 16, 
Roll for 2
Combined Q: 
select for id 2
select move 42 with combinedQ 0.664881
select move
MC Move 42 
-1->21->3->38->0->44->5->4->37->33->47->7->41->8->22->18->1->39->36->10->11->2->42->
dummy mov 12 
-1->21->3->38->0->44->5->4->37->33->47->7->41->8->22->18->1->39->36->10->11->2->42->
Roll remain 5
after malloc
length remain 27

6, 9, 12, 13, 14, 
Roll for 42
Combined Q: 
select for id 42
select move 13 with combinedQ 1.000000
select move
MC Move 13 
-1->21->3->38->0->44->5->4->37->33->47->7->41->8->22->18->1->39->36->10->11->2->42->13->
dummy mov 6 
-1->21->3->38->0->44->5->4->37->33->47->7->41->8->22->18->1->39->36->10->11->2->42->13->
Roll remain 3
after malloc
length remain 26

6, 9, 12, 
Roll for 13
Combined Q: 
select for id 13
select move 9 with combinedQ 1.000000
select move
MC Move 9 
-1->21->3->38->0->44->5->4->37->33->47->7->41->8->22->18->1->39->36->10->11->2->42->13->9->
dummy mov 6 
-1->21->3->38->0->44->5->4->37->33->47->7->41->8->22->18->1->39->36->10->11->2->42->13->9->
MC Move 6 
-1->21->3->38->0->44->5->4->37->33->47->7->41->8->22->18->1->39->36->10->11->2->42->13->9->
1	1	1	1	1	1	1	-----------------
1	1	1	1	1	-1	1	-----------------
-1	1	-1	-1	1	-1	-1	-----------------
1	1	-1	1	1	-1	-1	-----------------
-1	-1	-1	1	-1	1	-1	-----------------
-1	1	1	1	1	-1	1	-----------------
1	-1	1	1	-1	1	-1	-----------------
win?  1
count 2
-1->
Roll remain 49
after malloc
length remain 49

0, 1, 2, 3, 4, 5, 6, 7, 8, 9, 
10, 11, 12, 13, 14, 15, 16, 17, 18, 19, 
20, 21, 22, 23, 24, 25, 26, 27, 28, 29, 
30, 31, 32, 33, 34, 35, 36, 37, 38, 39, 
40, 41, 42, 43, 44, 45, 46, 47, 48, 
Roll for -1
Combined Q: 
select for id -1
select move 47 with combinedQ 0.712297
select move
MC Move 47 
-1->47->
dummy mov 46 
-1->47->
Roll remain 47
after malloc
length remain 48

0, 1, 2, 3, 4, 5, 6, 7, 8, 9, 
10, 11, 12, 13, 14, 15, 16, 17, 18, 19, 
20, 21, 22, 23, 24, 25, 26, 27, 28, 29, 
30, 31, 32, 33, 34, 35, 36, 37, 38, 39, 
40, 41, 42, 43, 44, 45, 46, 
Roll for 47
Combined Q: 
select for id 47
select move 36 with combinedQ 0.997177
select move
MC Move 36 
-1->47->36->
dummy mov 43 
-1->47->36->
Roll remain 45
after malloc
length remain 47

0, 1, 2, 3, 4, 5, 6, 7, 8, 9, 
10, 11, 12, 13, 14, 15, 16, 17, 18, 19, 
20, 21, 22, 23, 24, 25, 26, 27, 28, 29, 
30, 31, 32, 33, 34, 35, 37, 38, 39, 40, 
41, 42, 43, 44, 45, 
Roll for 36
Combined Q: 
select for id 36
select move 10 with combinedQ 0.916904
select move
MC Move 10 
-1->47->36->10->
dummy mov 42 
-1->47->36->10->
Roll remain 43
after malloc
length remain 46

0, 1, 2, 3, 4, 5, 6, 7, 8, 9, 
11, 12, 13, 14, 15, 16, 17, 18, 19, 20, 
21, 22, 23, 24, 25, 26, 27, 28, 29, 30, 
31, 32, 33, 34, 35, 37, 38, 39, 40, 41, 
42, 43, 44, 
Roll for 10
Combined Q: 
select for id 10
select move 42 with combinedQ 0.997077
select move
MC Move 42 
-1->47->36->10->42->
dummy mov 16 
-1->47->36->10->42->
Roll remain 41
after malloc
length remain 45

0, 1, 2, 3, 4, 5, 6, 7, 8, 9, 
11, 12, 13, 14, 15, 16, 17, 18, 19, 20, 
21, 22, 23, 24, 25, 26, 27, 28, 29, 30, 
31, 32, 33, 34, 35, 37, 38, 39, 40, 41, 
43, 
Roll for 42
Combined Q: 
select for id 42
select move 3 with combinedQ 1.000000
select move
MC Move 3 
-1->47->36->10->42->3->
dummy mov 26 
-1->47->36->10->42->3->
Roll remain 39
after malloc
length remain 44

0, 1, 2, 4, 5, 6, 7, 8, 9, 11, 
12, 13, 14, 15, 16, 17, 18, 19, 20, 21, 
22, 23, 24, 25, 26, 27, 28, 29, 30, 31, 
32, 33, 34, 35, 37, 38, 39, 40, 41, 
Roll for 3
Combined Q: 
select for id 3
select move 38 with combinedQ 0.792433
select move
MC Move 38 
-1->47->36->10->42->3->38->
dummy mov 30 
-1->47->36->10->42->3->38->
Roll remain 37
after malloc
length remain 43

0, 1, 2, 4, 5, 6, 7, 8, 9, 11, 
12, 13, 14, 15, 16, 17, 18, 19, 20, 21, 
22, 23, 24, 25, 26, 27, 28, 29, 30, 31, 
32, 33, 34, 35, 37, 39, 40, 
Roll for 38
Combined Q: 
select for id 38
select move 21 with combinedQ 0.996961
select move
MC Move 21 
-1->47->36->10->42->3->38->21->
dummy mov 2 
-1->47->36->10->42->3->38->21->
Roll remain 35
after malloc
length remain 42

0, 1, 2, 4, 5, 6, 7, 8, 9, 11, 
12, 13, 14, 15, 16, 17, 18, 19, 20, 22, 
23, 24, 25, 26, 27, 28, 29, 30, 31, 32, 
33, 34, 35, 37, 39, 
Roll for 21
Combined Q: 
select for id 21
select move 44 with combinedQ 0.847364
select move
MC Move 44 
-1->47->36->10->42->3->38->21->44->
dummy mov 7 
-1->47->36->10->42->3->38->21->44->
Roll remain 33
after malloc
length remain 41

0, 1, 2, 4, 5, 6, 7, 8, 9, 11, 
12, 13, 14, 15, 16, 17, 18, 19, 20, 22, 
23, 24, 25, 26, 27, 28, 29, 30, 31, 32, 
33, 34, 35, 
Roll for 44
Combined Q: 
select for id 44
select move 39 with combinedQ 0.996860
select move
MC Move 39 
-1->47->36->10->42->3->38->21->44->39->
dummy mov 31 
-1->47->36->10->42->3->38->21->44->39->
Roll remain 31
after malloc
length remain 40

0, 1, 2, 4, 5, 6, 7, 8, 9, 11, 
12, 13, 14, 15, 16, 17, 18, 19, 20, 22, 
23, 24, 25, 26, 27, 28, 29, 30, 31, 32, 
33, 
Roll for 39
Combined Q: 
select for id 39
select move 4 with combinedQ 1.000000
select move
MC Move 4 
-1->47->36->10->42->3->38->21->44->39->4->
dummy mov 11 
-1->47->36->10->42->3->38->21->44->39->4->
Roll remain 29
after malloc
length remain 39

0, 1, 2, 5, 6, 7, 8, 9, 11, 12, 
13, 14, 15, 16, 17, 18, 19, 20, 22, 23, 
24, 25, 26, 27, 28, 29, 30, 31, 32, 
Roll for 4
Combined Q: 
select for id 4
select move 33 with combinedQ 0.758422
select move
MC Move 33 
-1->47->36->10->42->3->38->21->44->39->4->33->
dummy mov 18 
-1->47->36->10->42->3->38->21->44->39->4->33->
Roll remain 27
after malloc
length remain 38

0, 1, 2, 5, 6, 7, 8, 9, 11, 12, 
13, 14, 15, 16, 17, 18, 19, 20, 22, 23, 
24, 25, 26, 27, 28, 29, 30, 
Roll for 33
Combined Q: 
select for id 33
select move 40 with combinedQ 0.897066
select move
MC Move 40 
-1->47->36->10->42->3->38->21->44->39->4->33->40->
dummy mov 2 
-1->47->36->10->42->3->38->21->44->39->4->33->40->
Roll remain 25
after malloc
length remain 37

0, 1, 2, 5, 6, 7, 8, 9, 11, 12, 
13, 14, 15, 16, 17, 18, 19, 20, 22, 23, 
24, 25, 26, 27, 28, 
Roll for 40
Combined Q: 
select for id 40
select move 5 with combinedQ 1.000000
select move
MC Move 5 
-1->47->36->10->42->3->38->21->44->39->4->33->40->5->
dummy mov 15 
-1->47->36->10->42->3->38->21->44->39->4->33->40->5->
Roll remain 23
after malloc
length remain 36

0, 1, 2, 6, 7, 8, 9, 11, 12, 13, 
14, 15, 16, 17, 18, 19, 20, 22, 23, 24, 
25, 26, 27, 
Roll for 5
Combined Q: 
select for id 5
select move 37 with combinedQ 0.882762
select move
MC Move 37 
-1->47->36->10->42->3->38->21->44->39->4->33->40->5->37->
dummy mov 13 
-1->47->36->10->42->3->38->21->44->39->4->33->40->5->37->
Roll remain 21
after malloc
length remain 35

0, 1, 2, 6, 7, 8, 9, 11, 12, 13, 
14, 15, 16, 17, 18, 19, 20, 22, 23, 24, 
25, 
Roll for 37
Combined Q: 
select for id 37
select move 34 with combinedQ 0.996632
select move
MC Move 34 
-1->47->36->10->42->3->38->21->44->39->4->33->40->5->37->34->
dummy mov 11 
-1->47->36->10->42->3->38->21->44->39->4->33->40->5->37->34->
Roll remain 19
after malloc
length remain 34

0, 1, 2, 6, 7, 8, 9, 11, 12, 13, 
14, 15, 16, 17, 18, 19, 20, 22, 23, 
Roll for 34
Combined Q: 
select for id 34
select move 22 with combinedQ 0.830506
select move
MC Move 22 
-1->47->36->10->42->3->38->21->44->39->4->33->40->5->37->34->22->
dummy mov 20 
-1->47->36->10->42->3->38->21->44->39->4->33->40->5->37->34->22->
Roll remain 17
after malloc
length remain 33

0, 1, 2, 6, 7, 8, 9, 11, 12, 13, 
14, 15, 16, 17, 18, 19, 20, 
Roll for 22
Combined Q: 
select for id 22
select move 6 with combinedQ 1.000000
select move
MC Move 6 
-1->47->36->10->42->3->38->21->44->39->4->33->40->5->37->34->22->6->
dummy mov 17 
-1->47->36->10->42->3->38->21->44->39->4->33->40->5->37->34->22->6->
Roll remain 15
after malloc
length remain 32

0, 1, 2, 7, 8, 9, 11, 12, 13, 14, 
15, 16, 17, 18, 19, 
Roll for 6
Combined Q: 
select for id 6
select move 7 with combinedQ 1.000000
select move
MC Move 7 
-1->47->36->10->42->3->38->21->44->39->4->33->40->5->37->34->22->6->7->
dummy mov 17 
-1->47->36->10->42->3->38->21->44->39->4->33->40->5->37->34->22->6->7->
Roll remain 13
after malloc
length remain 31

0, 1, 2, 8, 9, 11, 12, 13, 14, 15, 
16, 17, 18, 
Roll for 7
Combined Q: 
select for id 7
select move 1 with combinedQ 0.905930
select move
MC Move 1 
-1->47->36->10->42->3->38->21->44->39->4->33->40->5->37->34->22->6->7->1->
dummy mov 13 
-1->47->36->10->42->3->38->21->44->39->4->33->40->5->37->34->22->6->7->1->
Roll remain 11
after malloc
length remain 30

0, 2, 8, 9, 11, 12, 13, 14, 15, 16, 
17, 
Roll for 1
Combined Q: 
select for id 1
select move 41 with combinedQ 0.622792
select move
MC Move 41 
-1->47->36->10->42->3->38->21->44->39->4->33->40->5->37->34->22->6->7->1->41->
dummy mov 13 
-1->47->36->10->42->3->38->21->44->39->4->33->40->5->37->34->22->6->7->1->41->
Roll remain 9
after malloc
length remain 29

0, 2, 8, 9, 11, 12, 13, 14, 15, 
Roll for 41
Combined Q: 
select for id 41
select move 0 with combinedQ 0.996463
select move
MC Move 0 
-1->47->36->10->42->3->38->21->44->39->4->33->40->5->37->34->22->6->7->1->41->0->
dummy mov 9 
-1->47->36->10->42->3->38->21->44->39->4->33->40->5->37->34->22->6->7->1->41->0->
Roll remain 7
after malloc
length remain 28

2, 8, 9, 11, 12, 13, 14, 
Roll for 0
Combined Q: 
select for id 0
select move 8 with combinedQ 0.549055
select move
MC Move 8 
-1->47->36->10->42->3->38->21->44->39->4->33->40->5->37->34->22->6->7->1->41->0->8->
dummy mov 11 
-1->47->36->10->42->3->38->21->44->39->4->33->40->5->37->34->22->6->7->1->41->0->8->
Roll remain 5
after malloc
length remain 27

2, 9, 11, 12, 13, 
Roll for 8
Combined Q: 
select for id 8
select move 2 with combinedQ 0.830337
select move
MC Move 2 
-1->47->36->10->42->3->38->21->44->39->4->33->40->5->37->34->22->6->7->1->41->0->8->2->
dummy mov 9 
-1->47->36->10->42->3->38->21->44->39->4->33->40->5->37->34->22->6->7->1->41->0->8->2->
Roll remain 3
after malloc
length remain 26

9, 11, 12, 
Roll for 2
Combined Q: 
select for id 2
select move 43 with combinedQ 0.498178
select move
MC Move 43 
-1->47->36->10->42->3->38->21->44->39->4->33->40->5->37->34->22->6->7->1->41->0->8->2->43->
dummy mov 9 
-1->47->36->10->42->3->38->21->44->39->4->33->40->5->37->34->22->6->7->1->41->0->8->2->43->
MC Move 9 
-1->47->36->10->42->3->38->21->44->39->4->33->40->5->37->34->22->6->7->1->41->0->8->2->43->
1	1	1	1	1	1	1	-----------------
1	1	1	1	-1	-1	-1	-----------------
-1	-1	1	-1	-1	1	-1	-----------------
1	1	-1	1	-1	1	-1	-----------------
-1	1	-1	-1	-1	1	1	-----------------
-1	1	1	1	1	1	1	-----------------
1	1	1	-1	-1	1	-1	-----------------
win?  1
count 4
-1->
Roll remain 49
after malloc
length remain 49

0, 1, 2, 3, 4, 5, 6, 7, 8, 9, 
10, 11, 12, 13, 14, 15, 16, 17, 18, 19, 
20, 21, 22, 23, 24, 25, 26, 27, 28, 29, 
30, 31, 32, 33, 34, 35, 36, 37, 38, 39, 
40, 41, 42, 43, 44, 45, 46, 47, 48, 
Roll for -1
Combined Q: 
select for id -1
select move 42 with combinedQ 0.751315
select move
MC Move 42 
-1->42->
dummy mov 47 
-1->42->
Roll remain 47
after malloc
length remain 48

0, 1, 2, 3, 4, 5, 6, 7, 8, 9, 
10, 11, 12, 13, 14, 15, 16, 17, 18, 19, 
20, 21, 22, 23, 24, 25, 26, 27, 28, 29, 
30, 31, 32, 33, 34, 35, 36, 37, 38, 39, 
40, 41, 43, 44, 45, 46, 47, 
Roll for 42
Combined Q: 
select for id 42
select move 0 with combinedQ 0.996302
select move
MC Move 0 
-1->42->0->
dummy mov 44 
-1->42->0->
Roll remain 45
after malloc
length remain 47

1, 2, 3, 4, 5, 6, 7, 8, 9, 10, 
11, 12, 13, 14, 15, 16, 17, 18, 19, 20, 
21, 22, 23, 24, 25, 26, 27, 28, 29, 30, 
31, 32, 33, 34, 35, 36, 37, 38, 39, 40, 
41, 43, 44, 45, 46, 
Roll for 0
Combined Q: 
select for id 0
select move 47 with combinedQ 0.824447
select move
MC Move 47 
-1->42->0->47->
dummy mov 41 
-1->42->0->47->
Roll remain 43
after malloc
length remain 46

1, 2, 3, 4, 5, 6, 7, 8, 9, 10, 
11, 12, 13, 14, 15, 16, 17, 18, 19, 20, 
21, 22, 23, 24, 25, 26, 27, 28, 29, 30, 
31, 32, 33, 34, 35, 36, 37, 38, 39, 40, 
41, 43, 44, 
Roll for 47
Combined Q: 
select for id 47
select move 7 with combinedQ 0.910491
select move
MC Move 7 
-1->42->0->47->7->
dummy mov 17 
-1->42->0->47->7->
Roll remain 41
after malloc
length remain 45

1, 2, 3, 4, 5, 6, 8, 9, 10, 11, 
12, 13, 14, 15, 16, 17, 18, 19, 20, 21, 
22, 23, 24, 25, 26, 27, 28, 29, 30, 31, 
32, 33, 34, 35, 36, 37, 38, 39, 40, 41, 
43, 
Roll for 7
Combined Q: 
select for id 7
select move 4 with combinedQ 1.000000
select move
MC Move 4 
-1->42->0->47->7->4->
dummy mov 27 
-1->42->0->47->7->4->
Roll remain 39
after malloc
length remain 44

1, 2, 3, 5, 6, 8, 9, 10, 11, 12, 
13, 14, 15, 16, 17, 18, 19, 20, 21, 22, 
23, 24, 25, 26, 27, 28, 29, 30, 31, 32, 
33, 34, 35, 36, 37, 38, 39, 40, 41, 
Roll for 4
Combined Q: 
select for id 4
select move 33 with combinedQ 0.836260
select move
MC Move 33 
-1->42->0->47->7->4->33->
dummy mov 31 
-1->42->0->47->7->4->33->
Roll remain 37
after malloc
length remain 43

1, 2, 3, 5, 6, 8, 9, 10, 11, 12, 
13, 14, 15, 16, 17, 18, 19, 20, 21, 22, 
23, 24, 25, 26, 27, 28, 29, 30, 31, 32, 
34, 35, 36, 37, 38, 39, 40, 
Roll for 33
Combined Q: 
select for id 33
select move 40 with combinedQ 0.943084
select move
MC Move 40 
-1->42->0->47->7->4->33->40->
dummy mov 3 
-1->42->0->47->7->4->33->40->
Roll remain 35
after malloc
length remain 42

1, 2, 3, 5, 6, 8, 9, 10, 11, 12, 
13, 14, 15, 16, 17, 18, 19, 20, 21, 22, 
23, 24, 25, 26, 27, 28, 29, 30, 31, 32, 
34, 35, 36, 37, 38, 
Roll for 40
Combined Q: 
select for id 40
select move 5 with combinedQ 1.000000
select move
MC Move 5 
-1->42->0->47->7->4->33->40->5->
dummy mov 10 
-1->42->0->47->7->4->33->40->5->
Roll remain 33
after malloc
length remain 41

1, 2, 3, 6, 8, 9, 10, 11, 12, 13, 
14, 15, 16, 17, 18, 19, 20, 21, 22, 23, 
24, 25, 26, 27, 28, 29, 30, 31, 32, 34, 
35, 36, 37, 
Roll for 5
Combined Q: 
select for id 5
select move 3 with combinedQ 0.995980
select move
MC Move 3 
-1->42->0->47->7->4->33->40->5->3->
dummy mov 34 
-1->42->0->47->7->4->33->40->5->3->
Roll remain 31
after malloc
length remain 40

1, 2, 6, 8, 9, 10, 11, 12, 13, 14, 
15, 16, 17, 18, 19, 20, 21, 22, 23, 24, 
25, 26, 27, 28, 29, 30, 31, 32, 34, 35, 
36, 
Roll for 3
Combined Q: 
select for id 3
select move 38 with combinedQ 0.842711
select move
MC Move 38 
-1->42->0->47->7->4->33->40->5->3->38->
dummy mov 13 
-1->42->0->47->7->4->33->40->5->3->38->
Roll remain 29
after malloc
length remain 39

1, 2, 6, 8, 9, 10, 11, 12, 13, 14, 
15, 16, 17, 18, 19, 20, 21, 22, 23, 24, 
25, 26, 27, 28, 29, 30, 31, 32, 34, 
Roll for 38
Combined Q: 
select for id 38
select move 39 with combinedQ 0.938414
select move
MC Move 39 
-1->42->0->47->7->4->33->40->5->3->38->39->
dummy mov 20 
-1->42->0->47->7->4->33->40->5->3->38->39->
Roll remain 27
after malloc
length remain 38

1, 2, 6, 8, 9, 10, 11, 12, 13, 14, 
15, 16, 17, 18, 19, 20, 21, 22, 23, 24, 
25, 26, 27, 28, 29, 30, 31, 
Roll for 39
Combined Q: 
select for id 39
select move 36 with combinedQ 1.000000
select move
MC Move 36 
-1->42->0->47->7->4->33->40->5->3->38->39->36->
dummy mov 6 
-1->42->0->47->7->4->33->40->5->3->38->39->36->
Roll remain 25
after malloc
length remain 37

1, 2, 6, 8, 9, 10, 11, 12, 13, 14, 
15, 16, 17, 18, 19, 20, 21, 22, 23, 24, 
25, 26, 27, 28, 29, 
Roll for 36
Combined Q: 
select for id 36
select move 37 with combinedQ 0.919192
select move
MC Move 37 
-1->42->0->47->7->4->33->40->5->3->38->39->36->37->
dummy mov 16 
-1->42->0->47->7->4->33->40->5->3->38->39->36->37->
Roll remain 23
after malloc
length remain 36

1, 2, 6, 8, 9, 10, 11, 12, 13, 14, 
15, 16, 17, 18, 19, 20, 21, 22, 23, 24, 
25, 26, 27, 
Roll for 37
Combined Q: 
select for id 37
select move 34 with combinedQ 1.000000
select move
MC Move 34 
-1->42->0->47->7->4->33->40->5->3->38->39->36->37->34->
dummy mov 14 
-1->42->0->47->7->4->33->40->5->3->38->39->36->37->34->
Roll remain 21
after malloc
length remain 35

1, 2, 6, 8, 9, 10, 11, 12, 13, 14, 
15, 16, 17, 18, 19, 20, 21, 22, 23, 24, 
25, 
Roll for 34
Combined Q: 
select for id 34
select move 22 with combinedQ 0.905168
select move
MC Move 22 
-1->42->0->47->7->4->33->40->5->3->38->39->36->37->34->22->
dummy mov 12 
-1->42->0->47->7->4->33->40->5->3->38->39->36->37->34->22->
Roll remain 19
after malloc
length remain 34

1, 2, 6, 8, 9, 10, 11, 12, 13, 14, 
15, 16, 17, 18, 19, 20, 21, 23, 24, 
Roll for 22
Combined Q: 
select for id 22
select move 6 with combinedQ 1.000000
select move
MC Move 6 
-1->42->0->47->7->4->33->40->5->3->38->39->36->37->34->22->6->
dummy mov 23 
-1->42->0->47->7->4->33->40->5->3->38->39->36->37->34->22->6->
Roll remain 17
after malloc
length remain 33

1, 2, 8, 9, 10, 11, 12, 13, 14, 15, 
16, 17, 18, 19, 20, 21, 23, 
Roll for 6
Combined Q: 
select for id 6
select move 1 with combinedQ 0.995678
select move
MC Move 1 
-1->42->0->47->7->4->33->40->5->3->38->39->36->37->34->22->6->1->
dummy mov 19 
-1->42->0->47->7->4->33->40->5->3->38->39->36->37->34->22->6->1->
Roll remain 15
after malloc
length remain 32

2, 8, 9, 10, 11, 12, 13, 14, 15, 16, 
17, 18, 19, 20, 21, 
Roll for 1
Combined Q: 
select for id 1
select move 41 with combinedQ 0.719982
select move
MC Move 41 
-1->42->0->47->7->4->33->40->5->3->38->39->36->37->34->22->6->1->41->
dummy mov 18 
-1->42->0->47->7->4->33->40->5->3->38->39->36->37->34->22->6->1->41->
Roll remain 13
after malloc
length remain 31

2, 8, 9, 10, 11, 12, 13, 14, 15, 16, 
17, 18, 19, 
Roll for 41
Combined Q: 
select for id 41
select move 28 with combinedQ 0.995592
select move
MC Move 28 
-1->42->0->47->7->4->33->40->5->3->38->39->36->37->34->22->6->1->41->28->
dummy mov 13 
-1->42->0->47->7->4->33->40->5->3->38->39->36->37->34->22->6->1->41->28->
Roll remain 11
after malloc
length remain 30

2, 8, 9, 10, 11, 12, 13, 14, 15, 16, 
17, 
Roll for 28
Combined Q: 
select for id 28
select move 2 with combinedQ 0.000000
select move
MC Move 2 
-1->42->0->47->7->4->33->40->5->3->38->39->36->37->34->22->6->1->41->28->2->
dummy mov 14 
-1->42->0->47->7->4->33->40->5->3->38->39->36->37->34->22->6->1->41->28->2->
Roll remain 9
after malloc
length remain 29

8, 9, 10, 11, 12, 13, 14, 15, 16, 
Roll for 2
Combined Q: 
select for id 2
select move 44 with combinedQ 0.539243
select move
MC Move 44 
-1->42->0->47->7->4->33->40->5->3->38->39->36->37->34->22->6->1->41->28->2->44->
dummy mov 10 
-1->42->0->47->7->4->33->40->5->3->38->39->36->37->34->22->6->1->41->28->2->44->
Roll remain 7
after malloc
length remain 28

8, 9, 10, 11, 12, 13, 14, 
Roll for 44
Combined Q: 
select for id 44
select move 15 with combinedQ 0.882388
select move
MC Move 15 
-1->42->0->47->7->4->33->40->5->3->38->39->36->37->34->22->6->1->41->28->2->44->15->
dummy mov 10 
-1->42->0->47->7->4->33->40->5->3->38->39->36->37->34->22->6->1->41->28->2->44->15->
Roll remain 5
after malloc
length remain 27

8, 9, 10, 11, 12, 
Roll for 15
Combined Q: 
select for id 15
select move 8 with combinedQ 0.000000
select move
MC Move 8 
-1->42->0->47->7->4->33->40->5->3->38->39->36->37->34->22->6->1->41->28->2->44->15->8->
dummy mov 9 
-1->42->0->47->7->4->33->40->5->3->38->39->36->37->34->22->6->1->41->28->2->44->15->8->
Roll remain 3
after malloc
length remain 26

9, 10, 11, 
Roll for 8
Combined Q: 
select for id 8
select move 12 with combinedQ 0.560331
select move
MC Move 12 
-1->42->0->47->7->4->33->40->5->3->38->39->36->37->34->22->6->1->41->28->2->44->15->8->12->
dummy mov 9 
-1->42->0->47->7->4->33->40->5->3->38->39->36->37->34->22->6->1->41->28->2->44->15->8->12->
MC Move 9 
-1->42->0->47->7->4->33->40->5->3->38->39->36->37->34->22->6->1->41->28->2->44->15->8->12->
1	1	1	1	1	1	1	-----------------
1	1	1	-1	-1	1	1	-----------------
-1	1	-1	-1	-1	-1	-1	-----------------
1	1	-1	-1	-1	1	-1	-----------------
1	-1	1	-1	-1	1	1	-----------------
-1	1	1	1	1	1	1	-----------------
1	1	1	1	-1	1	-1	-----------------
win?  -1
count 4
-1->
Roll remain 49
after malloc
length remain 49

0, 1, 2, 3, 4, 5, 6, 7, 8, 9, 
10, 11, 12, 13, 14, 15, 16, 17, 18, 19, 
20, 21, 22, 23, 24, 25, 26, 27, 28, 29, 
30, 31, 32, 33, 34, 35, 36, 37, 38, 39, 
40, 41, 42, 43, 44, 45, 46, 47, 48, 
Roll for -1
Combined Q: 
select for id -1
select move 44 with combinedQ 0.683793
select move
MC Move 44 
-1->44->
dummy mov 47 
-1->44->
Roll remain 47
after malloc
length remain 48

0, 1, 2, 3, 4, 5, 6, 7, 8, 9, 
10, 11, 12, 13, 14, 15, 16, 17, 18, 19, 
20, 21, 22, 23, 24, 25, 26, 27, 28, 29, 
30, 31, 32, 33, 34, 35, 36, 37, 38, 39, 
40, 41, 42, 43, 45, 46, 47, 
Roll for 44
Combined Q: 
select for id 44
select move 0 with combinedQ 0.995390
select move
MC Move 0 
-1->44->0->
dummy mov 43 
-1->44->0->
Roll remain 45
after malloc
length remain 47

1, 2, 3, 4, 5, 6, 7, 8, 9, 10, 
11, 12, 13, 14, 15, 16, 17, 18, 19, 20, 
21, 22, 23, 24, 25, 26, 27, 28, 29, 30, 
31, 32, 33, 34, 35, 36, 37, 38, 39, 40, 
41, 42, 43, 45, 46, 
Roll for 0
Combined Q: 
select for id 0
select move 33 with combinedQ 0.610757
select move
MC Move 33 
-1->44->0->33->
dummy mov 42 
-1->44->0->33->
Roll remain 43
after malloc
length remain 46

1, 2, 3, 4, 5, 6, 7, 8, 9, 10, 
11, 12, 13, 14, 15, 16, 17, 18, 19, 20, 
21, 22, 23, 24, 25, 26, 27, 28, 29, 30, 
31, 32, 34, 35, 36, 37, 38, 39, 40, 41, 
42, 43, 45, 
Roll for 33
Combined Q: 
select for id 33
select move 47 with combinedQ 0.862045
select move
MC Move 47 
-1->44->0->33->47->
dummy mov 16 
-1->44->0->33->47->
Roll remain 41
after malloc
length remain 45

1, 2, 3, 4, 5, 6, 7, 8, 9, 10, 
11, 12, 13, 14, 15, 16, 17, 18, 19, 20, 
21, 22, 23, 24, 25, 26, 27, 28, 29, 30, 
31, 32, 34, 35, 36, 37, 38, 39, 40, 41, 
42, 
Roll for 47
Combined Q: 
select for id 47
select move 42 with combinedQ 0.884628
select move
MC Move 42 
-1->44->0->33->47->42->
dummy mov 25 
-1->44->0->33->47->42->
Roll remain 39
after malloc
length remain 44

1, 2, 3, 4, 5, 6, 7, 8, 9, 10, 
11, 12, 13, 14, 15, 16, 17, 18, 19, 20, 
21, 22, 23, 24, 25, 26, 27, 28, 29, 30, 
31, 32, 34, 35, 36, 37, 38, 39, 40, 
Roll for 42
Combined Q: 
select for id 42
select move 21 with combinedQ 0.769003
select move
MC Move 21 
-1->44->0->33->47->42->21->
dummy mov 30 
-1->44->0->33->47->42->21->
Roll remain 37
after malloc
length remain 43

1, 2, 3, 4, 5, 6, 7, 8, 9, 10, 
11, 12, 13, 14, 15, 16, 17, 18, 19, 20, 
22, 23, 24, 25, 26, 27, 28, 29, 30, 31, 
32, 34, 35, 36, 37, 38, 39, 
Roll for 21
Combined Q: 
select for id 21
select move 34 with combinedQ 0.901832
select move
MC Move 34 
-1->44->0->33->47->42->21->34->
dummy mov 3 
-1->44->0->33->47->42->21->34->
Roll remain 35
after malloc
length remain 42

1, 2, 3, 4, 5, 6, 7, 8, 9, 10, 
11, 12, 13, 14, 15, 16, 17, 18, 19, 20, 
22, 23, 24, 25, 26, 27, 28, 29, 30, 31, 
32, 35, 36, 37, 38, 
Roll for 34
Combined Q: 
select for id 34
select move 40 with combinedQ 0.995076
select move
MC Move 40 
-1->44->0->33->47->42->21->34->40->
dummy mov 7 
-1->44->0->33->47->42->21->34->40->
Roll remain 33
after malloc
length remain 41

1, 2, 3, 4, 5, 6, 7, 8, 9, 10, 
11, 12, 13, 14, 15, 16, 17, 18, 19, 20, 
22, 23, 24, 25, 26, 27, 28, 29, 30, 31, 
32, 35, 36, 
Roll for 40
Combined Q: 
select for id 40
select move 4 with combinedQ 1.000000
select move
MC Move 4 
-1->44->0->33->47->42->21->34->40->4->
dummy mov 31 
-1->44->0->33->47->42->21->34->40->4->
Roll remain 31
after malloc
length remain 40

1, 2, 3, 5, 6, 7, 8, 9, 10, 11, 
12, 13, 14, 15, 16, 17, 18, 19, 20, 22, 
23, 24, 25, 26, 27, 28, 29, 30, 31, 32, 
35, 
Roll for 4
Combined Q: 
select for id 4
select move 22 with combinedQ 0.698624
select move
MC Move 22 
-1->44->0->33->47->42->21->34->40->4->22->
dummy mov 10 
-1->44->0->33->47->42->21->34->40->4->22->
Roll remain 29
after malloc
length remain 39

1, 2, 3, 5, 6, 7, 8, 9, 10, 11, 
12, 13, 14, 15, 16, 17, 18, 19, 20, 23, 
24, 25, 26, 27, 28, 29, 30, 31, 32, 
Roll for 22
Combined Q: 
select for id 22
select move 5 with combinedQ 1.000000
select move
MC Move 5 
-1->44->0->33->47->42->21->34->40->4->22->5->
dummy mov 18 
-1->44->0->33->47->42->21->34->40->4->22->5->
Roll remain 27
after malloc
length remain 38

1, 2, 3, 6, 7, 8, 9, 10, 11, 12, 
13, 14, 15, 16, 17, 18, 19, 20, 23, 24, 
25, 26, 27, 28, 29, 30, 31, 
Roll for 5
Combined Q: 
select for id 5
select move 35 with combinedQ 0.795936
select move
MC Move 35 
-1->44->0->33->47->42->21->34->40->4->22->5->35->
dummy mov 3 
-1->44->0->33->47->42->21->34->40->4->22->5->35->
Roll remain 25
after malloc
length remain 37

1, 2, 3, 6, 7, 8, 9, 10, 11, 12, 
13, 14, 15, 16, 17, 18, 19, 20, 23, 24, 
25, 26, 27, 28, 29, 
Roll for 35
Combined Q: 
select for id 35
select move 1 with combinedQ 0.000000
select move
MC Move 1 
-1->44->0->33->47->42->21->34->40->4->22->5->35->1->
dummy mov 15 
-1->44->0->33->47->42->21->34->40->4->22->5->35->1->
Roll remain 23
after malloc
length remain 36

2, 3, 6, 7, 8, 9, 10, 11, 12, 13, 
14, 15, 16, 17, 18, 19, 20, 23, 24, 25, 
26, 27, 28, 
Roll for 1
Combined Q: 
select for id 1
select move 39 with combinedQ 0.679330
select move
MC Move 39 
-1->44->0->33->47->42->21->34->40->4->22->5->35->1->39->
dummy mov 13 
-1->44->0->33->47->42->21->34->40->4->22->5->35->1->39->
Roll remain 21
after malloc
length remain 35

2, 3, 6, 7, 8, 9, 10, 11, 12, 13, 
14, 15, 16, 17, 18, 19, 20, 23, 24, 25, 
26, 
Roll for 39
Combined Q: 
select for id 39
select move 38 with combinedQ 0.994807
select move
MC Move 38 
-1->44->0->33->47->42->21->34->40->4->22->5->35->1->39->38->
dummy mov 11 
-1->44->0->33->47->42->21->34->40->4->22->5->35->1->39->38->
Roll remain 19
after malloc
length remain 34

2, 3, 6, 7, 8, 9, 10, 11, 12, 13, 
14, 15, 16, 17, 18, 19, 20, 23, 24, 
Roll for 38
Combined Q: 
select for id 38
select move 7 with combinedQ 0.866437
select move
MC Move 7 
-1->44->0->33->47->42->21->34->40->4->22->5->35->1->39->38->7->
dummy mov 23 
-1->44->0->33->47->42->21->34->40->4->22->5->35->1->39->38->7->
Roll remain 17
after malloc
length remain 33

2, 3, 6, 8, 9, 10, 11, 12, 13, 14, 
15, 16, 17, 18, 19, 20, 23, 
Roll for 7
Combined Q: 
select for id 7
select move 41 with combinedQ 0.643018
select move
MC Move 41 
-1->44->0->33->47->42->21->34->40->4->22->5->35->1->39->38->7->41->
dummy mov 17 
-1->44->0->33->47->42->21->34->40->4->22->5->35->1->39->38->7->41->
Roll remain 15
after malloc
length remain 32

2, 3, 6, 8, 9, 10, 11, 12, 13, 14, 
15, 16, 17, 18, 19, 
Roll for 41
Combined Q: 
select for id 41
select move 30 with combinedQ 0.994710
select move
MC Move 30 
-1->44->0->33->47->42->21->34->40->4->22->5->35->1->39->38->7->41->30->
dummy mov 16 
-1->44->0->33->47->42->21->34->40->4->22->5->35->1->39->38->7->41->30->
Roll remain 13
after malloc
length remain 31

2, 3, 6, 8, 9, 10, 11, 12, 13, 14, 
15, 16, 17, 
Roll for 30
Combined Q: 
select for id 30
select move 17 with combinedQ 1.000000
select move
MC Move 17 
-1->44->0->33->47->42->21->34->40->4->22->5->35->1->39->38->7->41->30->17->
dummy mov 11 
-1->44->0->33->47->42->21->34->40->4->22->5->35->1->39->38->7->41->30->17->
Roll remain 11
after malloc
length remain 30

2, 3, 6, 8, 9, 10, 11, 12, 13, 14, 
15, 
Roll for 17
Combined Q: 
select for id 17
select move 2 with combinedQ 0.994669
select move
MC Move 2 
-1->44->0->33->47->42->21->34->40->4->22->5->35->1->39->38->7->41->30->17->2->
dummy mov 12 
-1->44->0->33->47->42->21->34->40->4->22->5->35->1->39->38->7->41->30->17->2->
Roll remain 9
after malloc
length remain 29

3, 6, 8, 9, 10, 11, 12, 13, 14, 
Roll for 2
Combined Q: 
select for id 2
select move 37 with combinedQ 0.497307
select move
MC Move 37 
-1->44->0->33->47->42->21->34->40->4->22->5->35->1->39->38->7->41->30->17->2->37->
dummy mov 8 
-1->44->0->33->47->42->21->34->40->4->22->5->35->1->39->38->7->41->30->17->2->37->
Roll remain 7
after malloc
length remain 28

3, 6, 8, 9, 10, 11, 12, 
Roll for 37
Combined Q: 
select for id 37
select move 36 with combinedQ 0.994586
select move
MC Move 36 
-1->44->0->33->47->42->21->34->40->4->22->5->35->1->39->38->7->41->30->17->2->37->36->
dummy mov 8 
-1->44->0->33->47->42->21->34->40->4->22->5->35->1->39->38->7->41->30->17->2->37->36->
Roll remain 5
after malloc
length remain 27

3, 6, 8, 9, 10, 
Roll for 36
Combined Q: 
select for id 36
select move 3 with combinedQ 0.852498
select move
MC Move 3 
-1->44->0->33->47->42->21->34->40->4->22->5->35->1->39->38->7->41->30->17->2->37->36->3->
dummy mov 6 
-1->44->0->33->47->42->21->34->40->4->22->5->35->1->39->38->7->41->30->17->2->37->36->3->
Roll remain 3
after malloc
length remain 26

6, 8, 9, 
Roll for 3
Combined Q: 
select for id 3
select move 9 with combinedQ 0.702778
select move
MC Move 9 
-1->44->0->33->47->42->21->34->40->4->22->5->35->1->39->38->7->41->30->17->2->37->36->3->9->
dummy mov 6 
-1->44->0->33->47->42->21->34->40->4->22->5->35->1->39->38->7->41->30->17->2->37->36->3->9->
MC Move 6 
-1->44->0->33->47->42->21->34->40->4->22->5->35->1->39->38->7->41->30->17->2->37->36->3->9->
1	1	1	1	1	1	1	-----------------
1	-1	1	-1	1	-1	1	-----------------
-1	-1	-1	1	-1	1	1	-----------------
1	1	-1	-1	1	-1	1	-----------------
-1	-1	1	-1	-1	1	1	-----------------
1	1	1	1	1	1	1	-----------------
1	-1	1	1	-1	1	-1	-----------------
win?  1
count 6
-1->
Roll remain 49
after malloc
length remain 49

0, 1, 2, 3, 4, 5, 6, 7, 8, 9, 
10, 11, 12, 13, 14, 15, 16, 17, 18, 19, 
20, 21, 22, 23, 24, 25, 26, 27, 28, 29, 
30, 31, 32, 33, 34, 35, 36, 37, 38, 39, 
40, 41, 42, 43, 44, 45, 46, 47, 48, 
Roll for -1
Combined Q: 
select for id -1
select move 21 with combinedQ 0.630556
select move
MC Move 21 
-1->21->
dummy mov 47 
-1->21->
Roll remain 47
after malloc
length remain 48

0, 1, 2, 3, 4, 5, 6, 7, 8, 9, 
10, 11, 12, 13, 14, 15, 16, 17, 18, 19, 
20, 22, 23, 24, 25, 26, 27, 28, 29, 30, 
31, 32, 33, 34, 35, 36, 37, 38, 39, 40, 
41, 42, 43, 44, 45, 46, 47, 
Roll for 21
Combined Q: 
select for id 21
select move 44 with combinedQ 0.890673
select move
MC Move 44 
-1->21->44->
dummy mov 43 
-1->21->44->
Roll remain 45
after malloc
length remain 47

0, 1, 2, 3, 4, 5, 6, 7, 8, 9, 
10, 11, 12, 13, 14, 15, 16, 17, 18, 19, 
20, 22, 23, 24, 25, 26, 27, 28, 29, 30, 
31, 32, 33, 34, 35, 36, 37, 38, 39, 40, 
41, 42, 43, 45, 46, 
Roll for 44
Combined Q: 
select for id 44
select move 37 with combinedQ 0.835866
select move
MC Move 37 
-1->21->44->37->
dummy mov 42 
-1->21->44->37->
Roll remain 43
after malloc
length remain 46

0, 1, 2, 3, 4, 5, 6, 7, 8, 9, 
10, 11, 12, 13, 14, 15, 16, 17, 18, 19, 
20, 22, 23, 24, 25, 26, 27, 28, 29, 30, 
31, 32, 33, 34, 35, 36, 38, 39, 40, 41, 
42, 43, 45, 
Roll for 37
Combined Q: 
select for id 37
select move 38 with combinedQ 0.994345
select move
MC Move 38 
-1->21->44->37->38->
dummy mov 15 
-1->21->44->37->38->
Roll remain 41
after malloc
length remain 45

0, 1, 2, 3, 4, 5, 6, 7, 8, 9, 
10, 11, 12, 13, 14, 15, 16, 17, 18, 19, 
20, 22, 23, 24, 25, 26, 27, 28, 29, 30, 
31, 32, 33, 34, 35, 36, 39, 40, 41, 42, 
43, 
Roll for 38
Combined Q: 
select for id 38
select move 5 with combinedQ 0.893456
select move
MC Move 5 
-1->21->44->37->38->5->
dummy mov 26 
-1->21->44->37->38->5->
Roll remain 39
after malloc
length remain 44

0, 1, 2, 3, 4, 6, 7, 8, 9, 10, 
11, 12, 13, 14, 15, 16, 17, 18, 19, 20, 
22, 23, 24, 25, 26, 27, 28, 29, 30, 31, 
32, 33, 34, 35, 36, 39, 40, 41, 42, 
Roll for 5
Combined Q: 
select for id 5
select move 42 with combinedQ 0.994251
select move
MC Move 42 
-1->21->44->37->38->5->42->
dummy mov 30 
-1->21->44->37->38->5->42->
Roll remain 37
after malloc
length remain 43

0, 1, 2, 3, 4, 6, 7, 8, 9, 10, 
11, 12, 13, 14, 15, 16, 17, 18, 19, 20, 
22, 23, 24, 25, 26, 27, 28, 29, 30, 31, 
32, 33, 34, 35, 36, 39, 40, 
Roll for 42
Combined Q: 
select for id 42
select move 26 with combinedQ 0.803024
select move
MC Move 26 
-1->21->44->37->38->5->42->26->
dummy mov 2 
-1->21->44->37->38->5->42->26->
Roll remain 35
after malloc
length remain 42

0, 1, 2, 3, 4, 6, 7, 8, 9, 10, 
11, 12, 13, 14, 15, 16, 17, 18, 19, 20, 
22, 23, 24, 25, 27, 28, 29, 30, 31, 32, 
33, 34, 35, 36, 39, 
Roll for 26
Combined Q: 
select for id 26
select move 3 with combinedQ 1.000000
select move
MC Move 3 
-1->21->44->37->38->5->42->26->3->
dummy mov 8 
-1->21->44->37->38->5->42->26->3->
Roll remain 33
after malloc
length remain 41

0, 1, 2, 4, 6, 7, 8, 9, 10, 11, 
12, 13, 14, 15, 16, 17, 18, 19, 20, 22, 
23, 24, 25, 27, 28, 29, 30, 31, 32, 33, 
34, 35, 36, 
Roll for 3
Combined Q: 
select for id 3
select move 33 with combinedQ 0.861578
select move
MC Move 33 
-1->21->44->37->38->5->42->26->3->33->
dummy mov 32 
-1->21->44->37->38->5->42->26->3->33->
Roll remain 31
after malloc
length remain 40

0, 1, 2, 4, 6, 7, 8, 9, 10, 11, 
12, 13, 14, 15, 16, 17, 18, 19, 20, 22, 
23, 24, 25, 27, 28, 29, 30, 31, 32, 34, 
35, 
Roll for 33
Combined Q: 
select for id 33
select move 16 with combinedQ 0.776327
select move
MC Move 16 
-1->21->44->37->38->5->42->26->3->33->16->
dummy mov 10 
-1->21->44->37->38->5->42->26->3->33->16->
Roll remain 29
after malloc
length remain 39

0, 1, 2, 4, 6, 7, 8, 9, 10, 11, 
12, 13, 14, 15, 17, 18, 19, 20, 22, 23, 
24, 25, 27, 28, 29, 30, 31, 32, 34, 
Roll for 16
Combined Q: 
select for id 16
select move 4 with combinedQ 1.000000
select move
MC Move 4 
-1->21->44->37->38->5->42->26->3->33->16->4->
dummy mov 19 
-1->21->44->37->38->5->42->26->3->33->16->4->
Roll remain 27
after malloc
length remain 38

0, 1, 2, 6, 7, 8, 9, 10, 11, 12, 
13, 14, 15, 17, 18, 19, 20, 22, 23, 24, 
25, 27, 28, 29, 30, 31, 32, 
Roll for 4
Combined Q: 
select for id 4
select move 47 with combinedQ 0.852000
select move
MC Move 47 
-1->21->44->37->38->5->42->26->3->33->16->4->47->
dummy mov 2 
-1->21->44->37->38->5->42->26->3->33->16->4->47->
Roll remain 25
after malloc
length remain 37

0, 1, 2, 6, 7, 8, 9, 10, 11, 12, 
13, 14, 15, 17, 18, 19, 20, 22, 23, 24, 
25, 27, 28, 29, 30, 
Roll for 47
Combined Q: 
select for id 47
select move 0 with combinedQ 0.993998
select move
MC Move 0 
-1->21->44->37->38->5->42->26->3->33->16->4->47->0->
dummy mov 15 
-1->21->44->37->38->5->42->26->3->33->16->4->47->0->
Roll remain 23
after malloc
length remain 36

1, 2, 6, 7, 8, 9, 10, 11, 12, 13, 
14, 15, 17, 18, 19, 20, 22, 23, 24, 25, 
27, 28, 29, 
Roll for 0
Combined Q: 
select for id 0
select move 22 with combinedQ 0.571858
select move
MC Move 22 
-1->21->44->37->38->5->42->26->3->33->16->4->47->0->22->
dummy mov 13 
-1->21->44->37->38->5->42->26->3->33->16->4->47->0->22->
Roll remain 21
after malloc
length remain 35

1, 2, 6, 7, 8, 9, 10, 11, 12, 13, 
14, 15, 17, 18, 19, 20, 23, 24, 25, 27, 
28, 
Roll for 22
Combined Q: 
select for id 22
select move 31 with combinedQ 0.993901
select move
MC Move 31 
-1->21->44->37->38->5->42->26->3->33->16->4->47->0->22->31->
dummy mov 11 
-1->21->44->37->38->5->42->26->3->33->16->4->47->0->22->31->
Roll remain 19
after malloc
length remain 34

1, 2, 6, 7, 8, 9, 10, 11, 12, 13, 
14, 15, 17, 18, 19, 20, 23, 24, 25, 
Roll for 31
Combined Q: 
select for id 31
select move 7 with combinedQ 1.000000
select move
MC Move 7 
-1->21->44->37->38->5->42->26->3->33->16->4->47->0->22->31->7->
dummy mov 24 
-1->21->44->37->38->5->42->26->3->33->16->4->47->0->22->31->7->
Roll remain 17
after malloc
length remain 33

1, 2, 6, 8, 9, 10, 11, 12, 13, 14, 
15, 17, 18, 19, 20, 23, 24, 
Roll for 7
Combined Q: 
select for id 7
select move 1 with combinedQ 0.668715
select move
MC Move 1 
-1->21->44->37->38->5->42->26->3->33->16->4->47->0->22->31->7->1->
dummy mov 19 
-1->21->44->37->38->5->42->26->3->33->16->4->47->0->22->31->7->1->
Roll remain 15
after malloc
length remain 32

2, 6, 8, 9, 10, 11, 12, 13, 14, 15, 
17, 18, 19, 20, 23, 
Roll for 1
Combined Q: 
select for id 1
select move 39 with combinedQ 0.630176
select move
MC Move 39 
-1->21->44->37->38->5->42->26->3->33->16->4->47->0->22->31->7->1->39->
dummy mov 18 
-1->21->44->37->38->5->42->26->3->33->16->4->47->0->22->31->7->1->39->
Roll remain 13
after malloc
length remain 31

2, 6, 8, 9, 10, 11, 12, 13, 14, 15, 
17, 18, 19, 
Roll for 39
Combined Q: 
select for id 39
select move 40 with combinedQ 0.993763
select move
MC Move 40 
-1->21->44->37->38->5->42->26->3->33->16->4->47->0->22->31->7->1->39->40->
dummy mov 12 
-1->21->44->37->38->5->42->26->3->33->16->4->47->0->22->31->7->1->39->40->
Roll remain 11
after malloc
length remain 30

2, 6, 8, 9, 10, 11, 12, 13, 14, 15, 
17, 
Roll for 40
Combined Q: 
select for id 40
select move 32 with combinedQ 0.869519
select move
MC Move 32 
-1->21->44->37->38->5->42->26->3->33->16->4->47->0->22->31->7->1->39->40->32->
dummy mov 12 
-1->21->44->37->38->5->42->26->3->33->16->4->47->0->22->31->7->1->39->40->32->
Roll remain 9
after malloc
length remain 29

2, 6, 8, 9, 10, 11, 12, 13, 14, 
Roll for 32
Combined Q: 
select for id 32
select move 2 with combinedQ 0.000000
select move
MC Move 2 
-1->21->44->37->38->5->42->26->3->33->16->4->47->0->22->31->7->1->39->40->32->2->
dummy mov 9 
-1->21->44->37->38->5->42->26->3->33->16->4->47->0->22->31->7->1->39->40->32->2->
Roll remain 7
after malloc
length remain 28

6, 8, 9, 10, 11, 12, 13, 
Roll for 2
Combined Q: 
select for id 2
select move 41 with combinedQ 0.632338
select move
MC Move 41 
-1->21->44->37->38->5->42->26->3->33->16->4->47->0->22->31->7->1->39->40->32->2->41->
dummy mov 9 
-1->21->44->37->38->5->42->26->3->33->16->4->47->0->22->31->7->1->39->40->32->2->41->
Roll remain 5
after malloc
length remain 27

6, 8, 9, 10, 11, 
Roll for 41
Combined Q: 
select for id 41
select move 36 with combinedQ 0.869441
select move
MC Move 36 
-1->21->44->37->38->5->42->26->3->33->16->4->47->0->22->31->7->1->39->40->32->2->41->36->
dummy mov 6 
-1->21->44->37->38->5->42->26->3->33->16->4->47->0->22->31->7->1->39->40->32->2->41->36->
Roll remain 3
after malloc
length remain 26

6, 8, 9, 
Roll for 36
Combined Q: 
select for id 36
select move 17 with combinedQ 0.794421
select move
MC Move 17 
-1->21->44->37->38->5->42->26->3->33->16->4->47->0->22->31->7->1->39->40->32->2->41->36->17->
dummy mov 6 
-1->21->44->37->38->5->42->26->3->33->16->4->47->0->22->31->7->1->39->40->32->2->41->36->17->
MC Move 6 
-1->21->44->37->38->5->42->26->3->33->16->4->47->0->22->31->7->1->39->40->32->2->41->36->17->
1	1	1	1	1	1	1	-----------------
1	-1	-1	-1	-1	1	-1	-----------------
-1	1	1	1	-1	-1	-1	-----------------
1	1	1	-1	-1	1	1	-----------------
-1	-1	-1	1	1	1	-1	-----------------
1	1	1	1	1	1	1	-----------------
1	1	1	1	-1	1	-1	-----------------
win?  -1
count 6
-1->
Roll remain 49
after malloc
length remain 49

0, 1, 2, 3, 4, 5, 6, 7, 8, 9, 
10, 11, 12, 13, 14, 15, 16, 17, 18, 19, 
20, 21, 22, 23, 24, 25, 26, 27, 28, 29, 
30, 31, 32, 33, 34, 35, 36, 37, 38, 39, 
40, 41, 42, 43, 44, 45, 46, 47, 48, 
Roll for -1
Combined Q: 
select for id -1
select move 21 with combinedQ 0.580056
select move
MC Move 21 
-1->21->
dummy mov 47 
-1->21->
Roll remain 47
after malloc
length remain 48

0, 1, 2, 3, 4, 5, 6, 7, 8, 9, 
10, 11, 12, 13, 14, 15, 16, 17, 18, 19, 
20, 22, 23, 24, 25, 26, 27, 28, 29, 30, 
31, 32, 33, 34, 35, 36, 37, 38, 39, 40, 
41, 42, 43, 44, 45, 46, 47, 
Roll for 21
Combined Q: 
select for id 21
select move 15 with combinedQ 0.765302
select move
MC Move 15 
-1->21->15->
dummy mov 44 
-1->21->15->
Roll remain 45
after malloc
length remain 47

0, 1, 2, 3, 4, 5, 6, 7, 8, 9, 
10, 11, 12, 13, 14, 16, 17, 18, 19, 20, 
22, 23, 24, 25, 26, 27, 28, 29, 30, 31, 
32, 33, 34, 35, 36, 37, 38, 39, 40, 41, 
42, 43, 44, 45, 46, 
Roll for 15
Combined Q: 
select for id 15
select move 0 with combinedQ 0.000000
select move
MC Move 0 
-1->21->15->0->
dummy mov 43 
-1->21->15->0->
Roll remain 43
after malloc
length remain 46

1, 2, 3, 4, 5, 6, 7, 8, 9, 10, 
11, 12, 13, 14, 16, 17, 18, 19, 20, 22, 
23, 24, 25, 26, 27, 28, 29, 30, 31, 32, 
33, 34, 35, 36, 37, 38, 39, 40, 41, 42, 
43, 44, 45, 
Roll for 0
Combined Q: 
select for id 0
select move 44 with combinedQ 0.662497
select move
MC Move 44 
-1->21->15->0->44->
dummy mov 17 
-1->21->15->0->44->
Roll remain 41
after malloc
length remain 45

1, 2, 3, 4, 5, 6, 7, 8, 9, 10, 
11, 12, 13, 14, 16, 17, 18, 19, 20, 22, 
23, 24, 25, 26, 27, 28, 29, 30, 31, 32, 
33, 34, 35, 36, 37, 38, 39, 40, 41, 42, 
43, 
Roll for 44
Combined Q: 
select for id 44
select move 4 with combinedQ 0.684492
select move
MC Move 4 
-1->21->15->0->44->4->
dummy mov 28 
-1->21->15->0->44->4->
Roll remain 39
after malloc
length remain 44

1, 2, 3, 5, 6, 7, 8, 9, 10, 11, 
12, 13, 14, 16, 17, 18, 19, 20, 22, 23, 
24, 25, 26, 27, 28, 29, 30, 31, 32, 33, 
34, 35, 36, 37, 38, 39, 40, 41, 42, 
Roll for 4
Combined Q: 
select for id 4
select move 33 with combinedQ 0.702642
select move
MC Move 33 
-1->21->15->0->44->4->33->
dummy mov 32 
-1->21->15->0->44->4->33->
Roll remain 37
after malloc
length remain 43

1, 2, 3, 5, 6, 7, 8, 9, 10, 11, 
12, 13, 14, 16, 17, 18, 19, 20, 22, 23, 
24, 25, 26, 27, 28, 29, 30, 31, 32, 34, 
35, 36, 37, 38, 39, 40, 41, 
Roll for 33
Combined Q: 
select for id 33
select move 27 with combinedQ 0.722407
select move
MC Move 27 
-1->21->15->0->44->4->33->27->
dummy mov 3 
-1->21->15->0->44->4->33->27->
Roll remain 35
after malloc
length remain 42

1, 2, 3, 5, 6, 7, 8, 9, 10, 11, 
12, 13, 14, 16, 17, 18, 19, 20, 22, 23, 
24, 25, 26, 28, 29, 30, 31, 32, 34, 35, 
36, 37, 38, 39, 40, 
Roll for 27
Combined Q: 
select for id 27
select move 5 with combinedQ 1.000000
select move
MC Move 5 
-1->21->15->0->44->4->33->27->5->
dummy mov 9 
-1->21->15->0->44->4->33->27->5->
Roll remain 33
after malloc
length remain 41

1, 2, 3, 6, 7, 8, 9, 10, 11, 12, 
13, 14, 16, 17, 18, 19, 20, 22, 23, 24, 
25, 26, 28, 29, 30, 31, 32, 34, 35, 36, 
37, 38, 39, 
Roll for 5
Combined Q: 
select for id 5
select move 37 with combinedQ 0.739872
select move
MC Move 37 
-1->21->15->0->44->4->33->27->5->37->
dummy mov 35 
-1->21->15->0->44->4->33->27->5->37->
Roll remain 31
after malloc
length remain 40

1, 2, 3, 6, 7, 8, 9, 10, 11, 12, 
13, 14, 16, 17, 18, 19, 20, 22, 23, 24, 
25, 26, 28, 29, 30, 31, 32, 34, 35, 36, 
38, 
Roll for 37
Combined Q: 
select for id 37
select move 20 with combinedQ 0.752901
select move
MC Move 20 
-1->21->15->0->44->4->33->27->5->37->20->
dummy mov 11 
-1->21->15->0->44->4->33->27->5->37->20->
Roll remain 29
after malloc
length remain 39

1, 2, 3, 6, 7, 8, 9, 10, 11, 12, 
13, 14, 16, 17, 18, 19, 22, 23, 24, 25, 
26, 28, 29, 30, 31, 32, 34, 35, 36, 
Roll for 20
Combined Q: 
select for id 20
select move 16 with combinedQ 1.000000
select move
MC Move 16 
-1->21->15->0->44->4->33->27->5->37->20->16->
dummy mov 22 
-1->21->15->0->44->4->33->27->5->37->20->16->
Roll remain 27
after malloc
length remain 38

1, 2, 3, 6, 7, 8, 9, 10, 11, 12, 
13, 14, 17, 18, 19, 22, 23, 24, 25, 26, 
28, 29, 30, 31, 32, 34, 35, 
Roll for 16
Combined Q: 
select for id 16
select move 3 with combinedQ 0.993123
select move
MC Move 3 
-1->21->15->0->44->4->33->27->5->37->20->16->3->
dummy mov 6 
-1->21->15->0->44->4->33->27->5->37->20->16->3->
Roll remain 25
after malloc
length remain 37

1, 2, 6, 7, 8, 9, 10, 11, 12, 13, 
14, 17, 18, 19, 22, 23, 24, 25, 26, 28, 
29, 30, 31, 32, 34, 
Roll for 3
Combined Q: 
select for id 3
select move 38 with combinedQ 0.734983
select move
MC Move 38 
-1->21->15->0->44->4->33->27->5->37->20->16->3->38->
dummy mov 17 
-1->21->15->0->44->4->33->27->5->37->20->16->3->38->
Roll remain 23
after malloc
length remain 36

1, 2, 6, 7, 8, 9, 10, 11, 12, 13, 
14, 17, 18, 19, 22, 23, 24, 25, 26, 28, 
29, 30, 31, 
Roll for 38
Combined Q: 
select for id 38
select move 23 with combinedQ 0.760621
select move
MC Move 23 
-1->21->15->0->44->4->33->27->5->37->20->16->3->38->23->
dummy mov 13 
-1->21->15->0->44->4->33->27->5->37->20->16->3->38->23->
Roll remain 21
after malloc
length remain 35

1, 2, 6, 7, 8, 9, 10, 11, 12, 13, 
14, 17, 18, 19, 22, 24, 25, 26, 28, 29, 
30, 
Roll for 23
Combined Q: 
select for id 23
select move 7 with combinedQ 1.000000
select move
MC Move 7 
-1->21->15->0->44->4->33->27->5->37->20->16->3->38->23->7->
dummy mov 12 
-1->21->15->0->44->4->33->27->5->37->20->16->3->38->23->7->
Roll remain 19
after malloc
length remain 34

1, 2, 6, 8, 9, 10, 11, 12, 13, 14, 
17, 18, 19, 22, 24, 25, 26, 28, 29, 
Roll for 7
Combined Q: 
select for id 7
select move 42 with combinedQ 0.827457
select move
MC Move 42 
-1->21->15->0->44->4->33->27->5->37->20->16->3->38->23->7->42->
dummy mov 26 
-1->21->15->0->44->4->33->27->5->37->20->16->3->38->23->7->42->
Roll remain 17
after malloc
length remain 33

1, 2, 6, 8, 9, 10, 11, 12, 13, 14, 
17, 18, 19, 22, 24, 25, 26, 
Roll for 42
Combined Q: 
select for id 42
select move 14 with combinedQ 0.693359
select move
MC Move 14 
-1->21->15->0->44->4->33->27->5->37->20->16->3->38->23->7->42->14->
dummy mov 22 
-1->21->15->0->44->4->33->27->5->37->20->16->3->38->23->7->42->14->
Roll remain 15
after malloc
length remain 32

1, 2, 6, 8, 9, 10, 11, 12, 13, 17, 
18, 19, 22, 24, 25, 
Roll for 14
Combined Q: 
select for id 14
select move 36 with combinedQ 0.992886
select move
MC Move 36 
-1->21->15->0->44->4->33->27->5->37->20->16->3->38->23->7->42->14->36->
dummy mov 19 
-1->21->15->0->44->4->33->27->5->37->20->16->3->38->23->7->42->14->36->
Roll remain 13
after malloc
length remain 31

1, 2, 6, 8, 9, 10, 11, 12, 13, 17, 
18, 19, 22, 
Roll for 36
Combined Q: 
select for id 36
select move 40 with combinedQ 0.893567
select move
MC Move 40 
-1->21->15->0->44->4->33->27->5->37->20->16->3->38->23->7->42->14->36->40->
dummy mov 11 
-1->21->15->0->44->4->33->27->5->37->20->16->3->38->23->7->42->14->36->40->
Roll remain 11
after malloc
length remain 30

1, 2, 6, 8, 9, 10, 11, 12, 13, 17, 
18, 
Roll for 40
Combined Q: 
select for id 40
select move 26 with combinedQ 0.992830
select move
MC Move 26 
-1->21->15->0->44->4->33->27->5->37->20->16->3->38->23->7->42->14->36->40->26->
dummy mov 11 
-1->21->15->0->44->4->33->27->5->37->20->16->3->38->23->7->42->14->36->40->26->
Roll remain 9
after malloc
length remain 29

1, 2, 6, 8, 9, 10, 11, 12, 13, 
Roll for 26
Combined Q: 
select for id 26
select move 34 with combinedQ 0.992795
select move
MC Move 34 
-1->21->15->0->44->4->33->27->5->37->20->16->3->38->23->7->42->14->36->40->26->34->
dummy mov 6 
-1->21->15->0->44->4->33->27->5->37->20->16->3->38->23->7->42->14->36->40->26->34->
Roll remain 7
after malloc
length remain 28

1, 2, 6, 8, 9, 10, 11, 
Roll for 34
Combined Q: 
select for id 34
select move 32 with combinedQ 0.840033
select move
MC Move 32 
-1->21->15->0->44->4->33->27->5->37->20->16->3->38->23->7->42->14->36->40->26->34->32->
dummy mov 6 
-1->21->15->0->44->4->33->27->5->37->20->16->3->38->23->7->42->14->36->40->26->34->32->
Roll remain 5
after malloc
length remain 27

1, 2, 6, 8, 9, 
Roll for 32
Combined Q: 
select for id 32
select move 1 with combinedQ 0.000000
select move
MC Move 1 
-1->21->15->0->44->4->33->27->5->37->20->16->3->38->23->7->42->14->36->40->26->34->32->1->
dummy mov 2 
-1->21->15->0->44->4->33->27->5->37->20->16->3->38->23->7->42->14->36->40->26->34->32->1->
Roll remain 3
after malloc
length remain 26

2, 6, 8, 
Roll for 1
Combined Q: 
select for id 1
select move 39 with combinedQ 0.541157
select move
MC Move 39 
-1->21->15->0->44->4->33->27->5->37->20->16->3->38->23->7->42->14->36->40->26->34->32->1->39->
dummy mov 2 
-1->21->15->0->44->4->33->27->5->37->20->16->3->38->23->7->42->14->36->40->26->34->32->1->39->
MC Move 2 
-1->21->15->0->44->4->33->27->5->37->20->16->3->38->23->7->42->14->36->40->26->34->32->1->39->
1	1	1	1	1	1	-1	-----------------
1	-1	-1	1	-1	1	-1	-----------------
1	1	1	1	-1	-1	1	-----------------
1	-1	1	-1	1	1	1	-----------------
-1	-1	-1	-1	1	1	1	-----------------
-1	1	1	1	1	1	-1	-----------------
1	1	1	1	-1	-1	-1	-----------------
win?  -1
count 6
-1->
Roll remain 49
after malloc
length remain 49

0, 1, 2, 3, 4, 5, 6, 7, 8, 9, 
10, 11, 12, 13, 14, 15, 16, 17, 18, 19, 
20, 21, 22, 23, 24, 25, 26, 27, 28, 29, 
30, 31, 32, 33, 34, 35, 36, 37, 38, 39, 
40, 41, 42, 43, 44, 45, 46, 47, 48, 
Roll for -1
Combined Q: 
select for id -1
select move 47 with combinedQ 0.547657
select move
MC Move 47 
-1->47->
dummy mov 46 
-1->47->
Roll remain 47
after malloc
length remain 48

0, 1, 2, 3, 4, 5, 6, 7, 8, 9, 
10, 11, 12, 13, 14, 15, 16, 17, 18, 19, 
20, 21, 22, 23, 24, 25, 26, 27, 28, 29, 
30, 31, 32, 33, 34, 35, 36, 37, 38, 39, 
40, 41, 42, 43, 44, 45, 46, 
Roll for 47
Combined Q: 
select for id 47
select move 42 with combinedQ 0.733593
select move
MC Move 42 
-1->47->42->
dummy mov 43 
-1->47->42->
Roll remain 45
after malloc
length remain 47

0, 1, 2, 3, 4, 5, 6, 7, 8, 9, 
10, 11, 12, 13, 14, 15, 16, 17, 18, 19, 
20, 21, 22, 23, 24, 25, 26, 27, 28, 29, 
30, 31, 32, 33, 34, 35, 36, 37, 38, 39, 
40, 41, 43, 44, 45, 
Roll for 42
Combined Q: 
select for id 42
select move 44 with combinedQ 0.744421
select move
MC Move 44 
-1->47->42->44->
dummy mov 40 
-1->47->42->44->
Roll remain 43
after malloc
length remain 46

0, 1, 2, 3, 4, 5, 6, 7, 8, 9, 
10, 11, 12, 13, 14, 15, 16, 17, 18, 19, 
20, 21, 22, 23, 24, 25, 26, 27, 28, 29, 
30, 31, 32, 33, 34, 35, 36, 37, 38, 39, 
40, 41, 43, 
Roll for 44
Combined Q: 
select for id 44
select move 15 with combinedQ 0.691010
select move
MC Move 15 
-1->47->42->44->15->
dummy mov 16 
-1->47->42->44->15->
Roll remain 41
after malloc
length remain 45

0, 1, 2, 3, 4, 5, 6, 7, 8, 9, 
10, 11, 12, 13, 14, 16, 17, 18, 19, 20, 
21, 22, 23, 24, 25, 26, 27, 28, 29, 30, 
31, 32, 33, 34, 35, 36, 37, 38, 39, 40, 
41, 
Roll for 15
Combined Q: 
select for id 15
select move 35 with combinedQ 0.541351
select move
MC Move 35 
-1->47->42->44->15->35->
dummy mov 25 
-1->47->42->44->15->35->
Roll remain 39
after malloc
length remain 44

0, 1, 2, 3, 4, 5, 6, 7, 8, 9, 
10, 11, 12, 13, 14, 16, 17, 18, 19, 20, 
21, 22, 23, 24, 25, 26, 27, 28, 29, 30, 
31, 32, 33, 34, 36, 37, 38, 39, 40, 
Roll for 35
Combined Q: 
select for id 35
select move 4 with combinedQ 0.992461
select move
MC Move 4 
-1->47->42->44->15->35->4->
dummy mov 30 
-1->47->42->44->15->35->4->
Roll remain 37
after malloc
length remain 43

0, 1, 2, 3, 5, 6, 7, 8, 9, 10, 
11, 12, 13, 14, 16, 17, 18, 19, 20, 21, 
22, 23, 24, 25, 26, 27, 28, 29, 30, 31, 
32, 33, 34, 36, 37, 38, 39, 
Roll for 4
Combined Q: 
select for id 4
select move 33 with combinedQ 0.614457
select move
MC Move 33 
-1->47->42->44->15->35->4->33->
dummy mov 2 
-1->47->42->44->15->35->4->33->
Roll remain 35
after malloc
length remain 42

0, 1, 2, 3, 5, 6, 7, 8, 9, 10, 
11, 12, 13, 14, 16, 17, 18, 19, 20, 21, 
22, 23, 24, 25, 26, 27, 28, 29, 30, 31, 
32, 34, 36, 37, 38, 
Roll for 33
Combined Q: 
select for id 33
select move 21 with combinedQ 0.651235
select move
MC Move 21 
-1->47->42->44->15->35->4->33->21->
dummy mov 7 
-1->47->42->44->15->35->4->33->21->
Roll remain 33
after malloc
length remain 41

0, 1, 2, 3, 5, 6, 7, 8, 9, 10, 
11, 12, 13, 14, 16, 17, 18, 19, 20, 22, 
23, 24, 25, 26, 27, 28, 29, 30, 31, 32, 
34, 36, 37, 
Roll for 21
Combined Q: 
select for id 21
select move 22 with combinedQ 0.620225
select move
MC Move 22 
-1->47->42->44->15->35->4->33->21->22->
dummy mov 32 
-1->47->42->44->15->35->4->33->21->22->
Roll remain 31
after malloc
length remain 40

0, 1, 2, 3, 5, 6, 7, 8, 9, 10, 
11, 12, 13, 14, 16, 17, 18, 19, 20, 23, 
24, 25, 26, 27, 28, 29, 30, 31, 32, 34, 
36, 
Roll for 22
Combined Q: 
select for id 22
select move 0 with combinedQ 0.992293
select move
MC Move 0 
-1->47->42->44->15->35->4->33->21->22->0->
dummy mov 10 
-1->47->42->44->15->35->4->33->21->22->0->
Roll remain 29
after malloc
length remain 39

1, 2, 3, 5, 6, 7, 8, 9, 10, 11, 
12, 13, 14, 16, 17, 18, 19, 20, 23, 24, 
25, 26, 27, 28, 29, 30, 31, 32, 34, 
Roll for 0
Combined Q: 
select for id 0
select move 5 with combinedQ 0.510785
select move
MC Move 5 
-1->47->42->44->15->35->4->33->21->22->0->5->
dummy mov 19 
-1->47->42->44->15->35->4->33->21->22->0->5->
Roll remain 27
after malloc
length remain 38

1, 2, 3, 6, 7, 8, 9, 10, 11, 12, 
13, 14, 16, 17, 18, 19, 20, 23, 24, 25, 
26, 27, 28, 29, 30, 31, 32, 
Roll for 5
Combined Q: 
select for id 5
select move 29 with combinedQ 0.669151
select move
MC Move 29 
-1->47->42->44->15->35->4->33->21->22->0->5->29->
dummy mov 3 
-1->47->42->44->15->35->4->33->21->22->0->5->29->
Roll remain 25
after malloc
length remain 37

1, 2, 3, 6, 7, 8, 9, 10, 11, 12, 
13, 14, 16, 17, 18, 19, 20, 23, 24, 25, 
26, 27, 28, 30, 31, 
Roll for 29
Combined Q: 
select for id 29
select move 1 with combinedQ 0.000000
select move
MC Move 1 
-1->47->42->44->15->35->4->33->21->22->0->5->29->1->
dummy mov 16 
-1->47->42->44->15->35->4->33->21->22->0->5->29->1->
Roll remain 23
after malloc
length remain 36

2, 3, 6, 7, 8, 9, 10, 11, 12, 13, 
14, 16, 17, 18, 19, 20, 23, 24, 25, 26, 
27, 28, 30, 
Roll for 1
Combined Q: 
select for id 1
select move 36 with combinedQ 0.589066
select move
MC Move 36 
-1->47->42->44->15->35->4->33->21->22->0->5->29->1->36->
dummy mov 13 
-1->47->42->44->15->35->4->33->21->22->0->5->29->1->36->
Roll remain 21
after malloc
length remain 35

2, 3, 6, 7, 8, 9, 10, 11, 12, 13, 
14, 16, 17, 18, 19, 20, 23, 24, 25, 26, 
27, 
Roll for 36
Combined Q: 
select for id 36
select move 7 with combinedQ 0.957887
select move
MC Move 7 
-1->47->42->44->15->35->4->33->21->22->0->5->29->1->36->7->
dummy mov 12 
-1->47->42->44->15->35->4->33->21->22->0->5->29->1->36->7->
Roll remain 19
after malloc
length remain 34

2, 3, 6, 8, 9, 10, 11, 12, 13, 14, 
16, 17, 18, 19, 20, 23, 24, 25, 26, 
Roll for 7
Combined Q: 
select for id 7
select move 41 with combinedQ 0.589419
select move
MC Move 41 
-1->47->42->44->15->35->4->33->21->22->0->5->29->1->36->7->41->
dummy mov 24 
-1->47->42->44->15->35->4->33->21->22->0->5->29->1->36->7->41->
Roll remain 17
after malloc
length remain 33

2, 3, 6, 8, 9, 10, 11, 12, 13, 14, 
16, 17, 18, 19, 20, 23, 24, 
Roll for 41
Combined Q: 
select for id 41
select move 39 with combinedQ 0.992003
select move
MC Move 39 
-1->47->42->44->15->35->4->33->21->22->0->5->29->1->36->7->41->39->
dummy mov 18 
-1->47->42->44->15->35->4->33->21->22->0->5->29->1->36->7->41->39->
Roll remain 15
after malloc
length remain 32

2, 3, 6, 8, 9, 10, 11, 12, 13, 14, 
16, 17, 18, 19, 20, 
Roll for 39
Combined Q: 
select for id 39
select move 27 with combinedQ 0.779411
select move
MC Move 27 
-1->47->42->44->15->35->4->33->21->22->0->5->29->1->36->7->41->39->27->
dummy mov 17 
-1->47->42->44->15->35->4->33->21->22->0->5->29->1->36->7->41->39->27->
Roll remain 13
after malloc
length remain 31

2, 3, 6, 8, 9, 10, 11, 12, 13, 14, 
16, 17, 18, 
Roll for 27
Combined Q: 
select for id 27
select move 31 with combinedQ 0.826620
select move
MC Move 31 
-1->47->42->44->15->35->4->33->21->22->0->5->29->1->36->7->41->39->27->31->
dummy mov 11 
-1->47->42->44->15->35->4->33->21->22->0->5->29->1->36->7->41->39->27->31->
Roll remain 11
after malloc
length remain 30

2, 3, 6, 8, 9, 10, 11, 12, 13, 14, 
16, 
Roll for 31
Combined Q: 
select for id 31
select move 3 with combinedQ 0.991932
select move
MC Move 3 
-1->47->42->44->15->35->4->33->21->22->0->5->29->1->36->7->41->39->27->31->3->
dummy mov 12 
-1->47->42->44->15->35->4->33->21->22->0->5->29->1->36->7->41->39->27->31->3->
Roll remain 9
after malloc
length remain 29

2, 6, 8, 9, 10, 11, 12, 13, 14, 
Roll for 3
Combined Q: 
select for id 3
select move 37 with combinedQ 0.661254
select move
MC Move 37 
-1->47->42->44->15->35->4->33->21->22->0->5->29->1->36->7->41->39->27->31->3->37->
dummy mov 8 
-1->47->42->44->15->35->4->33->21->22->0->5->29->1->36->7->41->39->27->31->3->37->
Roll remain 7
after malloc
length remain 28

2, 6, 8, 9, 10, 11, 12, 
Roll for 37
Combined Q: 
select for id 37
select move 13 with combinedQ 0.597510
select move
MC Move 13 
-1->47->42->44->15->35->4->33->21->22->0->5->29->1->36->7->41->39->27->31->3->37->13->
dummy mov 8 
-1->47->42->44->15->35->4->33->21->22->0->5->29->1->36->7->41->39->27->31->3->37->13->
Roll remain 5
after malloc
length remain 27

2, 6, 8, 9, 10, 
Roll for 13
Combined Q: 
select for id 13
select move 9 with combinedQ 1.000000
select move
MC Move 9 
-1->47->42->44->15->35->4->33->21->22->0->5->29->1->36->7->41->39->27->31->3->37->13->9->
dummy mov 2 
-1->47->42->44->15->35->4->33->21->22->0->5->29->1->36->7->41->39->27->31->3->37->13->9->
Roll remain 3
after malloc
length remain 26

2, 6, 8, 
Roll for 9
Combined Q: 
select for id 9
select move 8 with combinedQ 1.000000
select move
MC Move 8 
-1->47->42->44->15->35->4->33->21->22->0->5->29->1->36->7->41->39->27->31->3->37->13->9->8->
dummy mov 2 
-1->47->42->44->15->35->4->33->21->22->0->5->29->1->36->7->41->39->27->31->3->37->13->9->8->
MC Move 2 
-1->47->42->44->15->35->4->33->21->22->0->5->29->1->36->7->41->39->27->31->3->37->13->9->8->
1	1	1	1	1	1	-1	-----------------
1	1	1	-1	1	-1	1	-----------------
-1	1	-1	-1	-1	-1	1	-----------------
1	1	1	-1	-1	-1	1	-----------------
1	1	-1	1	-1	1	-1	-----------------
1	1	1	-1	1	1	1	-----------------
1	1	1	-1	-1	1	-1	-----------------
win?  1
count 8
-1->
Roll remain 49
after malloc
length remain 49

0, 1, 2, 3, 4, 5, 6, 7, 8, 9, 
10, 11, 12, 13, 14, 15, 16, 17, 18, 19, 
20, 21, 22, 23, 24, 25, 26, 27, 28, 29, 
30, 31, 32, 33, 34, 35, 36, 37, 38, 39, 
40, 41, 42, 43, 44, 45, 46, 47, 48, 
Roll for -1
Combined Q: 
select for id -1
select move 47 with combinedQ 0.577567
select move
MC Move 47 
-1->47->
dummy mov 46 
-1->47->
Roll remain 47
after malloc
length remain 48

0, 1, 2, 3, 4, 5, 6, 7, 8, 9, 
10, 11, 12, 13, 14, 15, 16, 17, 18, 19, 
20, 21, 22, 23, 24, 25, 26, 27, 28, 29, 
30, 31, 32, 33, 34, 35, 36, 37, 38, 39, 
40, 41, 42, 43, 44, 45, 46, 
Roll for 47
Combined Q: 
select for id 47
select move 42 with combinedQ 0.739480
select move
MC Move 42 
-1->47->42->
dummy mov 43 
-1->47->42->
Roll remain 45
after malloc
length remain 47

0, 1, 2, 3, 4, 5, 6, 7, 8, 9, 
10, 11, 12, 13, 14, 15, 16, 17, 18, 19, 
20, 21, 22, 23, 24, 25, 26, 27, 28, 29, 
30, 31, 32, 33, 34, 35, 36, 37, 38, 39, 
40, 41, 43, 44, 45, 
Roll for 42
Combined Q: 
select for id 42
select move 44 with combinedQ 0.759259
select move
MC Move 44 
-1->47->42->44->
dummy mov 40 
-1->47->42->44->
Roll remain 43
after malloc
length remain 46

0, 1, 2, 3, 4, 5, 6, 7, 8, 9, 
10, 11, 12, 13, 14, 15, 16, 17, 18, 19, 
20, 21, 22, 23, 24, 25, 26, 27, 28, 29, 
30, 31, 32, 33, 34, 35, 36, 37, 38, 39, 
40, 41, 43, 
Roll for 44
Combined Q: 
select for id 44
select move 15 with combinedQ 0.733473
select move
MC Move 15 
-1->47->42->44->15->
dummy mov 16 
-1->47->42->44->15->
Roll remain 41
after malloc
length remain 45

0, 1, 2, 3, 4, 5, 6, 7, 8, 9, 
10, 11, 12, 13, 14, 16, 17, 18, 19, 20, 
21, 22, 23, 24, 25, 26, 27, 28, 29, 30, 
31, 32, 33, 34, 35, 36, 37, 38, 39, 40, 
41, 
Roll for 15
Combined Q: 
select for id 15
select move 39 with combinedQ 0.832911
select move
MC Move 39 
-1->47->42->44->15->39->
dummy mov 25 
-1->47->42->44->15->39->
Roll remain 39
after malloc
length remain 44

0, 1, 2, 3, 4, 5, 6, 7, 8, 9, 
10, 11, 12, 13, 14, 16, 17, 18, 19, 20, 
21, 22, 23, 24, 25, 26, 27, 28, 29, 30, 
31, 32, 33, 34, 35, 36, 37, 38, 40, 
Roll for 39
Combined Q: 
select for id 39
select move 4 with combinedQ 1.000000
select move
MC Move 4 
-1->47->42->44->15->39->4->
dummy mov 30 
-1->47->42->44->15->39->4->
Roll remain 37
after malloc
length remain 43

0, 1, 2, 3, 5, 6, 7, 8, 9, 10, 
11, 12, 13, 14, 16, 17, 18, 19, 20, 21, 
22, 23, 24, 25, 26, 27, 28, 29, 30, 31, 
32, 33, 34, 35, 36, 37, 38, 
Roll for 4
Combined Q: 
select for id 4
select move 21 with combinedQ 0.681649
select move
MC Move 21 
-1->47->42->44->15->39->4->21->
dummy mov 2 
-1->47->42->44->15->39->4->21->
Roll remain 35
after malloc
length remain 42

0, 1, 2, 3, 5, 6, 7, 8, 9, 10, 
11, 12, 13, 14, 16, 17, 18, 19, 20, 22, 
23, 24, 25, 26, 27, 28, 29, 30, 31, 32, 
33, 34, 35, 36, 37, 
Roll for 21
Combined Q: 
select for id 21
select move 22 with combinedQ 0.654440
select move
MC Move 22 
-1->47->42->44->15->39->4->21->22->
dummy mov 7 
-1->47->42->44->15->39->4->21->22->
Roll remain 33
after malloc
length remain 41

0, 1, 2, 3, 5, 6, 7, 8, 9, 10, 
11, 12, 13, 14, 16, 17, 18, 19, 20, 23, 
24, 25, 26, 27, 28, 29, 30, 31, 32, 33, 
34, 35, 36, 
Roll for 22
Combined Q: 
select for id 22
select move 0 with combinedQ 0.897090
select move
MC Move 0 
-1->47->42->44->15->39->4->21->22->0->
dummy mov 33 
-1->47->42->44->15->39->4->21->22->0->
Roll remain 31
after malloc
length remain 40

1, 2, 3, 5, 6, 7, 8, 9, 10, 11, 
12, 13, 14, 16, 17, 18, 19, 20, 23, 24, 
25, 26, 27, 28, 29, 30, 31, 32, 33, 34, 
35, 
Roll for 0
Combined Q: 
select for id 0
select move 41 with combinedQ 0.578285
select move
MC Move 41 
-1->47->42->44->15->39->4->21->22->0->41->
dummy mov 10 
-1->47->42->44->15->39->4->21->22->0->41->
Roll remain 29
after malloc
length remain 39

1, 2, 3, 5, 6, 7, 8, 9, 10, 11, 
12, 13, 14, 16, 17, 18, 19, 20, 23, 24, 
25, 26, 27, 28, 29, 30, 31, 32, 33, 
Roll for 41
Combined Q: 
select for id 41
select move 5 with combinedQ 1.000000
select move
MC Move 5 
-1->47->42->44->15->39->4->21->22->0->41->5->
dummy mov 19 
-1->47->42->44->15->39->4->21->22->0->41->5->
Roll remain 27
after malloc
length remain 38

1, 2, 3, 6, 7, 8, 9, 10, 11, 12, 
13, 14, 16, 17, 18, 19, 20, 23, 24, 25, 
26, 27, 28, 29, 30, 31, 32, 
Roll for 5
Combined Q: 
select for id 5
select move 29 with combinedQ 0.736149
select move
MC Move 29 
-1->47->42->44->15->39->4->21->22->0->41->5->29->
dummy mov 3 
-1->47->42->44->15->39->4->21->22->0->41->5->29->
Roll remain 25
after malloc
length remain 37

1, 2, 3, 6, 7, 8, 9, 10, 11, 12, 
13, 14, 16, 17, 18, 19, 20, 23, 24, 25, 
26, 27, 28, 30, 31, 
Roll for 29
Combined Q: 
select for id 29
select move 17 with combinedQ 0.991249
select move
MC Move 17 
-1->47->42->44->15->39->4->21->22->0->41->5->29->17->
dummy mov 14 
-1->47->42->44->15->39->4->21->22->0->41->5->29->17->
Roll remain 23
after malloc
length remain 36

1, 2, 3, 6, 7, 8, 9, 10, 11, 12, 
13, 14, 16, 18, 19, 20, 23, 24, 25, 26, 
27, 28, 30, 
Roll for 17
Combined Q: 
select for id 17
select move 1 with combinedQ 0.991225
select move
MC Move 1 
-1->47->42->44->15->39->4->21->22->0->41->5->29->17->1->
dummy mov 13 
-1->47->42->44->15->39->4->21->22->0->41->5->29->17->1->
Roll remain 21
after malloc
length remain 35

2, 3, 6, 7, 8, 9, 10, 11, 12, 13, 
14, 16, 18, 19, 20, 23, 24, 25, 26, 27, 
28, 
Roll for 1
Combined Q: 
select for id 1
select move 36 with combinedQ 0.732707
select move
MC Move 36 
-1->47->42->44->15->39->4->21->22->0->41->5->29->17->1->36->
dummy mov 11 
-1->47->42->44->15->39->4->21->22->0->41->5->29->17->1->36->
Roll remain 19
after malloc
length remain 34

2, 3, 6, 7, 8, 9, 10, 11, 12, 13, 
14, 16, 18, 19, 20, 23, 24, 25, 26, 
Roll for 36
Combined Q: 
select for id 36
select move 7 with combinedQ 0.957817
select move
MC Move 7 
-1->47->42->44->15->39->4->21->22->0->41->5->29->17->1->36->7->
dummy mov 25 
-1->47->42->44->15->39->4->21->22->0->41->5->29->17->1->36->7->
Roll remain 17
after malloc
length remain 33

2, 3, 6, 8, 9, 10, 11, 12, 13, 14, 
16, 18, 19, 20, 23, 24, 25, 
Roll for 7
Combined Q: 
select for id 7
select move 27 with combinedQ 0.619438
select move
MC Move 27 
-1->47->42->44->15->39->4->21->22->0->41->5->29->17->1->36->7->27->
dummy mov 19 
-1->47->42->44->15->39->4->21->22->0->41->5->29->17->1->36->7->27->
Roll remain 15
after malloc
length remain 32

2, 3, 6, 8, 9, 10, 11, 12, 13, 14, 
16, 18, 19, 20, 23, 
Roll for 27
Combined Q: 
select for id 27
select move 35 with combinedQ 0.991061
select move
MC Move 35 
-1->47->42->44->15->39->4->21->22->0->41->5->29->17->1->36->7->27->35->
dummy mov 18 
-1->47->42->44->15->39->4->21->22->0->41->5->29->17->1->36->7->27->35->
Roll remain 13
after malloc
length remain 31

2, 3, 6, 8, 9, 10, 11, 12, 13, 14, 
16, 18, 19, 
Roll for 35
Combined Q: 
select for id 35
select move 32 with combinedQ 0.991031
select move
MC Move 32 
-1->47->42->44->15->39->4->21->22->0->41->5->29->17->1->36->7->27->35->32->
dummy mov 11 
-1->47->42->44->15->39->4->21->22->0->41->5->29->17->1->36->7->27->35->32->
Roll remain 11
after malloc
length remain 30

2, 3, 6, 8, 9, 10, 11, 12, 13, 14, 
16, 
Roll for 32
Combined Q: 
select for id 32
select move 3 with combinedQ 0.991020
select move
MC Move 3 
-1->47->42->44->15->39->4->21->22->0->41->5->29->17->1->36->7->27->35->32->3->
dummy mov 12 
-1->47->42->44->15->39->4->21->22->0->41->5->29->17->1->36->7->27->35->32->3->
Roll remain 9
after malloc
length remain 29

2, 6, 8, 9, 10, 11, 12, 13, 14, 
Roll for 3
Combined Q: 
select for id 3
select move 33 with combinedQ 0.720585
select move
MC Move 33 
-1->47->42->44->15->39->4->21->22->0->41->5->29->17->1->36->7->27->35->32->3->33->
dummy mov 8 
-1->47->42->44->15->39->4->21->22->0->41->5->29->17->1->36->7->27->35->32->3->33->
Roll remain 7
after malloc
length remain 28

2, 6, 8, 9, 10, 11, 12, 
Roll for 33
Combined Q: 
select for id 33
select move 9 with combinedQ 0.640778
select move
MC Move 9 
-1->47->42->44->15->39->4->21->22->0->41->5->29->17->1->36->7->27->35->32->3->33->9->
dummy mov 8 
-1->47->42->44->15->39->4->21->22->0->41->5->29->17->1->36->7->27->35->32->3->33->9->
Roll remain 5
after malloc
length remain 27

2, 6, 8, 10, 11, 
Roll for 9
Combined Q: 
select for id 9
select move 8 with combinedQ 1.000000
select move
MC Move 8 
-1->47->42->44->15->39->4->21->22->0->41->5->29->17->1->36->7->27->35->32->3->33->9->8->
dummy mov 2 
-1->47->42->44->15->39->4->21->22->0->41->5->29->17->1->36->7->27->35->32->3->33->9->8->
Roll remain 3
after malloc
length remain 26

2, 6, 10, 
Roll for 8
Combined Q: 
select for id 8
select move 2 with combinedQ 0.858442
select move
MC Move 2 
-1->47->42->44->15->39->4->21->22->0->41->5->29->17->1->36->7->27->35->32->3->33->9->8->2->
dummy mov 6 
-1->47->42->44->15->39->4->21->22->0->41->5->29->17->1->36->7->27->35->32->3->33->9->8->2->
MC Move 6 
-1->47->42->44->15->39->4->21->22->0->41->5->29->17->1->36->7->27->35->32->3->33->9->8->2->
1	1	1	1	1	1	-1	-----------------
1	1	1	-1	-1	-1	1	-----------------
-1	1	-1	1	-1	-1	-1	-----------------
1	1	1	1	-1	-1	1	-----------------
-1	1	-1	-1	1	1	-1	-----------------
1	1	-1	-1	1	1	1	-----------------
1	1	1	-1	-1	1	-1	-----------------
win?  1
count 10



0, 0, 1, 2, 2, 3, 3, 3, 4, 5, 
